{"/Users/garrettflynn/Documents/Github/graphscript/examples/graph/operations.ts": {"path":"/Users/garrettflynn/Documents/Github/graphscript/examples/graph/operations.ts","all":false,"statementMap":{"0":{"start":{"line":1,"column":0},"end":{"line":1,"column":0}},"1":{"start":{"line":2,"column":0},"end":{"line":2,"column":56}},"2":{"start":{"line":3,"column":0},"end":{"line":3,"column":26}},"3":{"start":{"line":4,"column":0},"end":{"line":4,"column":0}},"4":{"start":{"line":5,"column":0},"end":{"line":5,"column":63}},"5":{"start":{"line":6,"column":0},"end":{"line":6,"column":59}},"6":{"start":{"line":7,"column":0},"end":{"line":7,"column":53}},"7":{"start":{"line":8,"column":0},"end":{"line":8,"column":0}},"8":{"start":{"line":9,"column":0},"end":{"line":9,"column":19}},"9":{"start":{"line":10,"column":0},"end":{"line":10,"column":15}},"10":{"start":{"line":11,"column":0},"end":{"line":11,"column":19}},"11":{"start":{"line":12,"column":0},"end":{"line":12,"column":14}},"12":{"start":{"line":13,"column":0},"end":{"line":13,"column":0}},"13":{"start":{"line":14,"column":0},"end":{"line":14,"column":17}},"14":{"start":{"line":15,"column":0},"end":{"line":15,"column":23}},"15":{"start":{"line":16,"column":0},"end":{"line":16,"column":18}},"16":{"start":{"line":17,"column":0},"end":{"line":17,"column":22}},"17":{"start":{"line":18,"column":0},"end":{"line":18,"column":1}},"18":{"start":{"line":19,"column":0},"end":{"line":19,"column":0}},"19":{"start":{"line":20,"column":0},"end":{"line":20,"column":37}},"20":{"start":{"line":21,"column":0},"end":{"line":21,"column":0}},"21":{"start":{"line":22,"column":0},"end":{"line":22,"column":28}},"22":{"start":{"line":23,"column":0},"end":{"line":23,"column":0}},"23":{"start":{"line":24,"column":0},"end":{"line":24,"column":21}},"24":{"start":{"line":25,"column":0},"end":{"line":25,"column":26}},"25":{"start":{"line":26,"column":0},"end":{"line":26,"column":12}},"26":{"start":{"line":27,"column":0},"end":{"line":27,"column":0}},"27":{"start":{"line":28,"column":0},"end":{"line":28,"column":43}},"28":{"start":{"line":29,"column":0},"end":{"line":29,"column":0}},"29":{"start":{"line":30,"column":0},"end":{"line":30,"column":24}},"30":{"start":{"line":31,"column":0},"end":{"line":31,"column":19}},"31":{"start":{"line":32,"column":0},"end":{"line":32,"column":52}},"32":{"start":{"line":33,"column":0},"end":{"line":33,"column":36}},"33":{"start":{"line":34,"column":0},"end":{"line":34,"column":34}},"34":{"start":{"line":35,"column":0},"end":{"line":35,"column":61}},"35":{"start":{"line":36,"column":0},"end":{"line":36,"column":33}},"36":{"start":{"line":37,"column":0},"end":{"line":37,"column":54}},"37":{"start":{"line":38,"column":0},"end":{"line":38,"column":5}},"38":{"start":{"line":39,"column":0},"end":{"line":39,"column":0}},"39":{"start":{"line":40,"column":0},"end":{"line":40,"column":25}},"40":{"start":{"line":41,"column":0},"end":{"line":41,"column":39}},"41":{"start":{"line":42,"column":0},"end":{"line":42,"column":0}},"42":{"start":{"line":43,"column":0},"end":{"line":43,"column":29}},"43":{"start":{"line":44,"column":0},"end":{"line":44,"column":21}},"44":{"start":{"line":45,"column":0},"end":{"line":45,"column":16}},"45":{"start":{"line":46,"column":0},"end":{"line":46,"column":7}},"46":{"start":{"line":47,"column":0},"end":{"line":47,"column":0}},"47":{"start":{"line":48,"column":0},"end":{"line":48,"column":38}},"48":{"start":{"line":49,"column":0},"end":{"line":49,"column":0}},"49":{"start":{"line":50,"column":0},"end":{"line":50,"column":37}},"50":{"start":{"line":51,"column":0},"end":{"line":51,"column":29}},"51":{"start":{"line":52,"column":0},"end":{"line":52,"column":42}},"52":{"start":{"line":53,"column":0},"end":{"line":53,"column":6}},"53":{"start":{"line":54,"column":0},"end":{"line":54,"column":0}},"54":{"start":{"line":55,"column":0},"end":{"line":55,"column":48}},"55":{"start":{"line":56,"column":0},"end":{"line":56,"column":33}},"56":{"start":{"line":57,"column":0},"end":{"line":57,"column":25}},"57":{"start":{"line":58,"column":0},"end":{"line":58,"column":0}},"58":{"start":{"line":59,"column":0},"end":{"line":59,"column":17}},"59":{"start":{"line":60,"column":0},"end":{"line":60,"column":1}},"60":{"start":{"line":61,"column":0},"end":{"line":61,"column":0}},"61":{"start":{"line":62,"column":0},"end":{"line":62,"column":27}},"62":{"start":{"line":63,"column":0},"end":{"line":63,"column":40}},"63":{"start":{"line":64,"column":0},"end":{"line":64,"column":1}},"64":{"start":{"line":65,"column":0},"end":{"line":65,"column":0}},"65":{"start":{"line":66,"column":0},"end":{"line":66,"column":27}},"66":{"start":{"line":67,"column":0},"end":{"line":67,"column":5}},"67":{"start":{"line":68,"column":0},"end":{"line":68,"column":35}},"68":{"start":{"line":69,"column":0},"end":{"line":69,"column":50}},"69":{"start":{"line":70,"column":0},"end":{"line":70,"column":6}},"70":{"start":{"line":71,"column":0},"end":{"line":71,"column":5}},"71":{"start":{"line":72,"column":0},"end":{"line":72,"column":36}},"72":{"start":{"line":73,"column":0},"end":{"line":73,"column":25}},"73":{"start":{"line":74,"column":0},"end":{"line":74,"column":83}},"74":{"start":{"line":75,"column":0},"end":{"line":75,"column":43}},"75":{"start":{"line":76,"column":0},"end":{"line":76,"column":9}},"76":{"start":{"line":77,"column":0},"end":{"line":77,"column":6}},"77":{"start":{"line":78,"column":0},"end":{"line":78,"column":5}},"78":{"start":{"line":79,"column":0},"end":{"line":79,"column":41}},"79":{"start":{"line":80,"column":0},"end":{"line":80,"column":25}},"80":{"start":{"line":81,"column":0},"end":{"line":81,"column":53}},"81":{"start":{"line":82,"column":0},"end":{"line":82,"column":37}},"82":{"start":{"line":83,"column":0},"end":{"line":83,"column":27}},"83":{"start":{"line":84,"column":0},"end":{"line":84,"column":9}},"84":{"start":{"line":85,"column":0},"end":{"line":85,"column":6}},"85":{"start":{"line":86,"column":0},"end":{"line":86,"column":5}},"86":{"start":{"line":87,"column":0},"end":{"line":87,"column":42}},"87":{"start":{"line":88,"column":0},"end":{"line":88,"column":25}},"88":{"start":{"line":89,"column":0},"end":{"line":89,"column":53}},"89":{"start":{"line":90,"column":0},"end":{"line":90,"column":64}},"90":{"start":{"line":91,"column":0},"end":{"line":91,"column":27}},"91":{"start":{"line":92,"column":0},"end":{"line":92,"column":9}},"92":{"start":{"line":93,"column":0},"end":{"line":93,"column":6}},"93":{"start":{"line":94,"column":0},"end":{"line":94,"column":5}},"94":{"start":{"line":95,"column":0},"end":{"line":95,"column":44}},"95":{"start":{"line":96,"column":0},"end":{"line":96,"column":91}},"96":{"start":{"line":97,"column":0},"end":{"line":97,"column":6}},"97":{"start":{"line":98,"column":0},"end":{"line":98,"column":5}},"98":{"start":{"line":99,"column":0},"end":{"line":99,"column":48}},"99":{"start":{"line":100,"column":0},"end":{"line":100,"column":25}},"100":{"start":{"line":101,"column":0},"end":{"line":101,"column":58}},"101":{"start":{"line":102,"column":0},"end":{"line":102,"column":25}},"102":{"start":{"line":103,"column":0},"end":{"line":103,"column":27}},"103":{"start":{"line":104,"column":0},"end":{"line":104,"column":9}},"104":{"start":{"line":105,"column":0},"end":{"line":105,"column":6}},"105":{"start":{"line":106,"column":0},"end":{"line":106,"column":5}},"106":{"start":{"line":107,"column":0},"end":{"line":107,"column":42}},"107":{"start":{"line":108,"column":0},"end":{"line":108,"column":25}},"108":{"start":{"line":109,"column":0},"end":{"line":109,"column":53}},"109":{"start":{"line":110,"column":0},"end":{"line":110,"column":64}},"110":{"start":{"line":111,"column":0},"end":{"line":111,"column":9}},"111":{"start":{"line":112,"column":0},"end":{"line":112,"column":6}},"112":{"start":{"line":113,"column":0},"end":{"line":113,"column":5}},"113":{"start":{"line":114,"column":0},"end":{"line":114,"column":40}},"114":{"start":{"line":115,"column":0},"end":{"line":115,"column":62}},"115":{"start":{"line":116,"column":0},"end":{"line":116,"column":6}},"116":{"start":{"line":117,"column":0},"end":{"line":117,"column":0}},"117":{"start":{"line":118,"column":0},"end":{"line":118,"column":0}},"118":{"start":{"line":119,"column":0},"end":{"line":119,"column":36}},"119":{"start":{"line":120,"column":0},"end":{"line":120,"column":5}},"120":{"start":{"line":121,"column":0},"end":{"line":121,"column":37}},"121":{"start":{"line":122,"column":0},"end":{"line":122,"column":25}},"122":{"start":{"line":123,"column":0},"end":{"line":123,"column":74}},"123":{"start":{"line":124,"column":0},"end":{"line":124,"column":34}},"124":{"start":{"line":125,"column":0},"end":{"line":125,"column":9}},"125":{"start":{"line":126,"column":0},"end":{"line":126,"column":6}},"126":{"start":{"line":127,"column":0},"end":{"line":127,"column":5}},"127":{"start":{"line":128,"column":0},"end":{"line":128,"column":33}},"128":{"start":{"line":129,"column":0},"end":{"line":129,"column":25}},"129":{"start":{"line":130,"column":0},"end":{"line":130,"column":59}},"130":{"start":{"line":131,"column":0},"end":{"line":131,"column":60}},"131":{"start":{"line":132,"column":0},"end":{"line":132,"column":34}},"132":{"start":{"line":133,"column":0},"end":{"line":133,"column":9}},"133":{"start":{"line":134,"column":0},"end":{"line":134,"column":6}},"134":{"start":{"line":135,"column":0},"end":{"line":135,"column":5}},"135":{"start":{"line":136,"column":0},"end":{"line":136,"column":42}},"136":{"start":{"line":137,"column":0},"end":{"line":137,"column":25}},"137":{"start":{"line":138,"column":0},"end":{"line":138,"column":53}},"138":{"start":{"line":139,"column":0},"end":{"line":139,"column":68}},"139":{"start":{"line":140,"column":0},"end":{"line":140,"column":9}},"140":{"start":{"line":141,"column":0},"end":{"line":141,"column":6}},"141":{"start":{"line":142,"column":0},"end":{"line":142,"column":5}},"142":{"start":{"line":143,"column":0},"end":{"line":143,"column":45}},"143":{"start":{"line":144,"column":0},"end":{"line":144,"column":25}},"144":{"start":{"line":145,"column":0},"end":{"line":145,"column":84}},"145":{"start":{"line":146,"column":0},"end":{"line":146,"column":106}},"146":{"start":{"line":147,"column":0},"end":{"line":147,"column":33}},"147":{"start":{"line":148,"column":0},"end":{"line":148,"column":9}},"148":{"start":{"line":149,"column":0},"end":{"line":149,"column":6}},"149":{"start":{"line":150,"column":0},"end":{"line":150,"column":5}},"150":{"start":{"line":151,"column":0},"end":{"line":151,"column":30}},"151":{"start":{"line":152,"column":0},"end":{"line":152,"column":25}},"152":{"start":{"line":153,"column":0},"end":{"line":153,"column":87}},"153":{"start":{"line":154,"column":0},"end":{"line":154,"column":36}},"154":{"start":{"line":155,"column":0},"end":{"line":155,"column":9}},"155":{"start":{"line":156,"column":0},"end":{"line":156,"column":6}},"156":{"start":{"line":157,"column":0},"end":{"line":157,"column":5}},"157":{"start":{"line":158,"column":0},"end":{"line":158,"column":54}},"158":{"start":{"line":159,"column":0},"end":{"line":159,"column":25}},"159":{"start":{"line":160,"column":0},"end":{"line":160,"column":61}},"160":{"start":{"line":161,"column":0},"end":{"line":161,"column":40}},"161":{"start":{"line":162,"column":0},"end":{"line":162,"column":9}},"162":{"start":{"line":163,"column":0},"end":{"line":163,"column":6}},"163":{"start":{"line":164,"column":0},"end":{"line":164,"column":5}},"164":{"start":{"line":165,"column":0},"end":{"line":165,"column":42}},"165":{"start":{"line":166,"column":0},"end":{"line":166,"column":120}},"166":{"start":{"line":167,"column":0},"end":{"line":167,"column":6}},"167":{"start":{"line":168,"column":0},"end":{"line":168,"column":5}},"168":{"start":{"line":169,"column":0},"end":{"line":169,"column":49}},"169":{"start":{"line":170,"column":0},"end":{"line":170,"column":25}},"170":{"start":{"line":171,"column":0},"end":{"line":171,"column":45}},"171":{"start":{"line":172,"column":0},"end":{"line":172,"column":32}},"172":{"start":{"line":173,"column":0},"end":{"line":173,"column":40}},"173":{"start":{"line":174,"column":0},"end":{"line":174,"column":34}},"174":{"start":{"line":175,"column":0},"end":{"line":175,"column":25}},"175":{"start":{"line":176,"column":0},"end":{"line":176,"column":14}},"176":{"start":{"line":177,"column":0},"end":{"line":177,"column":9}},"177":{"start":{"line":178,"column":0},"end":{"line":178,"column":5}},"178":{"start":{"line":179,"column":0},"end":{"line":179,"column":1}},"179":{"start":{"line":180,"column":0},"end":{"line":180,"column":0}},"180":{"start":{"line":181,"column":0},"end":{"line":181,"column":0}},"181":{"start":{"line":182,"column":0},"end":{"line":182,"column":25}}},"s":{"0":1,"1":1,"2":1,"3":1,"4":1,"5":1,"6":1,"7":1,"8":1,"9":1,"10":1,"11":1,"12":1,"13":1,"14":1,"15":1,"16":1,"17":1,"18":1,"19":1,"20":1,"21":1,"22":1,"23":1,"24":1,"25":1,"26":1,"27":1,"28":1,"29":1,"30":1,"31":1,"32":1,"33":6,"34":6,"35":6,"36":1,"37":1,"38":1,"39":1,"40":1,"41":1,"42":1,"43":1,"44":1,"45":1,"46":1,"47":1,"48":1,"49":1,"50":6,"51":6,"52":1,"53":1,"54":1,"55":1,"56":1,"57":1,"58":1,"59":1,"60":1,"61":1,"62":1,"63":1,"64":1,"65":1,"66":1,"67":1,"68":1,"69":1,"70":1,"71":1,"72":1,"73":1,"74":1,"75":1,"76":1,"77":1,"78":1,"79":1,"80":1,"81":1,"82":1,"83":1,"84":1,"85":1,"86":1,"87":1,"88":1,"89":1,"90":1,"91":1,"92":1,"93":1,"94":1,"95":1,"96":1,"97":1,"98":1,"99":1,"100":1,"101":1,"102":1,"103":1,"104":1,"105":1,"106":1,"107":1,"108":1,"109":1,"110":1,"111":1,"112":1,"113":1,"114":1,"115":1,"116":1,"117":1,"118":1,"119":1,"120":1,"121":1,"122":0,"123":0,"124":0,"125":1,"126":1,"127":1,"128":1,"129":0,"130":0,"131":0,"132":0,"133":1,"134":1,"135":1,"136":1,"137":0,"138":0,"139":0,"140":1,"141":1,"142":1,"143":1,"144":0,"145":0,"146":0,"147":0,"148":1,"149":1,"150":1,"151":1,"152":0,"153":0,"154":0,"155":1,"156":1,"157":1,"158":1,"159":0,"160":0,"161":0,"162":1,"163":1,"164":1,"165":1,"166":1,"167":1,"168":1,"169":1,"170":0,"171":0,"172":0,"173":0,"174":0,"175":0,"176":0,"177":1,"178":1,"179":1,"180":1,"181":1},"branchMap":{"0":{"type":"branch","line":22,"loc":{"start":{"line":22,"column":21},"end":{"line":60,"column":1}},"locations":[{"start":{"line":22,"column":21},"end":{"line":60,"column":1}}]},"1":{"type":"branch","line":28,"loc":{"start":{"line":28,"column":17},"end":{"line":28,"column":43}},"locations":[{"start":{"line":28,"column":17},"end":{"line":28,"column":43}}]},"2":{"type":"branch","line":33,"loc":{"start":{"line":33,"column":13},"end":{"line":37,"column":9}},"locations":[{"start":{"line":33,"column":13},"end":{"line":37,"column":9}}]},"3":{"type":"branch","line":35,"loc":{"start":{"line":35,"column":30},"end":{"line":35,"column":53}},"locations":[{"start":{"line":35,"column":30},"end":{"line":35,"column":53}}]},"4":{"type":"branch","line":35,"loc":{"start":{"line":35,"column":54},"end":{"line":35,"column":60}},"locations":[{"start":{"line":35,"column":54},"end":{"line":35,"column":60}}]},"5":{"type":"branch","line":50,"loc":{"start":{"line":50,"column":31},"end":{"line":53,"column":5}},"locations":[{"start":{"line":50,"column":31},"end":{"line":53,"column":5}}]},"6":{"type":"branch","line":62,"loc":{"start":{"line":62,"column":20},"end":{"line":64,"column":1}},"locations":[{"start":{"line":62,"column":20},"end":{"line":64,"column":1}}]},"7":{"type":"branch","line":69,"loc":{"start":{"line":69,"column":18},"end":{"line":69,"column":50}},"locations":[{"start":{"line":69,"column":18},"end":{"line":69,"column":50}}]},"8":{"type":"branch","line":73,"loc":{"start":{"line":73,"column":18},"end":{"line":76,"column":9}},"locations":[{"start":{"line":73,"column":18},"end":{"line":76,"column":9}}]},"9":{"type":"branch","line":80,"loc":{"start":{"line":80,"column":18},"end":{"line":84,"column":9}},"locations":[{"start":{"line":80,"column":18},"end":{"line":84,"column":9}}]},"10":{"type":"branch","line":88,"loc":{"start":{"line":88,"column":18},"end":{"line":92,"column":9}},"locations":[{"start":{"line":88,"column":18},"end":{"line":92,"column":9}}]},"11":{"type":"branch","line":96,"loc":{"start":{"line":96,"column":18},"end":{"line":96,"column":59}},"locations":[{"start":{"line":96,"column":18},"end":{"line":96,"column":59}}]},"12":{"type":"branch","line":100,"loc":{"start":{"line":100,"column":18},"end":{"line":104,"column":9}},"locations":[{"start":{"line":100,"column":18},"end":{"line":104,"column":9}}]},"13":{"type":"branch","line":108,"loc":{"start":{"line":108,"column":18},"end":{"line":111,"column":9}},"locations":[{"start":{"line":108,"column":18},"end":{"line":111,"column":9}}]},"14":{"type":"branch","line":115,"loc":{"start":{"line":115,"column":18},"end":{"line":115,"column":55}},"locations":[{"start":{"line":115,"column":18},"end":{"line":115,"column":55}}]}},"b":{"0":[1],"1":[0],"2":[6],"3":[5],"4":[1],"5":[6],"6":[1],"7":[1],"8":[1],"9":[1],"10":[1],"11":[1],"12":[1],"13":[1],"14":[1]},"fnMap":{"0":{"name":"start","decl":{"start":{"line":22,"column":21},"end":{"line":60,"column":1}},"loc":{"start":{"line":22,"column":21},"end":{"line":60,"column":1}},"line":22},"1":{"name":"get","decl":{"start":{"line":33,"column":13},"end":{"line":37,"column":9}},"loc":{"start":{"line":33,"column":13},"end":{"line":37,"column":9}},"line":33},"2":{"name":"stop","decl":{"start":{"line":62,"column":20},"end":{"line":64,"column":1}},"loc":{"start":{"line":62,"column":20},"end":{"line":64,"column":1}},"line":62},"3":{"name":"function","decl":{"start":{"line":69,"column":18},"end":{"line":69,"column":50}},"loc":{"start":{"line":69,"column":18},"end":{"line":69,"column":50}},"line":69},"4":{"name":"function","decl":{"start":{"line":73,"column":18},"end":{"line":76,"column":9}},"loc":{"start":{"line":73,"column":18},"end":{"line":76,"column":9}},"line":73},"5":{"name":"function","decl":{"start":{"line":80,"column":18},"end":{"line":84,"column":9}},"loc":{"start":{"line":80,"column":18},"end":{"line":84,"column":9}},"line":80},"6":{"name":"function","decl":{"start":{"line":88,"column":18},"end":{"line":92,"column":9}},"loc":{"start":{"line":88,"column":18},"end":{"line":92,"column":9}},"line":88},"7":{"name":"function","decl":{"start":{"line":96,"column":18},"end":{"line":96,"column":59}},"loc":{"start":{"line":96,"column":18},"end":{"line":96,"column":59}},"line":96},"8":{"name":"function","decl":{"start":{"line":100,"column":18},"end":{"line":104,"column":9}},"loc":{"start":{"line":100,"column":18},"end":{"line":104,"column":9}},"line":100},"9":{"name":"function","decl":{"start":{"line":108,"column":18},"end":{"line":111,"column":9}},"loc":{"start":{"line":108,"column":18},"end":{"line":111,"column":9}},"line":108},"10":{"name":"function","decl":{"start":{"line":115,"column":18},"end":{"line":115,"column":55}},"loc":{"start":{"line":115,"column":18},"end":{"line":115,"column":55}},"line":115},"11":{"name":"function","decl":{"start":{"line":122,"column":18},"end":{"line":125,"column":9}},"loc":{"start":{"line":122,"column":18},"end":{"line":125,"column":9}},"line":122},"12":{"name":"function","decl":{"start":{"line":129,"column":18},"end":{"line":133,"column":9}},"loc":{"start":{"line":129,"column":18},"end":{"line":133,"column":9}},"line":129},"13":{"name":"function","decl":{"start":{"line":137,"column":18},"end":{"line":140,"column":9}},"loc":{"start":{"line":137,"column":18},"end":{"line":140,"column":9}},"line":137},"14":{"name":"function","decl":{"start":{"line":144,"column":18},"end":{"line":148,"column":9}},"loc":{"start":{"line":144,"column":18},"end":{"line":148,"column":9}},"line":144},"15":{"name":"function","decl":{"start":{"line":152,"column":18},"end":{"line":155,"column":9}},"loc":{"start":{"line":152,"column":18},"end":{"line":155,"column":9}},"line":152},"16":{"name":"function","decl":{"start":{"line":159,"column":18},"end":{"line":162,"column":9}},"loc":{"start":{"line":159,"column":18},"end":{"line":162,"column":9}},"line":159},"17":{"name":"function","decl":{"start":{"line":166,"column":18},"end":{"line":166,"column":57}},"loc":{"start":{"line":166,"column":18},"end":{"line":166,"column":57}},"line":166},"18":{"name":"function","decl":{"start":{"line":170,"column":18},"end":{"line":177,"column":9}},"loc":{"start":{"line":170,"column":18},"end":{"line":177,"column":9}},"line":170}},"f":{"0":1,"1":6,"2":1,"3":1,"4":1,"5":1,"6":1,"7":1,"8":1,"9":1,"10":1,"11":0,"12":0,"13":0,"14":0,"15":0,"16":0,"17":0,"18":0}}
,"/Users/garrettflynn/Documents/Github/graphscript/examples/graph/tree.js": {"path":"/Users/garrettflynn/Documents/Github/graphscript/examples/graph/tree.js","all":false,"statementMap":{"0":{"start":{"line":1,"column":0},"end":{"line":1,"column":41}},"1":{"start":{"line":2,"column":0},"end":{"line":2,"column":53}},"2":{"start":{"line":3,"column":0},"end":{"line":3,"column":0}},"3":{"start":{"line":4,"column":0},"end":{"line":4,"column":94}},"4":{"start":{"line":5,"column":0},"end":{"line":5,"column":24}},"5":{"start":{"line":6,"column":0},"end":{"line":6,"column":54}},"6":{"start":{"line":7,"column":0},"end":{"line":7,"column":24}},"7":{"start":{"line":8,"column":0},"end":{"line":8,"column":19}},"8":{"start":{"line":9,"column":0},"end":{"line":9,"column":5}},"9":{"start":{"line":10,"column":0},"end":{"line":10,"column":1}},"10":{"start":{"line":11,"column":0},"end":{"line":11,"column":0}},"11":{"start":{"line":12,"column":0},"end":{"line":12,"column":12}},"12":{"start":{"line":13,"column":0},"end":{"line":13,"column":0}},"13":{"start":{"line":14,"column":0},"end":{"line":14,"column":61}},"14":{"start":{"line":15,"column":0},"end":{"line":15,"column":0}},"15":{"start":{"line":16,"column":0},"end":{"line":16,"column":11}},"16":{"start":{"line":17,"column":0},"end":{"line":17,"column":12}},"17":{"start":{"line":18,"column":0},"end":{"line":18,"column":12}},"18":{"start":{"line":19,"column":0},"end":{"line":19,"column":20}},"19":{"start":{"line":20,"column":0},"end":{"line":20,"column":23}},"20":{"start":{"line":21,"column":0},"end":{"line":21,"column":24}},"21":{"start":{"line":22,"column":0},"end":{"line":22,"column":38}},"22":{"start":{"line":23,"column":0},"end":{"line":23,"column":48}},"23":{"start":{"line":24,"column":0},"end":{"line":24,"column":44}},"24":{"start":{"line":25,"column":0},"end":{"line":25,"column":22}},"25":{"start":{"line":26,"column":0},"end":{"line":26,"column":45}},"26":{"start":{"line":27,"column":0},"end":{"line":27,"column":37}},"27":{"start":{"line":28,"column":0},"end":{"line":28,"column":79}},"28":{"start":{"line":29,"column":0},"end":{"line":29,"column":40}},"29":{"start":{"line":30,"column":0},"end":{"line":30,"column":39}},"30":{"start":{"line":31,"column":0},"end":{"line":31,"column":22}},"31":{"start":{"line":32,"column":0},"end":{"line":32,"column":33}},"32":{"start":{"line":33,"column":0},"end":{"line":33,"column":51}},"33":{"start":{"line":34,"column":0},"end":{"line":34,"column":82}},"34":{"start":{"line":35,"column":0},"end":{"line":35,"column":44}},"35":{"start":{"line":36,"column":0},"end":{"line":36,"column":66}},"36":{"start":{"line":37,"column":0},"end":{"line":37,"column":26}},"37":{"start":{"line":38,"column":0},"end":{"line":38,"column":54}},"38":{"start":{"line":39,"column":0},"end":{"line":39,"column":68}},"39":{"start":{"line":40,"column":0},"end":{"line":40,"column":44}},"40":{"start":{"line":41,"column":0},"end":{"line":41,"column":69}},"41":{"start":{"line":42,"column":0},"end":{"line":42,"column":25}},"42":{"start":{"line":43,"column":0},"end":{"line":43,"column":21}},"43":{"start":{"line":44,"column":0},"end":{"line":44,"column":17}},"44":{"start":{"line":45,"column":0},"end":{"line":45,"column":13}},"45":{"start":{"line":46,"column":0},"end":{"line":46,"column":8}},"46":{"start":{"line":47,"column":0},"end":{"line":47,"column":6}},"47":{"start":{"line":48,"column":0},"end":{"line":48,"column":0}},"48":{"start":{"line":49,"column":0},"end":{"line":49,"column":138}},"49":{"start":{"line":50,"column":0},"end":{"line":50,"column":0}},"50":{"start":{"line":51,"column":0},"end":{"line":51,"column":0}},"51":{"start":{"line":52,"column":0},"end":{"line":52,"column":11}},"52":{"start":{"line":53,"column":0},"end":{"line":53,"column":31}},"53":{"start":{"line":54,"column":0},"end":{"line":54,"column":36}},"54":{"start":{"line":55,"column":0},"end":{"line":55,"column":28}},"55":{"start":{"line":56,"column":0},"end":{"line":56,"column":24}},"56":{"start":{"line":57,"column":0},"end":{"line":57,"column":10}},"57":{"start":{"line":58,"column":0},"end":{"line":58,"column":16}},"58":{"start":{"line":59,"column":0},"end":{"line":59,"column":22}},"59":{"start":{"line":60,"column":0},"end":{"line":60,"column":24}},"60":{"start":{"line":61,"column":0},"end":{"line":61,"column":9}},"61":{"start":{"line":62,"column":0},"end":{"line":62,"column":6}},"62":{"start":{"line":63,"column":0},"end":{"line":63,"column":0}},"63":{"start":{"line":64,"column":0},"end":{"line":64,"column":20}},"64":{"start":{"line":65,"column":0},"end":{"line":65,"column":0}},"65":{"start":{"line":66,"column":0},"end":{"line":66,"column":2}},"66":{"start":{"line":67,"column":0},"end":{"line":67,"column":0}},"67":{"start":{"line":68,"column":0},"end":{"line":68,"column":0}},"68":{"start":{"line":69,"column":0},"end":{"line":69,"column":14}},"69":{"start":{"line":70,"column":0},"end":{"line":70,"column":18}},"70":{"start":{"line":71,"column":0},"end":{"line":71,"column":172}},"71":{"start":{"line":72,"column":0},"end":{"line":72,"column":40}},"72":{"start":{"line":73,"column":0},"end":{"line":73,"column":36}},"73":{"start":{"line":74,"column":0},"end":{"line":74,"column":50}},"74":{"start":{"line":75,"column":0},"end":{"line":75,"column":56}},"75":{"start":{"line":76,"column":0},"end":{"line":76,"column":46}},"76":{"start":{"line":77,"column":0},"end":{"line":77,"column":10}},"77":{"start":{"line":78,"column":0},"end":{"line":78,"column":41}},"78":{"start":{"line":79,"column":0},"end":{"line":79,"column":52}},"79":{"start":{"line":80,"column":0},"end":{"line":80,"column":9}},"80":{"start":{"line":81,"column":0},"end":{"line":81,"column":8}},"81":{"start":{"line":82,"column":0},"end":{"line":82,"column":5}},"82":{"start":{"line":83,"column":0},"end":{"line":83,"column":1}},"83":{"start":{"line":84,"column":0},"end":{"line":84,"column":0}},"84":{"start":{"line":85,"column":0},"end":{"line":85,"column":19}}},"s":{"0":1,"1":1,"2":1,"3":1,"4":1,"5":1,"6":1,"7":1,"8":1,"9":1,"10":1,"11":1,"12":1,"13":1,"14":1,"15":1,"16":1,"17":1,"18":1,"19":1,"20":1,"21":1,"22":1,"23":1,"24":1,"25":1,"26":1,"27":1,"28":1,"29":1,"30":1,"31":1,"32":1,"33":2,"34":2,"35":2,"36":1,"37":1,"38":4,"39":4,"40":4,"41":4,"42":1,"43":1,"44":1,"45":1,"46":1,"47":1,"48":1,"49":1,"50":1,"51":1,"52":1,"53":1,"54":1,"55":1,"56":1,"57":1,"58":1,"59":1,"60":1,"61":1,"62":1,"63":1,"64":1,"65":1,"66":1,"67":1,"68":1,"69":0,"70":0,"71":0,"72":0,"73":0,"74":0,"75":0,"76":0,"77":0,"78":0,"79":0,"80":0,"81":0,"82":0,"83":1,"84":1},"branchMap":{"0":{"type":"branch","line":1,"loc":{"start":{"line":1,"column":0},"end":{"line":85,"column":19}},"locations":[{"start":{"line":1,"column":0},"end":{"line":85,"column":19}}]},"1":{"type":"branch","line":69,"loc":{"start":{"line":69,"column":13},"end":{"line":83,"column":1}},"locations":[{"start":{"line":69,"column":13},"end":{"line":83,"column":1}}]},"2":{"type":"branch","line":5,"loc":{"start":{"line":5,"column":4},"end":{"line":9,"column":5}},"locations":[{"start":{"line":5,"column":4},"end":{"line":9,"column":5}}]},"3":{"type":"branch","line":5,"loc":{"start":{"line":5,"column":17},"end":{"line":9,"column":5}},"locations":[{"start":{"line":5,"column":17},"end":{"line":9,"column":5}}]},"4":{"type":"branch","line":26,"loc":{"start":{"line":26,"column":31},"end":{"line":31,"column":21}},"locations":[{"start":{"line":26,"column":31},"end":{"line":31,"column":21}}]},"5":{"type":"branch","line":33,"loc":{"start":{"line":33,"column":34},"end":{"line":37,"column":25}},"locations":[{"start":{"line":33,"column":34},"end":{"line":37,"column":25}}]},"6":{"type":"branch","line":38,"loc":{"start":{"line":38,"column":37},"end":{"line":42,"column":25}},"locations":[{"start":{"line":38,"column":37},"end":{"line":42,"column":25}}]},"7":{"type":"branch","line":53,"loc":{"start":{"line":53,"column":19},"end":{"line":57,"column":9}},"locations":[{"start":{"line":53,"column":19},"end":{"line":57,"column":9}}]}},"b":{"0":[1],"1":[0],"2":[1],"3":[1],"4":[1],"5":[2],"6":[4],"7":[1]},"fnMap":{"0":{"name":"<instance_members_initializer>","decl":{"start":{"line":5,"column":4},"end":{"line":9,"column":5}},"loc":{"start":{"line":5,"column":4},"end":{"line":9,"column":5}},"line":5},"1":{"name":"__operator","decl":{"start":{"line":5,"column":17},"end":{"line":9,"column":5}},"loc":{"start":{"line":5,"column":17},"end":{"line":9,"column":5}},"line":5},"2":{"name":"__operator","decl":{"start":{"line":26,"column":31},"end":{"line":31,"column":21}},"loc":{"start":{"line":26,"column":31},"end":{"line":31,"column":21}},"line":26},"3":{"name":"nodeA.x","decl":{"start":{"line":33,"column":34},"end":{"line":37,"column":25}},"loc":{"start":{"line":33,"column":34},"end":{"line":37,"column":25}},"line":33},"4":{"name":"nodeA.jump","decl":{"start":{"line":38,"column":37},"end":{"line":42,"column":25}},"loc":{"start":{"line":38,"column":37},"end":{"line":42,"column":25}},"line":38},"5":{"name":"nodeD","decl":{"start":{"line":49,"column":10},"end":{"line":49,"column":36}},"loc":{"start":{"line":49,"column":10},"end":{"line":49,"column":36}},"line":49},"6":{"name":"__operator","decl":{"start":{"line":53,"column":19},"end":{"line":57,"column":9}},"loc":{"start":{"line":53,"column":19},"end":{"line":57,"column":9}},"line":53},"7":{"name":"__onconnected","decl":{"start":{"line":72,"column":22},"end":{"line":77,"column":9}},"loc":{"start":{"line":72,"column":22},"end":{"line":77,"column":9}},"line":72},"8":{"name":"__ondisconnected","decl":{"start":{"line":78,"column":25},"end":{"line":80,"column":9}},"loc":{"start":{"line":78,"column":25},"end":{"line":80,"column":9}},"line":78}},"f":{"0":1,"1":1,"2":1,"3":2,"4":4,"5":0,"6":1,"7":0,"8":0}}
,"/Users/garrettflynn/Documents/Github/graphscript/examples/graph/nodes/nodeA.js": {"path":"/Users/garrettflynn/Documents/Github/graphscript/examples/graph/nodes/nodeA.js","all":false,"statementMap":{"0":{"start":{"line":1,"column":0},"end":{"line":1,"column":48}},"1":{"start":{"line":2,"column":0},"end":{"line":2,"column":0}},"2":{"start":{"line":3,"column":0},"end":{"line":3,"column":0}},"3":{"start":{"line":4,"column":0},"end":{"line":4,"column":18}},"4":{"start":{"line":5,"column":0},"end":{"line":5,"column":18}},"5":{"start":{"line":6,"column":0},"end":{"line":6,"column":0}},"6":{"start":{"line":7,"column":0},"end":{"line":7,"column":30}},"7":{"start":{"line":8,"column":0},"end":{"line":8,"column":27}},"8":{"start":{"line":9,"column":0},"end":{"line":9,"column":20}},"9":{"start":{"line":10,"column":0},"end":{"line":10,"column":0}},"10":{"start":{"line":11,"column":0},"end":{"line":11,"column":25}},"11":{"start":{"line":12,"column":0},"end":{"line":12,"column":38}},"12":{"start":{"line":13,"column":0},"end":{"line":13,"column":17}},"13":{"start":{"line":14,"column":0},"end":{"line":14,"column":1}},"14":{"start":{"line":15,"column":0},"end":{"line":15,"column":0}},"15":{"start":{"line":16,"column":0},"end":{"line":16,"column":32}},"16":{"start":{"line":17,"column":0},"end":{"line":17,"column":29}},"17":{"start":{"line":18,"column":0},"end":{"line":18,"column":30}},"18":{"start":{"line":19,"column":0},"end":{"line":19,"column":1}},"19":{"start":{"line":20,"column":0},"end":{"line":20,"column":0}},"20":{"start":{"line":21,"column":0},"end":{"line":21,"column":28}},"21":{"start":{"line":22,"column":0},"end":{"line":22,"column":69}},"22":{"start":{"line":23,"column":0},"end":{"line":23,"column":34}},"23":{"start":{"line":24,"column":0},"end":{"line":24,"column":66}},"24":{"start":{"line":25,"column":0},"end":{"line":25,"column":24}},"25":{"start":{"line":26,"column":0},"end":{"line":26,"column":46}},"26":{"start":{"line":27,"column":0},"end":{"line":27,"column":6}},"27":{"start":{"line":28,"column":0},"end":{"line":28,"column":36}},"28":{"start":{"line":29,"column":0},"end":{"line":29,"column":63}},"29":{"start":{"line":30,"column":0},"end":{"line":30,"column":24}},"30":{"start":{"line":31,"column":0},"end":{"line":31,"column":48}},"31":{"start":{"line":32,"column":0},"end":{"line":32,"column":6}},"32":{"start":{"line":33,"column":0},"end":{"line":33,"column":19}},"33":{"start":{"line":34,"column":0},"end":{"line":34,"column":1}}},"s":{"0":1,"1":1,"2":1,"3":1,"4":1,"5":1,"6":1,"7":4,"8":4,"9":4,"10":4,"11":4,"12":4,"13":4,"14":1,"15":1,"16":1,"17":1,"18":1,"19":1,"20":1,"21":1,"22":1,"23":1,"24":1,"25":1,"26":1,"27":1,"28":2,"29":2,"30":2,"31":1,"32":1,"33":1},"branchMap":{"0":{"type":"branch","line":1,"loc":{"start":{"line":1,"column":0},"end":{"line":34,"column":1}},"locations":[{"start":{"line":1,"column":0},"end":{"line":34,"column":1}}]},"1":{"type":"branch","line":7,"loc":{"start":{"line":7,"column":20},"end":{"line":14,"column":1}},"locations":[{"start":{"line":7,"column":20},"end":{"line":14,"column":1}}]},"2":{"type":"branch","line":12,"loc":{"start":{"line":12,"column":15},"end":{"line":12,"column":38}},"locations":[{"start":{"line":12,"column":15},"end":{"line":12,"column":38}}]},"3":{"type":"branch","line":23,"loc":{"start":{"line":23,"column":18},"end":{"line":27,"column":5}},"locations":[{"start":{"line":23,"column":18},"end":{"line":27,"column":5}}]},"4":{"type":"branch","line":28,"loc":{"start":{"line":28,"column":20},"end":{"line":32,"column":5}},"locations":[{"start":{"line":28,"column":20},"end":{"line":32,"column":5}}]}},"b":{"0":[1],"1":[4],"2":[2],"3":[1],"4":[2]},"fnMap":{"0":{"name":"jump","decl":{"start":{"line":7,"column":20},"end":{"line":14,"column":1}},"loc":{"start":{"line":7,"column":20},"end":{"line":14,"column":1}},"line":7},"1":{"name":"nodeB.nodeC","decl":{"start":{"line":23,"column":18},"end":{"line":27,"column":5}},"loc":{"start":{"line":23,"column":18},"end":{"line":27,"column":5}},"line":23},"2":{"name":"nodeB.nodeC.z","decl":{"start":{"line":28,"column":20},"end":{"line":32,"column":5}},"loc":{"start":{"line":28,"column":20},"end":{"line":32,"column":5}},"line":28}},"f":{"0":4,"1":1,"2":2}}
,"/Users/garrettflynn/Documents/Github/graphscript/src/core/EventHandler.ts": {"path":"/Users/garrettflynn/Documents/Github/graphscript/src/core/EventHandler.ts","all":false,"statementMap":{"0":{"start":{"line":1,"column":0},"end":{"line":1,"column":69}},"1":{"start":{"line":2,"column":0},"end":{"line":2,"column":130}},"2":{"start":{"line":3,"column":0},"end":{"line":3,"column":27}},"3":{"start":{"line":4,"column":0},"end":{"line":4,"column":0}},"4":{"start":{"line":5,"column":0},"end":{"line":5,"column":18}},"5":{"start":{"line":6,"column":0},"end":{"line":6,"column":11}},"6":{"start":{"line":7,"column":0},"end":{"line":7,"column":15}},"7":{"start":{"line":8,"column":0},"end":{"line":8,"column":0}},"8":{"start":{"line":9,"column":0},"end":{"line":9,"column":92}},"9":{"start":{"line":10,"column":0},"end":{"line":10,"column":0}},"10":{"start":{"line":11,"column":0},"end":{"line":11,"column":50}},"11":{"start":{"line":12,"column":0},"end":{"line":12,"column":44}},"12":{"start":{"line":13,"column":0},"end":{"line":13,"column":106}},"13":{"start":{"line":14,"column":0},"end":{"line":14,"column":25}},"14":{"start":{"line":15,"column":0},"end":{"line":15,"column":5}},"15":{"start":{"line":16,"column":0},"end":{"line":16,"column":32}},"16":{"start":{"line":17,"column":0},"end":{"line":17,"column":31}},"17":{"start":{"line":18,"column":0},"end":{"line":18,"column":37}},"18":{"start":{"line":19,"column":0},"end":{"line":19,"column":5}},"19":{"start":{"line":20,"column":0},"end":{"line":20,"column":36}},"20":{"start":{"line":21,"column":0},"end":{"line":21,"column":88}},"21":{"start":{"line":22,"column":0},"end":{"line":22,"column":5}},"22":{"start":{"line":23,"column":0},"end":{"line":23,"column":110}},"23":{"start":{"line":24,"column":0},"end":{"line":24,"column":17}},"24":{"start":{"line":25,"column":0},"end":{"line":25,"column":0}},"25":{"start":{"line":26,"column":0},"end":{"line":26,"column":61}},"26":{"start":{"line":27,"column":0},"end":{"line":27,"column":88}},"27":{"start":{"line":28,"column":0},"end":{"line":28,"column":53}},"28":{"start":{"line":29,"column":0},"end":{"line":29,"column":29}},"29":{"start":{"line":30,"column":0},"end":{"line":30,"column":49}},"30":{"start":{"line":31,"column":0},"end":{"line":31,"column":22}},"31":{"start":{"line":32,"column":0},"end":{"line":32,"column":36}},"32":{"start":{"line":33,"column":0},"end":{"line":33,"column":50}},"33":{"start":{"line":34,"column":0},"end":{"line":34,"column":22}},"34":{"start":{"line":35,"column":0},"end":{"line":35,"column":36}},"35":{"start":{"line":36,"column":0},"end":{"line":36,"column":37}},"36":{"start":{"line":37,"column":0},"end":{"line":37,"column":19}},"37":{"start":{"line":38,"column":0},"end":{"line":38,"column":13}},"38":{"start":{"line":39,"column":0},"end":{"line":39,"column":0}},"39":{"start":{"line":40,"column":0},"end":{"line":40,"column":37}},"40":{"start":{"line":41,"column":0},"end":{"line":41,"column":40}},"41":{"start":{"line":42,"column":0},"end":{"line":42,"column":13}},"42":{"start":{"line":43,"column":0},"end":{"line":43,"column":0}},"43":{"start":{"line":44,"column":0},"end":{"line":44,"column":46}},"44":{"start":{"line":45,"column":0},"end":{"line":45,"column":0}},"45":{"start":{"line":46,"column":0},"end":{"line":46,"column":0}},"46":{"start":{"line":47,"column":0},"end":{"line":47,"column":55}},"47":{"start":{"line":48,"column":0},"end":{"line":48,"column":47}},"48":{"start":{"line":49,"column":0},"end":{"line":49,"column":32}},"49":{"start":{"line":50,"column":0},"end":{"line":50,"column":5}},"50":{"start":{"line":51,"column":0},"end":{"line":51,"column":52}},"51":{"start":{"line":52,"column":0},"end":{"line":52,"column":41}},"52":{"start":{"line":53,"column":0},"end":{"line":53,"column":22}},"53":{"start":{"line":54,"column":0},"end":{"line":54,"column":22}},"54":{"start":{"line":55,"column":0},"end":{"line":55,"column":42}},"55":{"start":{"line":56,"column":0},"end":{"line":56,"column":69}},"56":{"start":{"line":57,"column":0},"end":{"line":57,"column":13}},"57":{"start":{"line":58,"column":0},"end":{"line":58,"column":18}},"58":{"start":{"line":59,"column":0},"end":{"line":59,"column":36}},"59":{"start":{"line":60,"column":0},"end":{"line":60,"column":48}},"60":{"start":{"line":61,"column":0},"end":{"line":61,"column":37}},"61":{"start":{"line":62,"column":0},"end":{"line":62,"column":32}},"62":{"start":{"line":63,"column":0},"end":{"line":63,"column":36}},"63":{"start":{"line":64,"column":0},"end":{"line":64,"column":21}},"64":{"start":{"line":65,"column":0},"end":{"line":65,"column":19}},"65":{"start":{"line":66,"column":0},"end":{"line":66,"column":0}},"66":{"start":{"line":67,"column":0},"end":{"line":67,"column":47}},"67":{"start":{"line":68,"column":0},"end":{"line":68,"column":56}},"68":{"start":{"line":69,"column":0},"end":{"line":69,"column":46}},"69":{"start":{"line":70,"column":0},"end":{"line":70,"column":73}},"70":{"start":{"line":71,"column":0},"end":{"line":71,"column":17}},"71":{"start":{"line":72,"column":0},"end":{"line":72,"column":16}},"72":{"start":{"line":73,"column":0},"end":{"line":73,"column":55}},"73":{"start":{"line":74,"column":0},"end":{"line":74,"column":28}},"74":{"start":{"line":75,"column":0},"end":{"line":75,"column":13}},"75":{"start":{"line":76,"column":0},"end":{"line":76,"column":9}},"76":{"start":{"line":77,"column":0},"end":{"line":77,"column":5}},"77":{"start":{"line":78,"column":0},"end":{"line":78,"column":68}},"78":{"start":{"line":79,"column":0},"end":{"line":79,"column":16}},"79":{"start":{"line":80,"column":0},"end":{"line":80,"column":8}},"80":{"start":{"line":81,"column":0},"end":{"line":81,"column":34}},"81":{"start":{"line":82,"column":0},"end":{"line":82,"column":28}},"82":{"start":{"line":83,"column":0},"end":{"line":83,"column":43}},"83":{"start":{"line":84,"column":0},"end":{"line":84,"column":9}},"84":{"start":{"line":85,"column":0},"end":{"line":85,"column":47}},"85":{"start":{"line":86,"column":0},"end":{"line":86,"column":5}},"86":{"start":{"line":87,"column":0},"end":{"line":87,"column":29}},"87":{"start":{"line":88,"column":0},"end":{"line":88,"column":44}},"88":{"start":{"line":89,"column":0},"end":{"line":89,"column":79}},"89":{"start":{"line":90,"column":0},"end":{"line":90,"column":9}},"90":{"start":{"line":91,"column":0},"end":{"line":91,"column":5}},"91":{"start":{"line":92,"column":0},"end":{"line":92,"column":60}},"92":{"start":{"line":93,"column":0},"end":{"line":93,"column":28}},"93":{"start":{"line":94,"column":0},"end":{"line":94,"column":37}},"94":{"start":{"line":95,"column":0},"end":{"line":95,"column":143}},"95":{"start":{"line":96,"column":0},"end":{"line":96,"column":9}},"96":{"start":{"line":97,"column":0},"end":{"line":97,"column":5}},"97":{"start":{"line":98,"column":0},"end":{"line":98,"column":62}},"98":{"start":{"line":99,"column":0},"end":{"line":99,"column":1}}},"s":{"0":1,"1":1,"2":1,"3":1,"4":1,"5":1,"6":1,"7":1,"8":1,"9":1,"10":1,"11":0,"12":0,"13":0,"14":0,"15":1,"16":2,"17":2,"18":2,"19":1,"20":11,"21":11,"22":1,"23":6,"24":6,"25":6,"26":4,"27":4,"28":4,"29":5,"30":4,"31":4,"32":0,"33":4,"34":4,"35":4,"36":4,"37":4,"38":6,"39":6,"40":6,"41":6,"42":6,"43":6,"44":6,"45":6,"46":6,"47":6,"48":6,"49":6,"50":1,"51":2,"52":2,"53":1,"54":1,"55":1,"56":1,"57":0,"58":0,"59":0,"60":0,"61":0,"62":0,"63":0,"64":0,"65":0,"66":0,"67":0,"68":0,"69":0,"70":0,"71":0,"72":0,"73":0,"74":0,"75":1,"76":2,"77":1,"78":0,"79":0,"80":0,"81":0,"82":0,"83":0,"84":0,"85":0,"86":1,"87":6,"88":6,"89":6,"90":0,"91":1,"92":0,"93":0,"94":0,"95":0,"96":0,"97":1,"98":1},"branchMap":{"0":{"type":"branch","line":9,"loc":{"start":{"line":9,"column":4},"end":{"line":9,"column":92}},"locations":[{"start":{"line":9,"column":4},"end":{"line":9,"column":92}}]},"1":{"type":"branch","line":9,"loc":{"start":{"line":9,"column":73},"end":{"line":9,"column":90}},"locations":[{"start":{"line":9,"column":73},"end":{"line":9,"column":90}}]},"2":{"type":"branch","line":16,"loc":{"start":{"line":16,"column":15},"end":{"line":19,"column":5}},"locations":[{"start":{"line":16,"column":15},"end":{"line":19,"column":5}}]},"3":{"type":"branch","line":20,"loc":{"start":{"line":20,"column":19},"end":{"line":22,"column":5}},"locations":[{"start":{"line":20,"column":19},"end":{"line":22,"column":5}}]},"4":{"type":"branch","line":21,"loc":{"start":{"line":21,"column":58},"end":{"line":21,"column":86}},"locations":[{"start":{"line":21,"column":58},"end":{"line":21,"column":86}}]},"5":{"type":"branch","line":23,"loc":{"start":{"line":23,"column":21},"end":{"line":50,"column":5}},"locations":[{"start":{"line":23,"column":21},"end":{"line":50,"column":5}}]},"6":{"type":"branch","line":26,"loc":{"start":{"line":26,"column":34},"end":{"line":26,"column":57}},"locations":[{"start":{"line":26,"column":34},"end":{"line":26,"column":57}}]},"7":{"type":"branch","line":26,"loc":{"start":{"line":26,"column":59},"end":{"line":38,"column":13}},"locations":[{"start":{"line":26,"column":59},"end":{"line":38,"column":13}}]},"8":{"type":"branch","line":49,"loc":{"start":{"line":49,"column":9},"end":{"line":49,"column":32}},"locations":[{"start":{"line":49,"column":9},"end":{"line":49,"column":32}}]},"9":{"type":"branch","line":29,"loc":{"start":{"line":29,"column":24},"end":{"line":31,"column":21}},"locations":[{"start":{"line":29,"column":24},"end":{"line":31,"column":21}}]},"10":{"type":"branch","line":51,"loc":{"start":{"line":51,"column":23},"end":{"line":77,"column":5}},"locations":[{"start":{"line":51,"column":23},"end":{"line":77,"column":5}}]},"11":{"type":"branch","line":53,"loc":{"start":{"line":53,"column":21},"end":{"line":76,"column":9}},"locations":[{"start":{"line":53,"column":21},"end":{"line":76,"column":9}}]},"12":{"type":"branch","line":58,"loc":{"start":{"line":58,"column":-1},"end":{"line":75,"column":13}},"locations":[{"start":{"line":58,"column":-1},"end":{"line":75,"column":13}}]},"13":{"type":"branch","line":87,"loc":{"start":{"line":87,"column":15},"end":{"line":91,"column":5}},"locations":[{"start":{"line":87,"column":15},"end":{"line":91,"column":5}}]},"14":{"type":"branch","line":91,"loc":{"start":{"line":91,"column":-1},"end":{"line":91,"column":5}},"locations":[{"start":{"line":91,"column":-1},"end":{"line":91,"column":5}}]}},"b":{"0":[1],"1":[0],"2":[2],"3":[11],"4":[11],"5":[6],"6":[4],"7":[4],"8":[0],"9":[5],"10":[2],"11":[1],"12":[0],"13":[6],"14":[0]},"fnMap":{"0":{"name":"EventHandler","decl":{"start":{"line":9,"column":4},"end":{"line":9,"column":92}},"loc":{"start":{"line":9,"column":4},"end":{"line":9,"column":92}},"line":9},"1":{"name":"EventHandler.setState","decl":{"start":{"line":11,"column":15},"end":{"line":15,"column":5}},"loc":{"start":{"line":11,"column":15},"end":{"line":15,"column":5}},"line":11},"2":{"name":"EventHandler.setValue","decl":{"start":{"line":16,"column":15},"end":{"line":19,"column":5}},"loc":{"start":{"line":16,"column":15},"end":{"line":19,"column":5}},"line":16},"3":{"name":"EventHandler.triggerEvent","decl":{"start":{"line":20,"column":19},"end":{"line":22,"column":5}},"loc":{"start":{"line":20,"column":19},"end":{"line":22,"column":5}},"line":20},"4":{"name":"EventHandler.subscribeEvent","decl":{"start":{"line":23,"column":21},"end":{"line":50,"column":5}},"loc":{"start":{"line":23,"column":21},"end":{"line":50,"column":5}},"line":23},"5":{"name":"get","decl":{"start":{"line":29,"column":24},"end":{"line":31,"column":21}},"loc":{"start":{"line":29,"column":24},"end":{"line":31,"column":21}},"line":29},"6":{"name":"set","decl":{"start":{"line":32,"column":24},"end":{"line":34,"column":21}},"loc":{"start":{"line":32,"column":24},"end":{"line":34,"column":21}},"line":32},"7":{"name":"EventHandler.unsubscribeEvent","decl":{"start":{"line":51,"column":23},"end":{"line":77,"column":5}},"loc":{"start":{"line":51,"column":23},"end":{"line":77,"column":5}},"line":51},"8":{"name":"EventHandler.subscribeEventOnce","decl":{"start":{"line":78,"column":25},"end":{"line":86,"column":5}},"loc":{"start":{"line":78,"column":25},"end":{"line":86,"column":5}},"line":78},"9":{"name":"EventHandler.getEvent","decl":{"start":{"line":87,"column":15},"end":{"line":91,"column":5}},"loc":{"start":{"line":87,"column":15},"end":{"line":91,"column":5}},"line":87},"10":{"name":"EventHandler.getSnapshot","decl":{"start":{"line":92,"column":18},"end":{"line":97,"column":5}},"loc":{"start":{"line":92,"column":18},"end":{"line":97,"column":5}},"line":92}},"f":{"0":1,"1":0,"2":2,"3":11,"4":6,"5":5,"6":0,"7":2,"8":0,"9":6,"10":0}}
,"/Users/garrettflynn/Documents/Github/graphscript/src/core/Graph.ts": {"path":"/Users/garrettflynn/Documents/Github/graphscript/src/core/Graph.ts","all":false,"statementMap":{"0":{"start":{"line":1,"column":0},"end":{"line":1,"column":97}},"1":{"start":{"line":2,"column":0},"end":{"line":2,"column":122}},"2":{"start":{"line":3,"column":0},"end":{"line":3,"column":0}},"3":{"start":{"line":4,"column":0},"end":{"line":4,"column":39}},"4":{"start":{"line":5,"column":0},"end":{"line":5,"column":46}},"5":{"start":{"line":6,"column":0},"end":{"line":6,"column":37}},"6":{"start":{"line":7,"column":0},"end":{"line":7,"column":69}},"7":{"start":{"line":8,"column":0},"end":{"line":8,"column":70}},"8":{"start":{"line":9,"column":0},"end":{"line":9,"column":37}},"9":{"start":{"line":10,"column":0},"end":{"line":10,"column":51}},"10":{"start":{"line":11,"column":0},"end":{"line":11,"column":67}},"11":{"start":{"line":12,"column":0},"end":{"line":12,"column":0}},"12":{"start":{"line":13,"column":0},"end":{"line":13,"column":48}},"13":{"start":{"line":14,"column":0},"end":{"line":14,"column":0}},"14":{"start":{"line":15,"column":0},"end":{"line":15,"column":70}},"15":{"start":{"line":16,"column":0},"end":{"line":16,"column":0}},"16":{"start":{"line":17,"column":0},"end":{"line":17,"column":35}},"17":{"start":{"line":18,"column":0},"end":{"line":18,"column":241}},"18":{"start":{"line":19,"column":0},"end":{"line":19,"column":227}},"19":{"start":{"line":20,"column":0},"end":{"line":20,"column":118}},"20":{"start":{"line":21,"column":0},"end":{"line":21,"column":258}},"21":{"start":{"line":22,"column":0},"end":{"line":22,"column":92}},"22":{"start":{"line":23,"column":0},"end":{"line":23,"column":95}},"23":{"start":{"line":24,"column":0},"end":{"line":24,"column":71}},"24":{"start":{"line":25,"column":0},"end":{"line":25,"column":20}},"25":{"start":{"line":26,"column":0},"end":{"line":26,"column":67}},"26":{"start":{"line":27,"column":0},"end":{"line":27,"column":24}},"27":{"start":{"line":28,"column":0},"end":{"line":28,"column":6}},"28":{"start":{"line":29,"column":0},"end":{"line":29,"column":20}},"29":{"start":{"line":30,"column":0},"end":{"line":30,"column":1}},"30":{"start":{"line":31,"column":0},"end":{"line":31,"column":0}},"31":{"start":{"line":32,"column":0},"end":{"line":32,"column":0}},"32":{"start":{"line":33,"column":0},"end":{"line":33,"column":22}},"33":{"start":{"line":34,"column":0},"end":{"line":34,"column":19}},"34":{"start":{"line":35,"column":0},"end":{"line":35,"column":27}},"35":{"start":{"line":36,"column":0},"end":{"line":36,"column":16}},"36":{"start":{"line":37,"column":0},"end":{"line":37,"column":14}},"37":{"start":{"line":38,"column":0},"end":{"line":38,"column":35}},"38":{"start":{"line":39,"column":0},"end":{"line":39,"column":14}},"39":{"start":{"line":40,"column":0},"end":{"line":40,"column":8}},"40":{"start":{"line":41,"column":0},"end":{"line":41,"column":0}},"41":{"start":{"line":42,"column":0},"end":{"line":42,"column":54}},"42":{"start":{"line":43,"column":0},"end":{"line":43,"column":0}},"43":{"start":{"line":44,"column":0},"end":{"line":44,"column":28}},"44":{"start":{"line":45,"column":0},"end":{"line":45,"column":49}},"45":{"start":{"line":46,"column":0},"end":{"line":46,"column":14}},"46":{"start":{"line":47,"column":0},"end":{"line":47,"column":29}},"47":{"start":{"line":48,"column":0},"end":{"line":48,"column":26}},"48":{"start":{"line":49,"column":0},"end":{"line":49,"column":37}},"49":{"start":{"line":50,"column":0},"end":{"line":50,"column":39}},"50":{"start":{"line":51,"column":0},"end":{"line":51,"column":10}},"51":{"start":{"line":52,"column":0},"end":{"line":52,"column":24}},"52":{"start":{"line":53,"column":0},"end":{"line":53,"column":148}},"53":{"start":{"line":54,"column":0},"end":{"line":54,"column":20}},"54":{"start":{"line":55,"column":0},"end":{"line":55,"column":1}},"55":{"start":{"line":56,"column":0},"end":{"line":56,"column":0}},"56":{"start":{"line":57,"column":0},"end":{"line":57,"column":17}},"57":{"start":{"line":58,"column":0},"end":{"line":58,"column":24}},"58":{"start":{"line":59,"column":0},"end":{"line":59,"column":0}},"59":{"start":{"line":60,"column":0},"end":{"line":60,"column":12}},"60":{"start":{"line":61,"column":0},"end":{"line":61,"column":19}},"61":{"start":{"line":62,"column":0},"end":{"line":62,"column":22}},"62":{"start":{"line":63,"column":0},"end":{"line":63,"column":27}},"63":{"start":{"line":64,"column":0},"end":{"line":64,"column":24}},"64":{"start":{"line":65,"column":0},"end":{"line":65,"column":42}},"65":{"start":{"line":66,"column":0},"end":{"line":66,"column":64}},"66":{"start":{"line":67,"column":0},"end":{"line":67,"column":35}},"67":{"start":{"line":68,"column":0},"end":{"line":68,"column":14}},"68":{"start":{"line":69,"column":0},"end":{"line":69,"column":38}},"69":{"start":{"line":70,"column":0},"end":{"line":70,"column":35}},"70":{"start":{"line":71,"column":0},"end":{"line":71,"column":38}},"71":{"start":{"line":72,"column":0},"end":{"line":72,"column":40}},"72":{"start":{"line":73,"column":0},"end":{"line":73,"column":70}},"73":{"start":{"line":74,"column":0},"end":{"line":74,"column":70}},"74":{"start":{"line":75,"column":0},"end":{"line":75,"column":104}},"75":{"start":{"line":76,"column":0},"end":{"line":76,"column":84}},"76":{"start":{"line":77,"column":0},"end":{"line":77,"column":5}},"77":{"start":{"line":78,"column":0},"end":{"line":78,"column":0}},"78":{"start":{"line":79,"column":0},"end":{"line":79,"column":41}},"79":{"start":{"line":80,"column":0},"end":{"line":80,"column":30}},"80":{"start":{"line":81,"column":0},"end":{"line":81,"column":16}},"81":{"start":{"line":82,"column":0},"end":{"line":82,"column":17}},"82":{"start":{"line":83,"column":0},"end":{"line":83,"column":13}},"83":{"start":{"line":84,"column":0},"end":{"line":84,"column":0}},"84":{"start":{"line":85,"column":0},"end":{"line":85,"column":20}},"85":{"start":{"line":86,"column":0},"end":{"line":86,"column":4}},"86":{"start":{"line":87,"column":0},"end":{"line":87,"column":65}},"87":{"start":{"line":88,"column":0},"end":{"line":88,"column":75}},"88":{"start":{"line":89,"column":0},"end":{"line":89,"column":0}},"89":{"start":{"line":90,"column":0},"end":{"line":90,"column":34}},"90":{"start":{"line":91,"column":0},"end":{"line":91,"column":88}},"91":{"start":{"line":92,"column":0},"end":{"line":92,"column":95}},"92":{"start":{"line":93,"column":0},"end":{"line":93,"column":0}},"93":{"start":{"line":94,"column":0},"end":{"line":94,"column":45}},"94":{"start":{"line":95,"column":0},"end":{"line":95,"column":12}},"95":{"start":{"line":96,"column":0},"end":{"line":96,"column":86}},"96":{"start":{"line":97,"column":0},"end":{"line":97,"column":77}},"97":{"start":{"line":98,"column":0},"end":{"line":98,"column":0}},"98":{"start":{"line":99,"column":0},"end":{"line":99,"column":81}},"99":{"start":{"line":100,"column":0},"end":{"line":100,"column":59}},"100":{"start":{"line":101,"column":0},"end":{"line":101,"column":0}},"101":{"start":{"line":102,"column":0},"end":{"line":102,"column":89}},"102":{"start":{"line":103,"column":0},"end":{"line":103,"column":50}},"103":{"start":{"line":104,"column":0},"end":{"line":104,"column":53}},"104":{"start":{"line":105,"column":0},"end":{"line":105,"column":60}},"105":{"start":{"line":106,"column":0},"end":{"line":106,"column":155}},"106":{"start":{"line":107,"column":0},"end":{"line":107,"column":0}},"107":{"start":{"line":108,"column":0},"end":{"line":108,"column":54}},"108":{"start":{"line":109,"column":0},"end":{"line":109,"column":0}},"109":{"start":{"line":110,"column":0},"end":{"line":110,"column":85}},"110":{"start":{"line":111,"column":0},"end":{"line":111,"column":62}},"111":{"start":{"line":112,"column":0},"end":{"line":112,"column":37}},"112":{"start":{"line":113,"column":0},"end":{"line":113,"column":0}},"113":{"start":{"line":114,"column":0},"end":{"line":114,"column":68}},"114":{"start":{"line":115,"column":0},"end":{"line":115,"column":64}},"115":{"start":{"line":116,"column":0},"end":{"line":116,"column":44}},"116":{"start":{"line":117,"column":0},"end":{"line":117,"column":81}},"117":{"start":{"line":118,"column":0},"end":{"line":118,"column":131}},"118":{"start":{"line":119,"column":0},"end":{"line":119,"column":17}},"119":{"start":{"line":120,"column":0},"end":{"line":120,"column":0}},"120":{"start":{"line":121,"column":0},"end":{"line":121,"column":60}},"121":{"start":{"line":122,"column":0},"end":{"line":122,"column":50}},"122":{"start":{"line":123,"column":0},"end":{"line":123,"column":47}},"123":{"start":{"line":124,"column":0},"end":{"line":124,"column":56}},"124":{"start":{"line":125,"column":0},"end":{"line":125,"column":97}},"125":{"start":{"line":126,"column":0},"end":{"line":126,"column":18}},"126":{"start":{"line":127,"column":0},"end":{"line":127,"column":13}},"127":{"start":{"line":128,"column":0},"end":{"line":128,"column":0}},"128":{"start":{"line":129,"column":0},"end":{"line":129,"column":77}},"129":{"start":{"line":130,"column":0},"end":{"line":130,"column":77}},"130":{"start":{"line":131,"column":0},"end":{"line":131,"column":0}},"131":{"start":{"line":132,"column":0},"end":{"line":132,"column":0}},"132":{"start":{"line":133,"column":0},"end":{"line":133,"column":75}},"133":{"start":{"line":134,"column":0},"end":{"line":134,"column":53}},"134":{"start":{"line":135,"column":0},"end":{"line":135,"column":9}},"135":{"start":{"line":136,"column":0},"end":{"line":136,"column":5}},"136":{"start":{"line":137,"column":0},"end":{"line":137,"column":1}},"137":{"start":{"line":138,"column":0},"end":{"line":138,"column":0}},"138":{"start":{"line":139,"column":0},"end":{"line":139,"column":20}},"139":{"start":{"line":140,"column":0},"end":{"line":140,"column":0}},"140":{"start":{"line":141,"column":0},"end":{"line":141,"column":21}},"141":{"start":{"line":142,"column":0},"end":{"line":142,"column":0}},"142":{"start":{"line":143,"column":0},"end":{"line":143,"column":12}},"143":{"start":{"line":144,"column":0},"end":{"line":144,"column":19}},"144":{"start":{"line":145,"column":0},"end":{"line":145,"column":22}},"145":{"start":{"line":146,"column":0},"end":{"line":146,"column":27}},"146":{"start":{"line":147,"column":0},"end":{"line":147,"column":40}},"147":{"start":{"line":148,"column":0},"end":{"line":148,"column":33}},"148":{"start":{"line":149,"column":0},"end":{"line":149,"column":27}},"149":{"start":{"line":150,"column":0},"end":{"line":150,"column":25}},"150":{"start":{"line":151,"column":0},"end":{"line":151,"column":24}},"151":{"start":{"line":152,"column":0},"end":{"line":152,"column":9}},"152":{"start":{"line":153,"column":0},"end":{"line":153,"column":65}},"153":{"start":{"line":154,"column":0},"end":{"line":154,"column":34}},"154":{"start":{"line":155,"column":0},"end":{"line":155,"column":24}},"155":{"start":{"line":156,"column":0},"end":{"line":156,"column":14}},"156":{"start":{"line":157,"column":0},"end":{"line":157,"column":20}},"157":{"start":{"line":158,"column":0},"end":{"line":158,"column":153}},"158":{"start":{"line":159,"column":0},"end":{"line":159,"column":34}},"159":{"start":{"line":160,"column":0},"end":{"line":160,"column":36}},"160":{"start":{"line":161,"column":0},"end":{"line":161,"column":5}},"161":{"start":{"line":162,"column":0},"end":{"line":162,"column":0}},"162":{"start":{"line":163,"column":0},"end":{"line":163,"column":0}},"163":{"start":{"line":164,"column":0},"end":{"line":164,"column":16}},"164":{"start":{"line":165,"column":0},"end":{"line":165,"column":29}},"165":{"start":{"line":166,"column":0},"end":{"line":166,"column":7}},"166":{"start":{"line":167,"column":0},"end":{"line":167,"column":27}},"167":{"start":{"line":168,"column":0},"end":{"line":168,"column":5}},"168":{"start":{"line":169,"column":0},"end":{"line":169,"column":0}},"169":{"start":{"line":170,"column":0},"end":{"line":170,"column":38}},"170":{"start":{"line":171,"column":0},"end":{"line":171,"column":21}},"171":{"start":{"line":172,"column":0},"end":{"line":172,"column":118}},"172":{"start":{"line":173,"column":0},"end":{"line":173,"column":73}},"173":{"start":{"line":174,"column":0},"end":{"line":174,"column":55}},"174":{"start":{"line":175,"column":0},"end":{"line":175,"column":9}},"175":{"start":{"line":176,"column":0},"end":{"line":176,"column":5}},"176":{"start":{"line":177,"column":0},"end":{"line":177,"column":0}},"177":{"start":{"line":178,"column":0},"end":{"line":178,"column":42}},"178":{"start":{"line":179,"column":0},"end":{"line":179,"column":0}},"179":{"start":{"line":180,"column":0},"end":{"line":180,"column":93}},"180":{"start":{"line":181,"column":0},"end":{"line":181,"column":0}},"181":{"start":{"line":182,"column":0},"end":{"line":182,"column":42}},"182":{"start":{"line":183,"column":0},"end":{"line":183,"column":113}},"183":{"start":{"line":184,"column":0},"end":{"line":184,"column":0}},"184":{"start":{"line":185,"column":0},"end":{"line":185,"column":43}},"185":{"start":{"line":186,"column":0},"end":{"line":186,"column":0}},"186":{"start":{"line":187,"column":0},"end":{"line":187,"column":70}},"187":{"start":{"line":188,"column":0},"end":{"line":188,"column":26}},"188":{"start":{"line":189,"column":0},"end":{"line":189,"column":106}},"189":{"start":{"line":190,"column":0},"end":{"line":190,"column":51}},"190":{"start":{"line":191,"column":0},"end":{"line":191,"column":106}},"191":{"start":{"line":192,"column":0},"end":{"line":192,"column":52}},"192":{"start":{"line":193,"column":0},"end":{"line":193,"column":38}},"193":{"start":{"line":194,"column":0},"end":{"line":194,"column":13}},"194":{"start":{"line":195,"column":0},"end":{"line":195,"column":75}},"195":{"start":{"line":196,"column":0},"end":{"line":196,"column":0}},"196":{"start":{"line":197,"column":0},"end":{"line":197,"column":32}},"197":{"start":{"line":198,"column":0},"end":{"line":198,"column":38}},"198":{"start":{"line":199,"column":0},"end":{"line":199,"column":42}},"199":{"start":{"line":200,"column":0},"end":{"line":200,"column":53}},"200":{"start":{"line":201,"column":0},"end":{"line":201,"column":13}},"201":{"start":{"line":202,"column":0},"end":{"line":202,"column":9}},"202":{"start":{"line":203,"column":0},"end":{"line":203,"column":0}},"203":{"start":{"line":204,"column":0},"end":{"line":204,"column":46}},"204":{"start":{"line":205,"column":0},"end":{"line":205,"column":0}},"205":{"start":{"line":206,"column":0},"end":{"line":206,"column":5}},"206":{"start":{"line":207,"column":0},"end":{"line":207,"column":0}},"207":{"start":{"line":208,"column":0},"end":{"line":208,"column":57}},"208":{"start":{"line":209,"column":0},"end":{"line":209,"column":50}},"209":{"start":{"line":210,"column":0},"end":{"line":210,"column":56}},"210":{"start":{"line":211,"column":0},"end":{"line":211,"column":0}},"211":{"start":{"line":212,"column":0},"end":{"line":212,"column":35}},"212":{"start":{"line":213,"column":0},"end":{"line":213,"column":5}},"213":{"start":{"line":214,"column":0},"end":{"line":214,"column":0}},"214":{"start":{"line":215,"column":0},"end":{"line":215,"column":30}},"215":{"start":{"line":216,"column":0},"end":{"line":216,"column":49}},"216":{"start":{"line":217,"column":0},"end":{"line":217,"column":53}},"217":{"start":{"line":218,"column":0},"end":{"line":218,"column":36}},"218":{"start":{"line":219,"column":0},"end":{"line":219,"column":45}},"219":{"start":{"line":220,"column":0},"end":{"line":220,"column":56}},"220":{"start":{"line":221,"column":0},"end":{"line":221,"column":74}},"221":{"start":{"line":222,"column":0},"end":{"line":222,"column":83}},"222":{"start":{"line":223,"column":0},"end":{"line":223,"column":135}},"223":{"start":{"line":224,"column":0},"end":{"line":224,"column":5}},"224":{"start":{"line":225,"column":0},"end":{"line":225,"column":0}},"225":{"start":{"line":226,"column":0},"end":{"line":226,"column":57}},"226":{"start":{"line":227,"column":0},"end":{"line":227,"column":0}},"227":{"start":{"line":228,"column":0},"end":{"line":228,"column":65}},"228":{"start":{"line":229,"column":0},"end":{"line":229,"column":0}},"229":{"start":{"line":230,"column":0},"end":{"line":230,"column":22}},"230":{"start":{"line":231,"column":0},"end":{"line":231,"column":46}},"231":{"start":{"line":232,"column":0},"end":{"line":232,"column":69}},"232":{"start":{"line":233,"column":0},"end":{"line":233,"column":207}},"233":{"start":{"line":234,"column":0},"end":{"line":234,"column":101}},"234":{"start":{"line":235,"column":0},"end":{"line":235,"column":58}},"235":{"start":{"line":236,"column":0},"end":{"line":236,"column":9}},"236":{"start":{"line":237,"column":0},"end":{"line":237,"column":92}},"237":{"start":{"line":238,"column":0},"end":{"line":238,"column":8}},"238":{"start":{"line":239,"column":0},"end":{"line":239,"column":24}},"239":{"start":{"line":240,"column":0},"end":{"line":240,"column":105}},"240":{"start":{"line":241,"column":0},"end":{"line":241,"column":9}},"241":{"start":{"line":242,"column":0},"end":{"line":242,"column":54}},"242":{"start":{"line":243,"column":0},"end":{"line":243,"column":48}},"243":{"start":{"line":244,"column":0},"end":{"line":244,"column":0}},"244":{"start":{"line":245,"column":0},"end":{"line":245,"column":110}},"245":{"start":{"line":246,"column":0},"end":{"line":246,"column":21}},"246":{"start":{"line":247,"column":0},"end":{"line":247,"column":44}},"247":{"start":{"line":248,"column":0},"end":{"line":248,"column":77}},"248":{"start":{"line":249,"column":0},"end":{"line":249,"column":43}},"249":{"start":{"line":250,"column":0},"end":{"line":250,"column":34}},"250":{"start":{"line":251,"column":0},"end":{"line":251,"column":124}},"251":{"start":{"line":252,"column":0},"end":{"line":252,"column":71}},"252":{"start":{"line":253,"column":0},"end":{"line":253,"column":4}},"253":{"start":{"line":254,"column":0},"end":{"line":254,"column":93}},"254":{"start":{"line":255,"column":0},"end":{"line":255,"column":0}},"255":{"start":{"line":256,"column":0},"end":{"line":256,"column":24}},"256":{"start":{"line":257,"column":0},"end":{"line":257,"column":0}},"257":{"start":{"line":258,"column":0},"end":{"line":258,"column":9}},"258":{"start":{"line":259,"column":0},"end":{"line":259,"column":0}},"259":{"start":{"line":260,"column":0},"end":{"line":260,"column":15}},"260":{"start":{"line":261,"column":0},"end":{"line":261,"column":5}},"261":{"start":{"line":262,"column":0},"end":{"line":262,"column":0}},"262":{"start":{"line":263,"column":0},"end":{"line":263,"column":70}},"263":{"start":{"line":264,"column":0},"end":{"line":264,"column":31}},"264":{"start":{"line":265,"column":0},"end":{"line":265,"column":0}},"265":{"start":{"line":266,"column":0},"end":{"line":266,"column":59}},"266":{"start":{"line":267,"column":0},"end":{"line":267,"column":0}},"267":{"start":{"line":268,"column":0},"end":{"line":268,"column":39}},"268":{"start":{"line":269,"column":0},"end":{"line":269,"column":41}},"269":{"start":{"line":270,"column":0},"end":{"line":270,"column":54}},"270":{"start":{"line":271,"column":0},"end":{"line":271,"column":0}},"271":{"start":{"line":272,"column":0},"end":{"line":272,"column":32}},"272":{"start":{"line":273,"column":0},"end":{"line":273,"column":42}},"273":{"start":{"line":274,"column":0},"end":{"line":274,"column":13}},"274":{"start":{"line":275,"column":0},"end":{"line":275,"column":0}},"275":{"start":{"line":276,"column":0},"end":{"line":276,"column":43}},"276":{"start":{"line":277,"column":0},"end":{"line":277,"column":1}},"277":{"start":{"line":278,"column":0},"end":{"line":278,"column":44}},"278":{"start":{"line":279,"column":0},"end":{"line":279,"column":37}},"279":{"start":{"line":280,"column":0},"end":{"line":280,"column":45}},"280":{"start":{"line":281,"column":0},"end":{"line":281,"column":51}},"281":{"start":{"line":282,"column":0},"end":{"line":282,"column":63}},"282":{"start":{"line":283,"column":0},"end":{"line":283,"column":37}},"283":{"start":{"line":284,"column":0},"end":{"line":284,"column":49}},"284":{"start":{"line":285,"column":0},"end":{"line":285,"column":0}},"285":{"start":{"line":286,"column":0},"end":{"line":286,"column":64}},"286":{"start":{"line":287,"column":0},"end":{"line":287,"column":106}},"287":{"start":{"line":288,"column":0},"end":{"line":288,"column":0}},"288":{"start":{"line":289,"column":0},"end":{"line":289,"column":40}},"289":{"start":{"line":290,"column":0},"end":{"line":290,"column":52}},"290":{"start":{"line":291,"column":0},"end":{"line":291,"column":21}},"291":{"start":{"line":292,"column":0},"end":{"line":292,"column":0}},"292":{"start":{"line":293,"column":0},"end":{"line":293,"column":53}},"293":{"start":{"line":294,"column":0},"end":{"line":294,"column":19}},"294":{"start":{"line":295,"column":0},"end":{"line":295,"column":43}},"295":{"start":{"line":296,"column":0},"end":{"line":296,"column":59}},"296":{"start":{"line":297,"column":0},"end":{"line":297,"column":21}},"297":{"start":{"line":298,"column":0},"end":{"line":298,"column":0}},"298":{"start":{"line":299,"column":0},"end":{"line":299,"column":53}},"299":{"start":{"line":300,"column":0},"end":{"line":300,"column":18}},"300":{"start":{"line":301,"column":0},"end":{"line":301,"column":13}},"301":{"start":{"line":302,"column":0},"end":{"line":302,"column":0}},"302":{"start":{"line":303,"column":0},"end":{"line":303,"column":33}},"303":{"start":{"line":304,"column":0},"end":{"line":304,"column":49}},"304":{"start":{"line":305,"column":0},"end":{"line":305,"column":13}},"305":{"start":{"line":306,"column":0},"end":{"line":306,"column":9}},"306":{"start":{"line":307,"column":0},"end":{"line":307,"column":0}},"307":{"start":{"line":308,"column":0},"end":{"line":308,"column":66}},"308":{"start":{"line":309,"column":0},"end":{"line":309,"column":42}},"309":{"start":{"line":310,"column":0},"end":{"line":310,"column":115}},"310":{"start":{"line":311,"column":0},"end":{"line":311,"column":9}},"311":{"start":{"line":312,"column":0},"end":{"line":312,"column":0}},"312":{"start":{"line":313,"column":0},"end":{"line":313,"column":32}},"313":{"start":{"line":314,"column":0},"end":{"line":314,"column":5}},"314":{"start":{"line":315,"column":0},"end":{"line":315,"column":0}},"315":{"start":{"line":316,"column":0},"end":{"line":316,"column":53}},"316":{"start":{"line":317,"column":0},"end":{"line":317,"column":38}},"317":{"start":{"line":318,"column":0},"end":{"line":318,"column":36}},"318":{"start":{"line":319,"column":0},"end":{"line":319,"column":43}},"319":{"start":{"line":320,"column":0},"end":{"line":320,"column":71}},"320":{"start":{"line":321,"column":0},"end":{"line":321,"column":148}},"321":{"start":{"line":322,"column":0},"end":{"line":322,"column":68}},"322":{"start":{"line":323,"column":0},"end":{"line":323,"column":9}},"323":{"start":{"line":324,"column":0},"end":{"line":324,"column":45}},"324":{"start":{"line":325,"column":0},"end":{"line":325,"column":60}},"325":{"start":{"line":326,"column":0},"end":{"line":326,"column":9}},"326":{"start":{"line":327,"column":0},"end":{"line":327,"column":5}},"327":{"start":{"line":328,"column":0},"end":{"line":328,"column":0}},"328":{"start":{"line":329,"column":0},"end":{"line":329,"column":66}},"329":{"start":{"line":330,"column":0},"end":{"line":330,"column":72}},"330":{"start":{"line":331,"column":0},"end":{"line":331,"column":31}},"331":{"start":{"line":332,"column":0},"end":{"line":332,"column":45}},"332":{"start":{"line":333,"column":0},"end":{"line":333,"column":44}},"333":{"start":{"line":334,"column":0},"end":{"line":334,"column":48}},"334":{"start":{"line":335,"column":0},"end":{"line":335,"column":59}},"335":{"start":{"line":336,"column":0},"end":{"line":336,"column":75}},"336":{"start":{"line":337,"column":0},"end":{"line":337,"column":38}},"337":{"start":{"line":338,"column":0},"end":{"line":338,"column":24}},"338":{"start":{"line":339,"column":0},"end":{"line":339,"column":72}},"339":{"start":{"line":340,"column":0},"end":{"line":340,"column":101}},"340":{"start":{"line":341,"column":0},"end":{"line":341,"column":27}},"341":{"start":{"line":342,"column":0},"end":{"line":342,"column":63}},"342":{"start":{"line":343,"column":0},"end":{"line":343,"column":67}},"343":{"start":{"line":344,"column":0},"end":{"line":344,"column":157}},"344":{"start":{"line":345,"column":0},"end":{"line":345,"column":29}},"345":{"start":{"line":346,"column":0},"end":{"line":346,"column":150}},"346":{"start":{"line":347,"column":0},"end":{"line":347,"column":21}},"347":{"start":{"line":348,"column":0},"end":{"line":348,"column":24}},"348":{"start":{"line":349,"column":0},"end":{"line":349,"column":59}},"349":{"start":{"line":350,"column":0},"end":{"line":350,"column":63}},"350":{"start":{"line":351,"column":0},"end":{"line":351,"column":125}},"351":{"start":{"line":352,"column":0},"end":{"line":352,"column":25}},"352":{"start":{"line":353,"column":0},"end":{"line":353,"column":118}},"353":{"start":{"line":354,"column":0},"end":{"line":354,"column":17}},"354":{"start":{"line":355,"column":0},"end":{"line":355,"column":0}},"355":{"start":{"line":356,"column":0},"end":{"line":356,"column":50}},"356":{"start":{"line":357,"column":0},"end":{"line":357,"column":45}},"357":{"start":{"line":358,"column":0},"end":{"line":358,"column":13}},"358":{"start":{"line":359,"column":0},"end":{"line":359,"column":9}},"359":{"start":{"line":360,"column":0},"end":{"line":360,"column":5}},"360":{"start":{"line":361,"column":0},"end":{"line":361,"column":0}},"361":{"start":{"line":362,"column":0},"end":{"line":362,"column":65}},"362":{"start":{"line":363,"column":0},"end":{"line":363,"column":85}},"363":{"start":{"line":364,"column":0},"end":{"line":364,"column":70}},"364":{"start":{"line":365,"column":0},"end":{"line":365,"column":0}},"365":{"start":{"line":366,"column":0},"end":{"line":366,"column":64}},"366":{"start":{"line":367,"column":0},"end":{"line":367,"column":59}},"367":{"start":{"line":368,"column":0},"end":{"line":368,"column":0}},"368":{"start":{"line":369,"column":0},"end":{"line":369,"column":39}},"369":{"start":{"line":370,"column":0},"end":{"line":370,"column":12}},"370":{"start":{"line":371,"column":0},"end":{"line":371,"column":20}},"371":{"start":{"line":372,"column":0},"end":{"line":372,"column":87}},"372":{"start":{"line":373,"column":0},"end":{"line":373,"column":18}},"373":{"start":{"line":374,"column":0},"end":{"line":374,"column":52}},"374":{"start":{"line":375,"column":0},"end":{"line":375,"column":72}},"375":{"start":{"line":376,"column":0},"end":{"line":376,"column":41}},"376":{"start":{"line":377,"column":0},"end":{"line":377,"column":44}},"377":{"start":{"line":378,"column":0},"end":{"line":378,"column":34}},"378":{"start":{"line":379,"column":0},"end":{"line":379,"column":44}},"379":{"start":{"line":380,"column":0},"end":{"line":380,"column":39}},"380":{"start":{"line":381,"column":0},"end":{"line":381,"column":13}},"381":{"start":{"line":382,"column":0},"end":{"line":382,"column":9}},"382":{"start":{"line":383,"column":0},"end":{"line":383,"column":5}},"383":{"start":{"line":384,"column":0},"end":{"line":384,"column":0}},"384":{"start":{"line":385,"column":0},"end":{"line":385,"column":17}},"385":{"start":{"line":386,"column":0},"end":{"line":386,"column":31}},"386":{"start":{"line":387,"column":0},"end":{"line":387,"column":53}},"387":{"start":{"line":388,"column":0},"end":{"line":388,"column":31}},"388":{"start":{"line":389,"column":0},"end":{"line":389,"column":27}},"389":{"start":{"line":390,"column":0},"end":{"line":390,"column":37}},"390":{"start":{"line":391,"column":0},"end":{"line":391,"column":10}},"391":{"start":{"line":392,"column":0},"end":{"line":392,"column":0}},"392":{"start":{"line":393,"column":0},"end":{"line":393,"column":0}},"393":{"start":{"line":394,"column":0},"end":{"line":394,"column":22}},"394":{"start":{"line":395,"column":0},"end":{"line":395,"column":61}},"395":{"start":{"line":396,"column":0},"end":{"line":396,"column":0}},"396":{"start":{"line":397,"column":0},"end":{"line":397,"column":16}},"397":{"start":{"line":398,"column":0},"end":{"line":398,"column":0}},"398":{"start":{"line":399,"column":0},"end":{"line":399,"column":42}},"399":{"start":{"line":400,"column":0},"end":{"line":400,"column":68}},"400":{"start":{"line":401,"column":0},"end":{"line":401,"column":24}},"401":{"start":{"line":402,"column":0},"end":{"line":402,"column":72}},"402":{"start":{"line":403,"column":0},"end":{"line":403,"column":39}},"403":{"start":{"line":404,"column":0},"end":{"line":404,"column":48}},"404":{"start":{"line":405,"column":0},"end":{"line":405,"column":62}},"405":{"start":{"line":406,"column":0},"end":{"line":406,"column":17}},"406":{"start":{"line":407,"column":0},"end":{"line":407,"column":61}},"407":{"start":{"line":408,"column":0},"end":{"line":408,"column":10}},"408":{"start":{"line":409,"column":0},"end":{"line":409,"column":0}},"409":{"start":{"line":410,"column":0},"end":{"line":410,"column":37}},"410":{"start":{"line":411,"column":0},"end":{"line":411,"column":84}},"411":{"start":{"line":412,"column":0},"end":{"line":412,"column":11}},"412":{"start":{"line":413,"column":0},"end":{"line":413,"column":34}},"413":{"start":{"line":414,"column":0},"end":{"line":414,"column":81}},"414":{"start":{"line":415,"column":0},"end":{"line":415,"column":13}},"415":{"start":{"line":416,"column":0},"end":{"line":416,"column":0}},"416":{"start":{"line":417,"column":0},"end":{"line":417,"column":34}},"417":{"start":{"line":418,"column":0},"end":{"line":418,"column":45}},"418":{"start":{"line":419,"column":0},"end":{"line":419,"column":46}},"419":{"start":{"line":420,"column":0},"end":{"line":420,"column":32}},"420":{"start":{"line":421,"column":0},"end":{"line":421,"column":74}},"421":{"start":{"line":422,"column":0},"end":{"line":422,"column":148}},"422":{"start":{"line":423,"column":0},"end":{"line":423,"column":42}},"423":{"start":{"line":424,"column":0},"end":{"line":424,"column":72}},"424":{"start":{"line":425,"column":0},"end":{"line":425,"column":58}},"425":{"start":{"line":426,"column":0},"end":{"line":426,"column":21}},"426":{"start":{"line":427,"column":0},"end":{"line":427,"column":0}},"427":{"start":{"line":428,"column":0},"end":{"line":428,"column":48}},"428":{"start":{"line":429,"column":0},"end":{"line":429,"column":53}},"429":{"start":{"line":430,"column":0},"end":{"line":430,"column":17}},"430":{"start":{"line":431,"column":0},"end":{"line":431,"column":90}},"431":{"start":{"line":432,"column":0},"end":{"line":432,"column":120}},"432":{"start":{"line":433,"column":0},"end":{"line":433,"column":20}},"433":{"start":{"line":434,"column":0},"end":{"line":434,"column":95}},"434":{"start":{"line":435,"column":0},"end":{"line":435,"column":17}},"435":{"start":{"line":436,"column":0},"end":{"line":436,"column":20}},"436":{"start":{"line":437,"column":0},"end":{"line":437,"column":104}},"437":{"start":{"line":438,"column":0},"end":{"line":438,"column":106}},"438":{"start":{"line":439,"column":0},"end":{"line":439,"column":13}},"439":{"start":{"line":440,"column":0},"end":{"line":440,"column":9}},"440":{"start":{"line":441,"column":0},"end":{"line":441,"column":19}},"441":{"start":{"line":442,"column":0},"end":{"line":442,"column":5}},"442":{"start":{"line":443,"column":0},"end":{"line":443,"column":0}},"443":{"start":{"line":444,"column":0},"end":{"line":444,"column":92}},"444":{"start":{"line":445,"column":0},"end":{"line":445,"column":39}},"445":{"start":{"line":446,"column":0},"end":{"line":446,"column":71}},"446":{"start":{"line":447,"column":0},"end":{"line":447,"column":9}},"447":{"start":{"line":448,"column":0},"end":{"line":448,"column":83}},"448":{"start":{"line":449,"column":0},"end":{"line":449,"column":5}},"449":{"start":{"line":450,"column":0},"end":{"line":450,"column":0}},"450":{"start":{"line":451,"column":0},"end":{"line":451,"column":47}},"451":{"start":{"line":452,"column":0},"end":{"line":452,"column":43}},"452":{"start":{"line":453,"column":0},"end":{"line":453,"column":5}},"453":{"start":{"line":454,"column":0},"end":{"line":454,"column":0}},"454":{"start":{"line":455,"column":0},"end":{"line":455,"column":1}},"455":{"start":{"line":456,"column":0},"end":{"line":456,"column":0}},"456":{"start":{"line":457,"column":0},"end":{"line":457,"column":0}},"457":{"start":{"line":458,"column":0},"end":{"line":458,"column":41}},"458":{"start":{"line":459,"column":0},"end":{"line":459,"column":27}},"459":{"start":{"line":460,"column":0},"end":{"line":460,"column":81}},"460":{"start":{"line":461,"column":0},"end":{"line":461,"column":131}},"461":{"start":{"line":462,"column":0},"end":{"line":462,"column":63}},"462":{"start":{"line":463,"column":0},"end":{"line":463,"column":38}},"463":{"start":{"line":464,"column":0},"end":{"line":464,"column":5}},"464":{"start":{"line":465,"column":0},"end":{"line":465,"column":0}},"465":{"start":{"line":466,"column":0},"end":{"line":466,"column":18}},"466":{"start":{"line":467,"column":0},"end":{"line":467,"column":1}},"467":{"start":{"line":468,"column":0},"end":{"line":468,"column":0}},"468":{"start":{"line":469,"column":0},"end":{"line":469,"column":0}},"469":{"start":{"line":470,"column":0},"end":{"line":470,"column":166}},"470":{"start":{"line":471,"column":0},"end":{"line":471,"column":36}},"47
[...]
:45,"column":0},"end":{"line":45,"column":6}},"45":{"start":{"line":46,"column":0},"end":{"line":46,"column":36}},"46":{"start":{"line":47,"column":0},"end":{"line":47,"column":0}},"47":{"start":{"line":48,"column":0},"end":{"line":48,"column":88}},"48":{"start":{"line":49,"column":0},"end":{"line":49,"column":27}},"49":{"start":{"line":50,"column":0},"end":{"line":50,"column":51}},"50":{"start":{"line":51,"column":0},"end":{"line":51,"column":35}},"51":{"start":{"line":52,"column":0},"end":{"line":52,"column":41}},"52":{"start":{"line":53,"column":0},"end":{"line":53,"column":41}},"53":{"start":{"line":54,"column":0},"end":{"line":54,"column":9}},"54":{"start":{"line":55,"column":0},"end":{"line":55,"column":6}},"55":{"start":{"line":56,"column":0},"end":{"line":56,"column":35}},"56":{"start":{"line":57,"column":0},"end":{"line":57,"column":88}},"57":{"start":{"line":58,"column":0},"end":{"line":58,"column":27}},"58":{"start":{"line":59,"column":0},"end":{"line":59,"column":50}},"59":{"start":{"line":60,"column":0},"end":{"line":60,"column":35}},"60":{"start":{"line":61,"column":0},"end":{"line":61,"column":41}},"61":{"start":{"line":62,"column":0},"end":{"line":62,"column":9}},"62":{"start":{"line":63,"column":0},"end":{"line":63,"column":6}},"63":{"start":{"line":64,"column":0},"end":{"line":64,"column":1}},"64":{"start":{"line":65,"column":0},"end":{"line":65,"column":0}},"65":{"start":{"line":66,"column":0},"end":{"line":66,"column":0}},"66":{"start":{"line":67,"column":0},"end":{"line":67,"column":42}},"67":{"start":{"line":68,"column":0},"end":{"line":68,"column":23}},"68":{"start":{"line":69,"column":0},"end":{"line":69,"column":18}},"69":{"start":{"line":70,"column":0},"end":{"line":70,"column":20}},"70":{"start":{"line":71,"column":0},"end":{"line":71,"column":20}},"71":{"start":{"line":72,"column":0},"end":{"line":72,"column":4}},"72":{"start":{"line":73,"column":0},"end":{"line":73,"column":0}},"73":{"start":{"line":74,"column":0},"end":{"line":74,"column":38}},"74":{"start":{"line":75,"column":0},"end":{"line":75,"column":37}},"75":{"start":{"line":76,"column":0},"end":{"line":76,"column":0}},"76":{"start":{"line":77,"column":0},"end":{"line":77,"column":0}},"77":{"start":{"line":78,"column":0},"end":{"line":78,"column":32}},"78":{"start":{"line":79,"column":0},"end":{"line":79,"column":32}},"79":{"start":{"line":80,"column":0},"end":{"line":80,"column":28}},"80":{"start":{"line":81,"column":0},"end":{"line":81,"column":25}},"81":{"start":{"line":82,"column":0},"end":{"line":82,"column":1}},"82":{"start":{"line":83,"column":0},"end":{"line":83,"column":0}},"83":{"start":{"line":84,"column":0},"end":{"line":84,"column":0}},"84":{"start":{"line":85,"column":0},"end":{"line":85,"column":32}},"85":{"start":{"line":86,"column":0},"end":{"line":86,"column":0}},"86":{"start":{"line":87,"column":0},"end":{"line":87,"column":35}},"87":{"start":{"line":88,"column":0},"end":{"line":88,"column":0}},"88":{"start":{"line":89,"column":0},"end":{"line":89,"column":13}},"89":{"start":{"line":90,"column":0},"end":{"line":90,"column":4}},"90":{"start":{"line":91,"column":0},"end":{"line":91,"column":12}},"91":{"start":{"line":92,"column":0},"end":{"line":92,"column":19}},"92":{"start":{"line":93,"column":0},"end":{"line":93,"column":23}},"93":{"start":{"line":94,"column":0},"end":{"line":94,"column":31}},"94":{"start":{"line":95,"column":0},"end":{"line":95,"column":5}},"95":{"start":{"line":96,"column":0},"end":{"line":96,"column":0}},"96":{"start":{"line":97,"column":0},"end":{"line":97,"column":26}},"97":{"start":{"line":98,"column":0},"end":{"line":98,"column":30}},"98":{"start":{"line":99,"column":0},"end":{"line":99,"column":61}},"99":{"start":{"line":100,"column":0},"end":{"line":100,"column":40}},"100":{"start":{"line":101,"column":0},"end":{"line":101,"column":5}},"101":{"start":{"line":102,"column":0},"end":{"line":102,"column":4}},"102":{"start":{"line":103,"column":0},"end":{"line":103,"column":35}},"103":{"start":{"line":104,"column":0},"end":{"line":104,"column":33}},"104":{"start":{"line":105,"column":0},"end":{"line":105,"column":19}},"105":{"start":{"line":106,"column":0},"end":{"line":106,"column":0}},"106":{"start":{"line":107,"column":0},"end":{"line":107,"column":22}},"107":{"start":{"line":108,"column":0},"end":{"line":108,"column":0}},"108":{"start":{"line":109,"column":0},"end":{"line":109,"column":47}},"109":{"start":{"line":110,"column":0},"end":{"line":110,"column":24}},"110":{"start":{"line":111,"column":0},"end":{"line":111,"column":43}},"111":{"start":{"line":112,"column":0},"end":{"line":112,"column":33}},"112":{"start":{"line":113,"column":0},"end":{"line":113,"column":47}},"113":{"start":{"line":114,"column":0},"end":{"line":114,"column":50}},"114":{"start":{"line":115,"column":0},"end":{"line":115,"column":12}},"115":{"start":{"line":116,"column":0},"end":{"line":116,"column":5}},"116":{"start":{"line":117,"column":0},"end":{"line":117,"column":0}},"117":{"start":{"line":118,"column":0},"end":{"line":118,"column":39}},"118":{"start":{"line":119,"column":0},"end":{"line":119,"column":61}},"119":{"start":{"line":120,"column":0},"end":{"line":120,"column":14}},"120":{"start":{"line":121,"column":0},"end":{"line":121,"column":62}},"121":{"start":{"line":122,"column":0},"end":{"line":122,"column":77}},"122":{"start":{"line":123,"column":0},"end":{"line":123,"column":59}},"123":{"start":{"line":124,"column":0},"end":{"line":124,"column":9}},"124":{"start":{"line":125,"column":0},"end":{"line":125,"column":5}},"125":{"start":{"line":126,"column":0},"end":{"line":126,"column":0}},"126":{"start":{"line":127,"column":0},"end":{"line":127,"column":0}},"127":{"start":{"line":128,"column":0},"end":{"line":128,"column":26}},"128":{"start":{"line":129,"column":0},"end":{"line":129,"column":65}},"129":{"start":{"line":130,"column":0},"end":{"line":130,"column":14}},"130":{"start":{"line":131,"column":0},"end":{"line":131,"column":31}},"131":{"start":{"line":132,"column":0},"end":{"line":132,"column":38}},"132":{"start":{"line":133,"column":0},"end":{"line":133,"column":70}},"133":{"start":{"line":134,"column":0},"end":{"line":134,"column":36}},"134":{"start":{"line":135,"column":0},"end":{"line":135,"column":13}},"135":{"start":{"line":136,"column":0},"end":{"line":136,"column":9}},"136":{"start":{"line":137,"column":0},"end":{"line":137,"column":5}},"137":{"start":{"line":138,"column":0},"end":{"line":138,"column":0}},"138":{"start":{"line":139,"column":0},"end":{"line":139,"column":25}},"139":{"start":{"line":140,"column":0},"end":{"line":140,"column":27}},"140":{"start":{"line":141,"column":0},"end":{"line":141,"column":32}},"141":{"start":{"line":142,"column":0},"end":{"line":142,"column":79}},"142":{"start":{"line":143,"column":0},"end":{"line":143,"column":9}},"143":{"start":{"line":144,"column":0},"end":{"line":144,"column":5}},"144":{"start":{"line":145,"column":0},"end":{"line":145,"column":0}},"145":{"start":{"line":146,"column":0},"end":{"line":146,"column":20}},"146":{"start":{"line":147,"column":0},"end":{"line":147,"column":28}},"147":{"start":{"line":148,"column":0},"end":{"line":148,"column":34}},"148":{"start":{"line":149,"column":0},"end":{"line":149,"column":5}},"149":{"start":{"line":150,"column":0},"end":{"line":150,"column":0}},"150":{"start":{"line":151,"column":0},"end":{"line":151,"column":18}},"151":{"start":{"line":152,"column":0},"end":{"line":152,"column":32}},"152":{"start":{"line":153,"column":0},"end":{"line":153,"column":5}},"153":{"start":{"line":154,"column":0},"end":{"line":154,"column":0}},"154":{"start":{"line":155,"column":0},"end":{"line":155,"column":52}},"155":{"start":{"line":156,"column":0},"end":{"line":156,"column":36}},"156":{"start":{"line":157,"column":0},"end":{"line":157,"column":5}},"157":{"start":{"line":158,"column":0},"end":{"line":158,"column":0}},"158":{"start":{"line":159,"column":0},"end":{"line":159,"column":0}},"159":{"start":{"line":160,"column":0},"end":{"line":160,"column":20}},"160":{"start":{"line":161,"column":0},"end":{"line":161,"column":40}},"161":{"start":{"line":162,"column":0},"end":{"line":162,"column":0}},"162":{"start":{"line":163,"column":0},"end":{"line":163,"column":31}},"163":{"start":{"line":164,"column":0},"end":{"line":164,"column":23}},"164":{"start":{"line":165,"column":0},"end":{"line":165,"column":9}},"165":{"start":{"line":166,"column":0},"end":{"line":166,"column":5}},"166":{"start":{"line":167,"column":0},"end":{"line":167,"column":0}},"167":{"start":{"line":168,"column":0},"end":{"line":168,"column":24}},"168":{"start":{"line":169,"column":0},"end":{"line":169,"column":39}},"169":{"start":{"line":170,"column":0},"end":{"line":170,"column":0}},"170":{"start":{"line":171,"column":0},"end":{"line":171,"column":54}},"171":{"start":{"line":172,"column":0},"end":{"line":172,"column":30}},"172":{"start":{"line":173,"column":0},"end":{"line":173,"column":30}},"173":{"start":{"line":174,"column":0},"end":{"line":174,"column":9}},"174":{"start":{"line":175,"column":0},"end":{"line":175,"column":0}},"175":{"start":{"line":176,"column":0},"end":{"line":176,"column":22}},"176":{"start":{"line":177,"column":0},"end":{"line":177,"column":38}},"177":{"start":{"line":178,"column":0},"end":{"line":178,"column":18}},"178":{"start":{"line":179,"column":0},"end":{"line":179,"column":65}},"179":{"start":{"line":180,"column":0},"end":{"line":180,"column":62}},"180":{"start":{"line":181,"column":0},"end":{"line":181,"column":50}},"181":{"start":{"line":182,"column":0},"end":{"line":182,"column":13}},"182":{"start":{"line":183,"column":0},"end":{"line":183,"column":9}},"183":{"start":{"line":184,"column":0},"end":{"line":184,"column":5}},"184":{"start":{"line":185,"column":0},"end":{"line":185,"column":0}},"185":{"start":{"line":186,"column":0},"end":{"line":186,"column":18}},"186":{"start":{"line":187,"column":0},"end":{"line":187,"column":56}},"187":{"start":{"line":188,"column":0},"end":{"line":188,"column":25}},"188":{"start":{"line":189,"column":0},"end":{"line":189,"column":18}},"189":{"start":{"line":190,"column":0},"end":{"line":190,"column":5}},"190":{"start":{"line":191,"column":0},"end":{"line":191,"column":1}}},"s":{"0":1,"1":1,"2":1,"3":1,"4":1,"5":1,"6":1,"7":1,"8":1,"9":0,"10":0,"11":0,"12":0,"13":0,"14":0,"15":0,"16":0,"17":0,"18":0,"19":0,"20":0,"21":0,"22":0,"23":0,"24":0,"25":0,"26":0,"27":0,"28":0,"29":0,"30":0,"31":0,"32":0,"33":0,"34":1,"35":1,"36":1,"37":1,"38":1,"39":16,"40":0,"41":0,"42":0,"43":16,"44":1,"45":1,"46":8,"47":8,"48":8,"49":0,"50":0,"51":0,"52":0,"53":0,"54":1,"55":1,"56":1,"57":1,"58":0,"59":0,"60":0,"61":0,"62":1,"63":1,"64":1,"65":1,"66":1,"67":1,"68":1,"69":1,"70":1,"71":1,"72":1,"73":1,"74":1,"75":1,"76":1,"77":1,"78":1,"79":1,"80":1,"81":1,"82":1,"83":1,"84":1,"85":1,"86":1,"87":1,"88":1,"89":1,"90":1,"91":1,"92":1,"93":8,"94":8,"95":1,"96":1,"97":8,"98":8,"99":8,"100":8,"101":1,"102":1,"103":1,"104":1,"105":1,"106":1,"107":1,"108":1,"109":1,"110":1,"111":1,"112":1,"113":1,"114":1,"115":1,"116":1,"117":1,"118":1,"119":1,"120":1,"121":1,"122":1,"123":1,"124":1,"125":1,"126":1,"127":1,"128":1,"129":1,"130":1,"131":1,"132":1,"133":1,"134":1,"135":1,"136":1,"137":1,"138":1,"139":1,"140":1,"141":1,"142":1,"143":1,"144":1,"145":1,"146":1,"147":1,"148":1,"149":1,"150":1,"151":1,"152":1,"153":1,"154":1,"155":1,"156":1,"157":1,"158":1,"159":1,"160":0,"161":0,"162":0,"163":0,"164":0,"165":0,"166":1,"167":1,"168":8,"169":8,"170":8,"171":0,"172":0,"173":0,"174":8,"175":8,"176":8,"177":8,"178":8,"179":8,"180":8,"181":8,"182":8,"183":8,"184":1,"185":1,"186":8,"187":8,"188":8,"189":8,"190":1},"branchMap":{"0":{"type":"branch","line":9,"loc":{"start":{"line":9,"column":13},"end":{"line":34,"column":1}},"locations":[{"start":{"line":9,"column":13},"end":{"line":34,"column":1}}]},"1":{"type":"branch","line":38,"loc":{"start":{"line":38,"column":34},"end":{"line":38,"column":65}},"locations":[{"start":{"line":38,"column":34},"end":{"line":38,"column":65}}]},"2":{"type":"branch","line":39,"loc":{"start":{"line":39,"column":9},"end":{"line":45,"column":5}},"locations":[{"start":{"line":39,"column":9},"end":{"line":45,"column":5}}]},"3":{"type":"branch","line":40,"loc":{"start":{"line":40,"column":26},"end":{"line":44,"column":15}},"locations":[{"start":{"line":40,"column":26},"end":{"line":44,"column":15}}]},"4":{"type":"branch","line":44,"loc":{"start":{"line":44,"column":50},"end":{"line":44,"column":70}},"locations":[{"start":{"line":44,"column":50},"end":{"line":44,"column":70}}]},"5":{"type":"branch","line":46,"loc":{"start":{"line":46,"column":16},"end":{"line":55,"column":5}},"locations":[{"start":{"line":46,"column":16},"end":{"line":55,"column":5}}]},"6":{"type":"branch","line":48,"loc":{"start":{"line":48,"column":43},"end":{"line":48,"column":88}},"locations":[{"start":{"line":48,"column":43},"end":{"line":48,"column":88}}]},"7":{"type":"branch","line":49,"loc":{"start":{"line":49,"column":26},"end":{"line":54,"column":9}},"locations":[{"start":{"line":49,"column":26},"end":{"line":54,"column":9}}]},"8":{"type":"branch","line":56,"loc":{"start":{"line":56,"column":15},"end":{"line":63,"column":5}},"locations":[{"start":{"line":56,"column":15},"end":{"line":63,"column":5}}]},"9":{"type":"branch","line":57,"loc":{"start":{"line":57,"column":43},"end":{"line":57,"column":88}},"locations":[{"start":{"line":57,"column":43},"end":{"line":57,"column":88}}]},"10":{"type":"branch","line":58,"loc":{"start":{"line":58,"column":26},"end":{"line":62,"column":9}},"locations":[{"start":{"line":58,"column":26},"end":{"line":62,"column":9}}]},"11":{"type":"branch","line":93,"loc":{"start":{"line":93,"column":4},"end":{"line":95,"column":5}},"locations":[{"start":{"line":93,"column":4},"end":{"line":95,"column":5}}]},"12":{"type":"branch","line":97,"loc":{"start":{"line":97,"column":4},"end":{"line":101,"column":5}},"locations":[{"start":{"line":97,"column":4},"end":{"line":101,"column":5}}]},"13":{"type":"branch","line":100,"loc":{"start":{"line":100,"column":29},"end":{"line":100,"column":40}},"locations":[{"start":{"line":100,"column":29},"end":{"line":100,"column":40}}]},"14":{"type":"branch","line":109,"loc":{"start":{"line":109,"column":4},"end":{"line":116,"column":5}},"locations":[{"start":{"line":109,"column":4},"end":{"line":116,"column":5}}]},"15":{"type":"branch","line":128,"loc":{"start":{"line":128,"column":12},"end":{"line":137,"column":5}},"locations":[{"start":{"line":128,"column":12},"end":{"line":137,"column":5}}]},"16":{"type":"branch","line":129,"loc":{"start":{"line":129,"column":26},"end":{"line":129,"column":47}},"locations":[{"start":{"line":129,"column":26},"end":{"line":129,"column":47}}]},"17":{"type":"branch","line":139,"loc":{"start":{"line":139,"column":11},"end":{"line":144,"column":5}},"locations":[{"start":{"line":139,"column":11},"end":{"line":144,"column":5}}]},"18":{"type":"branch","line":168,"loc":{"start":{"line":168,"column":10},"end":{"line":184,"column":5}},"locations":[{"start":{"line":168,"column":10},"end":{"line":184,"column":5}}]},"19":{"type":"branch","line":169,"loc":{"start":{"line":169,"column":27},"end":{"line":169,"column":39}},"locations":[{"start":{"line":169,"column":27},"end":{"line":169,"column":39}}]},"20":{"type":"branch","line":171,"loc":{"start":{"line":171,"column":43},"end":{"line":174,"column":9}},"locations":[{"start":{"line":171,"column":43},"end":{"line":174,"column":9}}]},"21":{"type":"branch","line":177,"loc":{"start":{"line":177,"column":32},"end":{"line":177,"column":38}},"locations":[{"start":{"line":177,"column":32},"end":{"line":177,"column":38}}]},"22":{"type":"branch","line":179,"loc":{"start":{"line":179,"column":36},"end":{"line":179,"column":65}},"locations":[{"start":{"line":179,"column":36},"end":{"line":179,"column":65}}]},"23":{"type":"branch","line":186,"loc":{"start":{"line":186,"column":11},"end":{"line":190,"column":5}},"locations":[{"start":{"line":186,"column":11},"end":{"line":190,"column":5}}]},"24":{"type":"branch","line":118,"loc":{"start":{"line":118,"column":4},"end":{"line":125,"column":5}},"locations":[{"start":{"line":118,"column":4},"end":{"line":125,"column":5}}]},"25":{"type":"branch","line":119,"loc":{"start":{"line":119,"column":35},"end":{"line":119,"column":61}},"locations":[{"start":{"line":119,"column":35},"end":{"line":119,"column":61}}]},"26":{"type":"branch","line":146,"loc":{"start":{"line":146,"column":4},"end":{"line":149,"column":5}},"locations":[{"start":{"line":146,"column":4},"end":{"line":149,"column":5}}]},"27":{"type":"branch","line":151,"loc":{"start":{"line":151,"column":4},"end":{"line":153,"column":5}},"locations":[{"start":{"line":151,"column":4},"end":{"line":153,"column":5}}]},"28":{"type":"branch","line":155,"loc":{"start":{"line":155,"column":4},"end":{"line":157,"column":5}},"locations":[{"start":{"line":155,"column":4},"end":{"line":157,"column":5}}]}},"b":{"0":[0],"1":[0],"2":[16],"3":[0],"4":[0],"5":[8],"6":[0],"7":[0],"8":[1],"9":[0],"10":[0],"11":[8],"12":[8],"13":[0],"14":[1],"15":[1],"16":[0],"17":[1],"18":[8],"19":[0],"20":[0],"21":[0],"22":[0],"23":[8],"24":[1],"25":[0],"26":[1],"27":[1],"28":[1]},"fnMap":{"0":{"name":"add","decl":{"start":{"line":39,"column":9},"end":{"line":45,"column":5}},"loc":{"start":{"line":39,"column":9},"end":{"line":45,"column":5}},"line":39},"1":{"name":"addCommand","decl":{"start":{"line":46,"column":16},"end":{"line":55,"column":5}},"loc":{"start":{"line":46,"column":16},"end":{"line":55,"column":5}},"line":46},"2":{"name":"addHeader","decl":{"start":{"line":56,"column":15},"end":{"line":63,"column":5}},"loc":{"start":{"line":56,"column":15},"end":{"line":63,"column":5}},"line":56},"3":{"name":"get iterations","decl":{"start":{"line":93,"column":4},"end":{"line":95,"column":5}},"loc":{"start":{"line":93,"column":4},"end":{"line":95,"column":5}},"line":93},"4":{"name":"set iterations","decl":{"start":{"line":97,"column":4},"end":{"line":101,"column":5}},"loc":{"start":{"line":97,"column":4},"end":{"line":101,"column":5}},"line":97},"5":{"name":"OperationsManager","decl":{"start":{"line":109,"column":4},"end":{"line":116,"column":5}},"loc":{"start":{"line":109,"column":4},"end":{"line":116,"column":5}},"line":109},"6":{"name":"OperationsManager.start","decl":{"start":{"line":128,"column":12},"end":{"line":137,"column":5}},"loc":{"start":{"line":128,"column":12},"end":{"line":137,"column":5}},"line":128},"7":{"name":"OperationsManager.stop","decl":{"start":{"line":139,"column":11},"end":{"line":144,"column":5}},"loc":{"start":{"line":139,"column":11},"end":{"line":144,"column":5}},"line":139},"8":{"name":"OperationsManager.runAll","decl":{"start":{"line":160,"column":13},"end":{"line":166,"column":5}},"loc":{"start":{"line":160,"column":13},"end":{"line":166,"column":5}},"line":160},"9":{"name":"OperationsManager.run","decl":{"start":{"line":168,"column":10},"end":{"line":184,"column":5}},"loc":{"start":{"line":168,"column":10},"end":{"line":184,"column":5}},"line":168},"10":{"name":"OperationsManager.next","decl":{"start":{"line":186,"column":11},"end":{"line":190,"column":5}},"loc":{"start":{"line":186,"column":11},"end":{"line":190,"column":5}},"line":186},"11":{"name":"set","decl":{"start":{"line":118,"column":4},"end":{"line":125,"column":5}},"loc":{"start":{"line":118,"column":4},"end":{"line":125,"column":5}},"line":118},"12":{"name":"setStart","decl":{"start":{"line":146,"column":4},"end":{"line":149,"column":5}},"loc":{"start":{"line":146,"column":4},"end":{"line":149,"column":5}},"line":146},"13":{"name":"setStop","decl":{"start":{"line":151,"column":4},"end":{"line":153,"column":5}},"loc":{"start":{"line":151,"column":4},"end":{"line":153,"column":5}},"line":151},"14":{"name":"setOperations","decl":{"start":{"line":155,"column":4},"end":{"line":157,"column":5}},"loc":{"start":{"line":155,"column":4},"end":{"line":157,"column":5}},"line":155}},"f":{"0":16,"1":8,"2":1,"3":8,"4":8,"5":1,"6":1,"7":1,"8":0,"9":8,"10":8,"11":1,"12":1,"13":1,"14":1}}
}
