{"/Users/garrettflynn/Documents/Github/graphscript/examples/graph/list.js": {"path":"/Users/garrettflynn/Documents/Github/graphscript/examples/graph/list.js","all":false,"statementMap":{"0":{"start":{"line":1,"column":0},"end":{"line":1,"column":0}},"1":{"start":{"line":2,"column":0},"end":{"line":2,"column":49}},"2":{"start":{"line":3,"column":0},"end":{"line":3,"column":0}},"3":{"start":{"line":4,"column":0},"end":{"line":4,"column":44}},"4":{"start":{"line":5,"column":0},"end":{"line":5,"column":0}},"5":{"start":{"line":6,"column":0},"end":{"line":6,"column":36}},"6":{"start":{"line":7,"column":0},"end":{"line":7,"column":0}},"7":{"start":{"line":8,"column":0},"end":{"line":8,"column":31}},"8":{"start":{"line":9,"column":0},"end":{"line":9,"column":0}},"9":{"start":{"line":10,"column":0},"end":{"line":10,"column":14}},"10":{"start":{"line":11,"column":0},"end":{"line":11,"column":43}},"11":{"start":{"line":12,"column":0},"end":{"line":12,"column":16}},"12":{"start":{"line":13,"column":0},"end":{"line":13,"column":33}},"13":{"start":{"line":14,"column":0},"end":{"line":14,"column":0}},"14":{"start":{"line":15,"column":0},"end":{"line":15,"column":49}},"15":{"start":{"line":16,"column":0},"end":{"line":16,"column":23}},"16":{"start":{"line":17,"column":0},"end":{"line":17,"column":12}},"17":{"start":{"line":18,"column":0},"end":{"line":18,"column":31}},"18":{"start":{"line":19,"column":0},"end":{"line":19,"column":19}},"19":{"start":{"line":20,"column":0},"end":{"line":20,"column":21}},"20":{"start":{"line":21,"column":0},"end":{"line":21,"column":29}},"21":{"start":{"line":22,"column":0},"end":{"line":22,"column":22}},"22":{"start":{"line":23,"column":0},"end":{"line":23,"column":23}},"23":{"start":{"line":24,"column":0},"end":{"line":24,"column":55}},"24":{"start":{"line":25,"column":0},"end":{"line":25,"column":26}},"25":{"start":{"line":26,"column":0},"end":{"line":26,"column":29}},"26":{"start":{"line":27,"column":0},"end":{"line":27,"column":26}},"27":{"start":{"line":28,"column":0},"end":{"line":28,"column":9}},"28":{"start":{"line":29,"column":0},"end":{"line":29,"column":0}},"29":{"start":{"line":30,"column":0},"end":{"line":30,"column":12}},"30":{"start":{"line":31,"column":0},"end":{"line":31,"column":30}},"31":{"start":{"line":32,"column":0},"end":{"line":32,"column":9}},"32":{"start":{"line":33,"column":0},"end":{"line":33,"column":5}},"33":{"start":{"line":34,"column":0},"end":{"line":34,"column":36}},"34":{"start":{"line":35,"column":0},"end":{"line":35,"column":1}},"35":{"start":{"line":36,"column":0},"end":{"line":36,"column":0}},"36":{"start":{"line":37,"column":0},"end":{"line":37,"column":39}},"37":{"start":{"line":38,"column":0},"end":{"line":38,"column":13}},"38":{"start":{"line":39,"column":0},"end":{"line":39,"column":66}},"39":{"start":{"line":40,"column":0},"end":{"line":40,"column":29}},"40":{"start":{"line":41,"column":0},"end":{"line":41,"column":27}},"41":{"start":{"line":42,"column":0},"end":{"line":42,"column":50}},"42":{"start":{"line":43,"column":0},"end":{"line":43,"column":35}},"43":{"start":{"line":44,"column":0},"end":{"line":44,"column":41}},"44":{"start":{"line":45,"column":0},"end":{"line":45,"column":65}},"45":{"start":{"line":46,"column":0},"end":{"line":46,"column":6}},"46":{"start":{"line":47,"column":0},"end":{"line":47,"column":36}},"47":{"start":{"line":48,"column":0},"end":{"line":48,"column":0}},"48":{"start":{"line":49,"column":0},"end":{"line":49,"column":83}},"49":{"start":{"line":50,"column":0},"end":{"line":50,"column":27}},"50":{"start":{"line":51,"column":0},"end":{"line":51,"column":51}},"51":{"start":{"line":52,"column":0},"end":{"line":52,"column":35}},"52":{"start":{"line":53,"column":0},"end":{"line":53,"column":41}},"53":{"start":{"line":54,"column":0},"end":{"line":54,"column":41}},"54":{"start":{"line":55,"column":0},"end":{"line":55,"column":9}},"55":{"start":{"line":56,"column":0},"end":{"line":56,"column":6}},"56":{"start":{"line":57,"column":0},"end":{"line":57,"column":35}},"57":{"start":{"line":58,"column":0},"end":{"line":58,"column":83}},"58":{"start":{"line":59,"column":0},"end":{"line":59,"column":27}},"59":{"start":{"line":60,"column":0},"end":{"line":60,"column":50}},"60":{"start":{"line":61,"column":0},"end":{"line":61,"column":35}},"61":{"start":{"line":62,"column":0},"end":{"line":62,"column":41}},"62":{"start":{"line":63,"column":0},"end":{"line":63,"column":9}},"63":{"start":{"line":64,"column":0},"end":{"line":64,"column":6}},"64":{"start":{"line":65,"column":0},"end":{"line":65,"column":1}},"65":{"start":{"line":66,"column":0},"end":{"line":66,"column":0}},"66":{"start":{"line":67,"column":0},"end":{"line":67,"column":18}}},"s":{"0":1,"1":1,"2":1,"3":1,"4":1,"5":1,"6":1,"7":1,"8":1,"9":1,"10":0,"11":0,"12":0,"13":0,"14":0,"15":0,"16":0,"17":0,"18":0,"19":0,"20":0,"21":0,"22":0,"23":0,"24":0,"25":0,"26":0,"27":0,"28":0,"29":0,"30":0,"31":0,"32":0,"33":0,"34":0,"35":1,"36":1,"37":1,"38":1,"39":1,"40":0,"41":0,"42":0,"43":0,"44":0,"45":1,"46":1,"47":0,"48":0,"49":0,"50":0,"51":0,"52":0,"53":0,"54":0,"55":1,"56":1,"57":0,"58":0,"59":0,"60":0,"61":0,"62":0,"63":1,"64":1,"65":1,"66":1},"branchMap":{"0":{"type":"branch","line":2,"loc":{"start":{"line":2,"column":-1},"end":{"line":67,"column":18}},"locations":[{"start":{"line":2,"column":-1},"end":{"line":67,"column":18}}]},"1":{"type":"branch","line":10,"loc":{"start":{"line":10,"column":13},"end":{"line":35,"column":1}},"locations":[{"start":{"line":10,"column":13},"end":{"line":35,"column":1}}]},"2":{"type":"branch","line":39,"loc":{"start":{"line":39,"column":34},"end":{"line":39,"column":65}},"locations":[{"start":{"line":39,"column":34},"end":{"line":39,"column":65}}]}},"b":{"0":[1],"1":[0],"2":[0]},"fnMap":{"0":{"name":"add","decl":{"start":{"line":40,"column":9},"end":{"line":46,"column":5}},"loc":{"start":{"line":40,"column":9},"end":{"line":46,"column":5}},"line":40},"1":{"name":"addCommand","decl":{"start":{"line":47,"column":16},"end":{"line":56,"column":5}},"loc":{"start":{"line":47,"column":16},"end":{"line":56,"column":5}},"line":47},"2":{"name":"addHeader","decl":{"start":{"line":57,"column":15},"end":{"line":64,"column":5}},"loc":{"start":{"line":57,"column":15},"end":{"line":64,"column":5}},"line":57}},"f":{"0":0,"1":0,"2":0}}
,"/Users/garrettflynn/Documents/Github/graphscript/examples/graph/tree.js": {"path":"/Users/garrettflynn/Documents/Github/graphscript/examples/graph/tree.js","all":false,"statementMap":{"0":{"start":{"line":1,"column":0},"end":{"line":1,"column":41}},"1":{"start":{"line":2,"column":0},"end":{"line":2,"column":25}},"2":{"start":{"line":3,"column":0},"end":{"line":3,"column":0}},"3":{"start":{"line":4,"column":0},"end":{"line":4,"column":49}},"4":{"start":{"line":5,"column":0},"end":{"line":5,"column":0}},"5":{"start":{"line":6,"column":0},"end":{"line":6,"column":46}},"6":{"start":{"line":7,"column":0},"end":{"line":7,"column":0}},"7":{"start":{"line":8,"column":0},"end":{"line":8,"column":94}},"8":{"start":{"line":9,"column":0},"end":{"line":9,"column":24}},"9":{"start":{"line":10,"column":0},"end":{"line":10,"column":54}},"10":{"start":{"line":11,"column":0},"end":{"line":11,"column":25}},"11":{"start":{"line":12,"column":0},"end":{"line":12,"column":5}},"12":{"start":{"line":13,"column":0},"end":{"line":13,"column":1}},"13":{"start":{"line":14,"column":0},"end":{"line":14,"column":0}},"14":{"start":{"line":15,"column":0},"end":{"line":15,"column":12}},"15":{"start":{"line":16,"column":0},"end":{"line":16,"column":0}},"16":{"start":{"line":17,"column":0},"end":{"line":17,"column":25}},"17":{"start":{"line":18,"column":0},"end":{"line":18,"column":0}},"18":{"start":{"line":19,"column":0},"end":{"line":19,"column":11}},"19":{"start":{"line":20,"column":0},"end":{"line":20,"column":12}},"20":{"start":{"line":21,"column":0},"end":{"line":21,"column":12}},"21":{"start":{"line":22,"column":0},"end":{"line":22,"column":20}},"22":{"start":{"line":23,"column":0},"end":{"line":23,"column":23}},"23":{"start":{"line":24,"column":0},"end":{"line":24,"column":24}},"24":{"start":{"line":25,"column":0},"end":{"line":25,"column":45}},"25":{"start":{"line":26,"column":0},"end":{"line":26,"column":37}},"26":{"start":{"line":27,"column":0},"end":{"line":27,"column":79}},"27":{"start":{"line":28,"column":0},"end":{"line":28,"column":41}},"28":{"start":{"line":29,"column":0},"end":{"line":29,"column":39}},"29":{"start":{"line":30,"column":0},"end":{"line":30,"column":22}},"30":{"start":{"line":31,"column":0},"end":{"line":31,"column":33}},"31":{"start":{"line":32,"column":0},"end":{"line":32,"column":51}},"32":{"start":{"line":33,"column":0},"end":{"line":33,"column":82}},"33":{"start":{"line":34,"column":0},"end":{"line":34,"column":45}},"34":{"start":{"line":35,"column":0},"end":{"line":35,"column":26}},"35":{"start":{"line":36,"column":0},"end":{"line":36,"column":54}},"36":{"start":{"line":37,"column":0},"end":{"line":37,"column":68}},"37":{"start":{"line":38,"column":0},"end":{"line":38,"column":45}},"38":{"start":{"line":39,"column":0},"end":{"line":39,"column":25}},"39":{"start":{"line":40,"column":0},"end":{"line":40,"column":21}},"40":{"start":{"line":41,"column":0},"end":{"line":41,"column":17}},"41":{"start":{"line":42,"column":0},"end":{"line":42,"column":13}},"42":{"start":{"line":43,"column":0},"end":{"line":43,"column":8}},"43":{"start":{"line":44,"column":0},"end":{"line":44,"column":6}},"44":{"start":{"line":45,"column":0},"end":{"line":45,"column":0}},"45":{"start":{"line":46,"column":0},"end":{"line":46,"column":138}},"46":{"start":{"line":47,"column":0},"end":{"line":47,"column":0}},"47":{"start":{"line":48,"column":0},"end":{"line":48,"column":0}},"48":{"start":{"line":49,"column":0},"end":{"line":49,"column":11}},"49":{"start":{"line":50,"column":0},"end":{"line":50,"column":31}},"50":{"start":{"line":51,"column":0},"end":{"line":51,"column":33}},"51":{"start":{"line":52,"column":0},"end":{"line":52,"column":36}},"52":{"start":{"line":53,"column":0},"end":{"line":53,"column":29}},"53":{"start":{"line":54,"column":0},"end":{"line":54,"column":33}},"54":{"start":{"line":55,"column":0},"end":{"line":55,"column":12}},"55":{"start":{"line":56,"column":0},"end":{"line":56,"column":24}},"56":{"start":{"line":57,"column":0},"end":{"line":57,"column":10}},"57":{"start":{"line":58,"column":0},"end":{"line":58,"column":16}},"58":{"start":{"line":59,"column":0},"end":{"line":59,"column":22}},"59":{"start":{"line":60,"column":0},"end":{"line":60,"column":24}},"60":{"start":{"line":61,"column":0},"end":{"line":61,"column":9}},"61":{"start":{"line":62,"column":0},"end":{"line":62,"column":6}},"62":{"start":{"line":63,"column":0},"end":{"line":63,"column":0}},"63":{"start":{"line":64,"column":0},"end":{"line":64,"column":20}},"64":{"start":{"line":65,"column":0},"end":{"line":65,"column":0}},"65":{"start":{"line":66,"column":0},"end":{"line":66,"column":2}},"66":{"start":{"line":67,"column":0},"end":{"line":67,"column":0}},"67":{"start":{"line":68,"column":0},"end":{"line":68,"column":0}},"68":{"start":{"line":69,"column":0},"end":{"line":69,"column":14}},"69":{"start":{"line":70,"column":0},"end":{"line":70,"column":18}},"70":{"start":{"line":71,"column":0},"end":{"line":71,"column":172}},"71":{"start":{"line":72,"column":0},"end":{"line":72,"column":40}},"72":{"start":{"line":73,"column":0},"end":{"line":73,"column":36}},"73":{"start":{"line":74,"column":0},"end":{"line":74,"column":50}},"74":{"start":{"line":75,"column":0},"end":{"line":75,"column":56}},"75":{"start":{"line":76,"column":0},"end":{"line":76,"column":46}},"76":{"start":{"line":77,"column":0},"end":{"line":77,"column":10}},"77":{"start":{"line":78,"column":0},"end":{"line":78,"column":41}},"78":{"start":{"line":79,"column":0},"end":{"line":79,"column":52}},"79":{"start":{"line":80,"column":0},"end":{"line":80,"column":9}},"80":{"start":{"line":81,"column":0},"end":{"line":81,"column":8}},"81":{"start":{"line":82,"column":0},"end":{"line":82,"column":5}},"82":{"start":{"line":83,"column":0},"end":{"line":83,"column":1}},"83":{"start":{"line":84,"column":0},"end":{"line":84,"column":0}},"84":{"start":{"line":85,"column":0},"end":{"line":85,"column":19}}},"s":{"0":1,"1":1,"2":1,"3":1,"4":1,"5":1,"6":1,"7":1,"8":1,"9":0,"10":0,"11":0,"12":1,"13":1,"14":1,"15":1,"16":1,"17":1,"18":1,"19":1,"20":1,"21":1,"22":1,"23":1,"24":1,"25":0,"26":0,"27":0,"28":0,"29":1,"30":1,"31":1,"32":0,"33":0,"34":1,"35":1,"36":0,"37":0,"38":0,"39":1,"40":1,"41":1,"42":1,"43":1,"44":1,"45":1,"46":1,"47":1,"48":1,"49":1,"50":0,"51":0,"52":0,"53":0,"54":0,"55":0,"56":1,"57":1,"58":1,"59":1,"60":1,"61":1,"62":1,"63":1,"64":1,"65":1,"66":1,"67":1,"68":1,"69":0,"70":0,"71":0,"72":0,"73":0,"74":0,"75":0,"76":0,"77":0,"78":0,"79":0,"80":0,"81":0,"82":0,"83":1,"84":1},"branchMap":{"0":{"type":"branch","line":1,"loc":{"start":{"line":1,"column":0},"end":{"line":85,"column":19}},"locations":[{"start":{"line":1,"column":0},"end":{"line":85,"column":19}}]},"1":{"type":"branch","line":69,"loc":{"start":{"line":69,"column":13},"end":{"line":83,"column":1}},"locations":[{"start":{"line":69,"column":13},"end":{"line":83,"column":1}}]},"2":{"type":"branch","line":9,"loc":{"start":{"line":9,"column":4},"end":{"line":12,"column":5}},"locations":[{"start":{"line":9,"column":4},"end":{"line":12,"column":5}}]}},"b":{"0":[1],"1":[0],"2":[1]},"fnMap":{"0":{"name":"<instance_members_initializer>","decl":{"start":{"line":9,"column":4},"end":{"line":12,"column":5}},"loc":{"start":{"line":9,"column":4},"end":{"line":12,"column":5}},"line":9},"1":{"name":"__operator","decl":{"start":{"line":9,"column":17},"end":{"line":12,"column":5}},"loc":{"start":{"line":9,"column":17},"end":{"line":12,"column":5}},"line":9},"2":{"name":"__operator","decl":{"start":{"line":25,"column":31},"end":{"line":30,"column":21}},"loc":{"start":{"line":25,"column":31},"end":{"line":30,"column":21}},"line":25},"3":{"name":"nodeA.x","decl":{"start":{"line":32,"column":34},"end":{"line":35,"column":25}},"loc":{"start":{"line":32,"column":34},"end":{"line":35,"column":25}},"line":32},"4":{"name":"nodeA.jump","decl":{"start":{"line":36,"column":37},"end":{"line":39,"column":25}},"loc":{"start":{"line":36,"column":37},"end":{"line":39,"column":25}},"line":36},"5":{"name":"nodeD","decl":{"start":{"line":46,"column":10},"end":{"line":46,"column":36}},"loc":{"start":{"line":46,"column":10},"end":{"line":46,"column":36}},"line":46},"6":{"name":"__operator","decl":{"start":{"line":50,"column":19},"end":{"line":57,"column":9}},"loc":{"start":{"line":50,"column":19},"end":{"line":57,"column":9}},"line":50},"7":{"name":"__onconnected","decl":{"start":{"line":72,"column":22},"end":{"line":77,"column":9}},"loc":{"start":{"line":72,"column":22},"end":{"line":77,"column":9}},"line":72},"8":{"name":"__ondisconnected","decl":{"start":{"line":78,"column":25},"end":{"line":80,"column":9}},"loc":{"start":{"line":78,"column":25},"end":{"line":80,"column":9}},"line":78}},"f":{"0":1,"1":0,"2":0,"3":0,"4":0,"5":0,"6":0,"7":0,"8":0}}
,"/Users/garrettflynn/Documents/Github/graphscript/examples/graph/nodes/nodeA.js": {"path":"/Users/garrettflynn/Documents/Github/graphscript/examples/graph/nodes/nodeA.js","all":false,"statementMap":{"0":{"start":{"line":1,"column":0},"end":{"line":1,"column":26}},"1":{"start":{"line":2,"column":0},"end":{"line":2,"column":0}},"2":{"start":{"line":3,"column":0},"end":{"line":3,"column":0}},"3":{"start":{"line":4,"column":0},"end":{"line":4,"column":18}},"4":{"start":{"line":5,"column":0},"end":{"line":5,"column":18}},"5":{"start":{"line":6,"column":0},"end":{"line":6,"column":0}},"6":{"start":{"line":7,"column":0},"end":{"line":7,"column":25}},"7":{"start":{"line":8,"column":0},"end":{"line":8,"column":27}},"8":{"start":{"line":9,"column":0},"end":{"line":9,"column":21}},"9":{"start":{"line":10,"column":0},"end":{"line":10,"column":22}},"10":{"start":{"line":11,"column":0},"end":{"line":11,"column":1}},"11":{"start":{"line":12,"column":0},"end":{"line":12,"column":0}},"12":{"start":{"line":13,"column":0},"end":{"line":13,"column":28}},"13":{"start":{"line":14,"column":0},"end":{"line":14,"column":69}},"14":{"start":{"line":15,"column":0},"end":{"line":15,"column":38}},"15":{"start":{"line":16,"column":0},"end":{"line":16,"column":66}},"16":{"start":{"line":17,"column":0},"end":{"line":17,"column":25}},"17":{"start":{"line":18,"column":0},"end":{"line":18,"column":56}},"18":{"start":{"line":19,"column":0},"end":{"line":19,"column":6}},"19":{"start":{"line":20,"column":0},"end":{"line":20,"column":35}},"20":{"start":{"line":21,"column":0},"end":{"line":21,"column":63}},"21":{"start":{"line":22,"column":0},"end":{"line":22,"column":25}},"22":{"start":{"line":23,"column":0},"end":{"line":23,"column":52}},"23":{"start":{"line":24,"column":0},"end":{"line":24,"column":6}},"24":{"start":{"line":25,"column":0},"end":{"line":25,"column":19}},"25":{"start":{"line":26,"column":0},"end":{"line":26,"column":1}}},"s":{"0":1,"1":1,"2":1,"3":1,"4":1,"5":1,"6":1,"7":0,"8":0,"9":0,"10":0,"11":1,"12":1,"13":1,"14":1,"15":0,"16":0,"17":0,"18":1,"19":1,"20":0,"21":0,"22":0,"23":1,"24":1,"25":1},"branchMap":{"0":{"type":"branch","line":1,"loc":{"start":{"line":1,"column":0},"end":{"line":26,"column":1}},"locations":[{"start":{"line":1,"column":0},"end":{"line":26,"column":1}}]}},"b":{"0":[1]},"fnMap":{"0":{"name":"jump","decl":{"start":{"line":7,"column":20},"end":{"line":11,"column":1}},"loc":{"start":{"line":7,"column":20},"end":{"line":11,"column":1}},"line":7},"1":{"name":"nodeB.nodeC","decl":{"start":{"line":15,"column":18},"end":{"line":19,"column":5}},"loc":{"start":{"line":15,"column":18},"end":{"line":19,"column":5}},"line":15},"2":{"name":"nodeB.nodeC.z","decl":{"start":{"line":20,"column":20},"end":{"line":24,"column":5}},"loc":{"start":{"line":20,"column":20},"end":{"line":24,"column":5}},"line":20}},"f":{"0":0,"1":0,"2":0}}
,"/Users/garrettflynn/Documents/Github/graphscript/src/core/EventHandler.ts": {"path":"/Users/garrettflynn/Documents/Github/graphscript/src/core/EventHandler.ts","all":false,"statementMap":{"0":{"start":{"line":1,"column":0},"end":{"line":1,"column":69}},"1":{"start":{"line":2,"column":0},"end":{"line":2,"column":0}},"2":{"start":{"line":3,"column":0},"end":{"line":3,"column":130}},"3":{"start":{"line":4,"column":0},"end":{"line":4,"column":27}},"4":{"start":{"line":5,"column":0},"end":{"line":5,"column":0}},"5":{"start":{"line":6,"column":0},"end":{"line":6,"column":18}},"6":{"start":{"line":7,"column":0},"end":{"line":7,"column":11}},"7":{"start":{"line":8,"column":0},"end":{"line":8,"column":15}},"8":{"start":{"line":9,"column":0},"end":{"line":9,"column":0}},"9":{"start":{"line":10,"column":0},"end":{"line":10,"column":92}},"10":{"start":{"line":11,"column":0},"end":{"line":11,"column":0}},"11":{"start":{"line":12,"column":0},"end":{"line":12,"column":50}},"12":{"start":{"line":13,"column":0},"end":{"line":13,"column":44}},"13":{"start":{"line":14,"column":0},"end":{"line":14,"column":67}},"14":{"start":{"line":15,"column":0},"end":{"line":15,"column":105}},"15":{"start":{"line":16,"column":0},"end":{"line":16,"column":9}},"16":{"start":{"line":17,"column":0},"end":{"line":17,"column":25}},"17":{"start":{"line":18,"column":0},"end":{"line":18,"column":5}},"18":{"start":{"line":19,"column":0},"end":{"line":19,"column":32}},"19":{"start":{"line":20,"column":0},"end":{"line":20,"column":31}},"20":{"start":{"line":21,"column":0},"end":{"line":21,"column":37}},"21":{"start":{"line":22,"column":0},"end":{"line":22,"column":5}},"22":{"start":{"line":23,"column":0},"end":{"line":23,"column":36}},"23":{"start":{"line":24,"column":0},"end":{"line":24,"column":88}},"24":{"start":{"line":25,"column":0},"end":{"line":25,"column":5}},"25":{"start":{"line":26,"column":0},"end":{"line":26,"column":110}},"26":{"start":{"line":27,"column":0},"end":{"line":27,"column":17}},"27":{"start":{"line":28,"column":0},"end":{"line":28,"column":0}},"28":{"start":{"line":29,"column":0},"end":{"line":29,"column":61}},"29":{"start":{"line":30,"column":0},"end":{"line":30,"column":88}},"30":{"start":{"line":31,"column":0},"end":{"line":31,"column":53}},"31":{"start":{"line":32,"column":0},"end":{"line":32,"column":29}},"32":{"start":{"line":33,"column":0},"end":{"line":33,"column":49}},"33":{"start":{"line":34,"column":0},"end":{"line":34,"column":22}},"34":{"start":{"line":35,"column":0},"end":{"line":35,"column":36}},"35":{"start":{"line":36,"column":0},"end":{"line":36,"column":50}},"36":{"start":{"line":37,"column":0},"end":{"line":37,"column":22}},"37":{"start":{"line":38,"column":0},"end":{"line":38,"column":36}},"38":{"start":{"line":39,"column":0},"end":{"line":39,"column":37}},"39":{"start":{"line":40,"column":0},"end":{"line":40,"column":19}},"40":{"start":{"line":41,"column":0},"end":{"line":41,"column":13}},"41":{"start":{"line":42,"column":0},"end":{"line":42,"column":0}},"42":{"start":{"line":43,"column":0},"end":{"line":43,"column":37}},"43":{"start":{"line":44,"column":0},"end":{"line":44,"column":40}},"44":{"start":{"line":45,"column":0},"end":{"line":45,"column":13}},"45":{"start":{"line":46,"column":0},"end":{"line":46,"column":0}},"46":{"start":{"line":47,"column":0},"end":{"line":47,"column":46}},"47":{"start":{"line":48,"column":0},"end":{"line":48,"column":0}},"48":{"start":{"line":49,"column":0},"end":{"line":49,"column":0}},"49":{"start":{"line":50,"column":0},"end":{"line":50,"column":55}},"50":{"start":{"line":51,"column":0},"end":{"line":51,"column":47}},"51":{"start":{"line":52,"column":0},"end":{"line":52,"column":32}},"52":{"start":{"line":53,"column":0},"end":{"line":53,"column":5}},"53":{"start":{"line":54,"column":0},"end":{"line":54,"column":52}},"54":{"start":{"line":55,"column":0},"end":{"line":55,"column":41}},"55":{"start":{"line":56,"column":0},"end":{"line":56,"column":22}},"56":{"start":{"line":57,"column":0},"end":{"line":57,"column":22}},"57":{"start":{"line":58,"column":0},"end":{"line":58,"column":42}},"58":{"start":{"line":59,"column":0},"end":{"line":59,"column":69}},"59":{"start":{"line":60,"column":0},"end":{"line":60,"column":13}},"60":{"start":{"line":61,"column":0},"end":{"line":61,"column":18}},"61":{"start":{"line":62,"column":0},"end":{"line":62,"column":36}},"62":{"start":{"line":63,"column":0},"end":{"line":63,"column":48}},"63":{"start":{"line":64,"column":0},"end":{"line":64,"column":37}},"64":{"start":{"line":65,"column":0},"end":{"line":65,"column":32}},"65":{"start":{"line":66,"column":0},"end":{"line":66,"column":36}},"66":{"start":{"line":67,"column":0},"end":{"line":67,"column":21}},"67":{"start":{"line":68,"column":0},"end":{"line":68,"column":19}},"68":{"start":{"line":69,"column":0},"end":{"line":69,"column":0}},"69":{"start":{"line":70,"column":0},"end":{"line":70,"column":47}},"70":{"start":{"line":71,"column":0},"end":{"line":71,"column":56}},"71":{"start":{"line":72,"column":0},"end":{"line":72,"column":46}},"72":{"start":{"line":73,"column":0},"end":{"line":73,"column":73}},"73":{"start":{"line":74,"column":0},"end":{"line":74,"column":17}},"74":{"start":{"line":75,"column":0},"end":{"line":75,"column":16}},"75":{"start":{"line":76,"column":0},"end":{"line":76,"column":55}},"76":{"start":{"line":77,"column":0},"end":{"line":77,"column":28}},"77":{"start":{"line":78,"column":0},"end":{"line":78,"column":13}},"78":{"start":{"line":79,"column":0},"end":{"line":79,"column":9}},"79":{"start":{"line":80,"column":0},"end":{"line":80,"column":5}},"80":{"start":{"line":81,"column":0},"end":{"line":81,"column":68}},"81":{"start":{"line":82,"column":0},"end":{"line":82,"column":16}},"82":{"start":{"line":83,"column":0},"end":{"line":83,"column":8}},"83":{"start":{"line":84,"column":0},"end":{"line":84,"column":34}},"84":{"start":{"line":85,"column":0},"end":{"line":85,"column":28}},"85":{"start":{"line":86,"column":0},"end":{"line":86,"column":43}},"86":{"start":{"line":87,"column":0},"end":{"line":87,"column":9}},"87":{"start":{"line":88,"column":0},"end":{"line":88,"column":47}},"88":{"start":{"line":89,"column":0},"end":{"line":89,"column":5}},"89":{"start":{"line":90,"column":0},"end":{"line":90,"column":29}},"90":{"start":{"line":91,"column":0},"end":{"line":91,"column":44}},"91":{"start":{"line":92,"column":0},"end":{"line":92,"column":79}},"92":{"start":{"line":93,"column":0},"end":{"line":93,"column":9}},"93":{"start":{"line":94,"column":0},"end":{"line":94,"column":5}},"94":{"start":{"line":95,"column":0},"end":{"line":95,"column":60}},"95":{"start":{"line":96,"column":0},"end":{"line":96,"column":28}},"96":{"start":{"line":97,"column":0},"end":{"line":97,"column":37}},"97":{"start":{"line":98,"column":0},"end":{"line":98,"column":143}},"98":{"start":{"line":99,"column":0},"end":{"line":99,"column":9}},"99":{"start":{"line":100,"column":0},"end":{"line":100,"column":5}},"100":{"start":{"line":101,"column":0},"end":{"line":101,"column":62}},"101":{"start":{"line":102,"column":0},"end":{"line":102,"column":1}}},"s":{"0":1,"1":1,"2":1,"3":1,"4":1,"5":1,"6":1,"7":1,"8":1,"9":1,"10":1,"11":1,"12":0,"13":0,"14":0,"15":0,"16":0,"17":0,"18":1,"19":0,"20":0,"21":0,"22":1,"23":0,"24":0,"25":1,"26":5,"27":5,"28":5,"29":4,"30":4,"31":4,"32":0,"33":4,"34":4,"35":0,"36":4,"37":4,"38":4,"39":4,"40":4,"41":5,"42":5,"43":5,"44":5,"45":5,"46":5,"47":5,"48":5,"49":5,"50":5,"51":5,"52":5,"53":1,"54":0,"55":0,"56":0,"57":0,"58":0,"59":0,"60":0,"61":0,"62":0,"63":0,"64":0,"65":0,"66":0,"67":0,"68":0,"69":0,"70":0,"71":0,"72":0,"73":0,"74":0,"75":0,"76":0,"77":0,"78":0,"79":0,"80":1,"81":0,"82":0,"83":0,"84":0,"85":0,"86":0,"87":0,"88":0,"89":1,"90":5,"91":5,"92":5,"93":0,"94":1,"95":0,"96":0,"97":0,"98":0,"99":0,"100":1,"101":1},"branchMap":{"0":{"type":"branch","line":10,"loc":{"start":{"line":10,"column":4},"end":{"line":10,"column":92}},"locations":[{"start":{"line":10,"column":4},"end":{"line":10,"column":92}}]},"1":{"type":"branch","line":10,"loc":{"start":{"line":10,"column":73},"end":{"line":10,"column":90}},"locations":[{"start":{"line":10,"column":73},"end":{"line":10,"column":90}}]},"2":{"type":"branch","line":26,"loc":{"start":{"line":26,"column":21},"end":{"line":53,"column":5}},"locations":[{"start":{"line":26,"column":21},"end":{"line":53,"column":5}}]},"3":{"type":"branch","line":29,"loc":{"start":{"line":29,"column":34},"end":{"line":29,"column":57}},"locations":[{"start":{"line":29,"column":34},"end":{"line":29,"column":57}}]},"4":{"type":"branch","line":29,"loc":{"start":{"line":29,"column":59},"end":{"line":41,"column":13}},"locations":[{"start":{"line":29,"column":59},"end":{"line":41,"column":13}}]},"5":{"type":"branch","line":52,"loc":{"start":{"line":52,"column":9},"end":{"line":52,"column":32}},"locations":[{"start":{"line":52,"column":9},"end":{"line":52,"column":32}}]},"6":{"type":"branch","line":90,"loc":{"start":{"line":90,"column":15},"end":{"line":94,"column":5}},"locations":[{"start":{"line":90,"column":15},"end":{"line":94,"column":5}}]},"7":{"type":"branch","line":94,"loc":{"start":{"line":94,"column":-1},"end":{"line":94,"column":5}},"locations":[{"start":{"line":94,"column":-1},"end":{"line":94,"column":5}}]}},"b":{"0":[1],"1":[0],"2":[5],"3":[4],"4":[4],"5":[0],"6":[5],"7":[0]},"fnMap":{"0":{"name":"EventHandler","decl":{"start":{"line":10,"column":4},"end":{"line":10,"column":92}},"loc":{"start":{"line":10,"column":4},"end":{"line":10,"column":92}},"line":10},"1":{"name":"EventHandler.setState","decl":{"start":{"line":12,"column":15},"end":{"line":18,"column":5}},"loc":{"start":{"line":12,"column":15},"end":{"line":18,"column":5}},"line":12},"2":{"name":"EventHandler.setValue","decl":{"start":{"line":19,"column":15},"end":{"line":22,"column":5}},"loc":{"start":{"line":19,"column":15},"end":{"line":22,"column":5}},"line":19},"3":{"name":"EventHandler.triggerEvent","decl":{"start":{"line":23,"column":19},"end":{"line":25,"column":5}},"loc":{"start":{"line":23,"column":19},"end":{"line":25,"column":5}},"line":23},"4":{"name":"EventHandler.subscribeEvent","decl":{"start":{"line":26,"column":21},"end":{"line":53,"column":5}},"loc":{"start":{"line":26,"column":21},"end":{"line":53,"column":5}},"line":26},"5":{"name":"get","decl":{"start":{"line":32,"column":24},"end":{"line":34,"column":21}},"loc":{"start":{"line":32,"column":24},"end":{"line":34,"column":21}},"line":32},"6":{"name":"set","decl":{"start":{"line":35,"column":24},"end":{"line":37,"column":21}},"loc":{"start":{"line":35,"column":24},"end":{"line":37,"column":21}},"line":35},"7":{"name":"EventHandler.unsubscribeEvent","decl":{"start":{"line":54,"column":23},"end":{"line":80,"column":5}},"loc":{"start":{"line":54,"column":23},"end":{"line":80,"column":5}},"line":54},"8":{"name":"EventHandler.subscribeEventOnce","decl":{"start":{"line":81,"column":25},"end":{"line":89,"column":5}},"loc":{"start":{"line":81,"column":25},"end":{"line":89,"column":5}},"line":81},"9":{"name":"EventHandler.getEvent","decl":{"start":{"line":90,"column":15},"end":{"line":94,"column":5}},"loc":{"start":{"line":90,"column":15},"end":{"line":94,"column":5}},"line":90},"10":{"name":"EventHandler.getSnapshot","decl":{"start":{"line":95,"column":18},"end":{"line":100,"column":5}},"loc":{"start":{"line":95,"column":18},"end":{"line":100,"column":5}},"line":95}},"f":{"0":1,"1":0,"2":0,"3":0,"4":5,"5":0,"6":0,"7":0,"8":0,"9":5,"10":0}}
,"/Users/garrettflynn/Documents/Github/graphscript/src/core/Graph.ts": {"path":"/Users/garrettflynn/Documents/Github/graphscript/src/core/Graph.ts","all":false,"statementMap":{"0":{"start":{"line":1,"column":0},"end":{"line":1,"column":97}},"1":{"start":{"line":2,"column":0},"end":{"line":2,"column":122}},"2":{"start":{"line":3,"column":0},"end":{"line":3,"column":0}},"3":{"start":{"line":4,"column":0},"end":{"line":4,"column":46}},"4":{"start":{"line":5,"column":0},"end":{"line":5,"column":0}},"5":{"start":{"line":6,"column":0},"end":{"line":6,"column":70}},"6":{"start":{"line":7,"column":0},"end":{"line":7,"column":0}},"7":{"start":{"line":8,"column":0},"end":{"line":8,"column":0}},"8":{"start":{"line":9,"column":0},"end":{"line":9,"column":35}},"9":{"start":{"line":10,"column":0},"end":{"line":10,"column":241}},"10":{"start":{"line":11,"column":0},"end":{"line":11,"column":227}},"11":{"start":{"line":12,"column":0},"end":{"line":12,"column":118}},"12":{"start":{"line":13,"column":0},"end":{"line":13,"column":258}},"13":{"start":{"line":14,"column":0},"end":{"line":14,"column":92}},"14":{"start":{"line":15,"column":0},"end":{"line":15,"column":95}},"15":{"start":{"line":16,"column":0},"end":{"line":16,"column":71}},"16":{"start":{"line":17,"column":0},"end":{"line":17,"column":20}},"17":{"start":{"line":18,"column":0},"end":{"line":18,"column":67}},"18":{"start":{"line":19,"column":0},"end":{"line":19,"column":24}},"19":{"start":{"line":20,"column":0},"end":{"line":20,"column":6}},"20":{"start":{"line":21,"column":0},"end":{"line":21,"column":20}},"21":{"start":{"line":22,"column":0},"end":{"line":22,"column":1}},"22":{"start":{"line":23,"column":0},"end":{"line":23,"column":0}},"23":{"start":{"line":24,"column":0},"end":{"line":24,"column":0}},"24":{"start":{"line":25,"column":0},"end":{"line":25,"column":22}},"25":{"start":{"line":26,"column":0},"end":{"line":26,"column":19}},"26":{"start":{"line":27,"column":0},"end":{"line":27,"column":27}},"27":{"start":{"line":28,"column":0},"end":{"line":28,"column":16}},"28":{"start":{"line":29,"column":0},"end":{"line":29,"column":14}},"29":{"start":{"line":30,"column":0},"end":{"line":30,"column":35}},"30":{"start":{"line":31,"column":0},"end":{"line":31,"column":14}},"31":{"start":{"line":32,"column":0},"end":{"line":32,"column":8}},"32":{"start":{"line":33,"column":0},"end":{"line":33,"column":0}},"33":{"start":{"line":34,"column":0},"end":{"line":34,"column":28}},"34":{"start":{"line":35,"column":0},"end":{"line":35,"column":49}},"35":{"start":{"line":36,"column":0},"end":{"line":36,"column":14}},"36":{"start":{"line":37,"column":0},"end":{"line":37,"column":29}},"37":{"start":{"line":38,"column":0},"end":{"line":38,"column":26}},"38":{"start":{"line":39,"column":0},"end":{"line":39,"column":37}},"39":{"start":{"line":40,"column":0},"end":{"line":40,"column":39}},"40":{"start":{"line":41,"column":0},"end":{"line":41,"column":10}},"41":{"start":{"line":42,"column":0},"end":{"line":42,"column":24}},"42":{"start":{"line":43,"column":0},"end":{"line":43,"column":148}},"43":{"start":{"line":44,"column":0},"end":{"line":44,"column":20}},"44":{"start":{"line":45,"column":0},"end":{"line":45,"column":1}},"45":{"start":{"line":46,"column":0},"end":{"line":46,"column":0}},"46":{"start":{"line":47,"column":0},"end":{"line":47,"column":17}},"47":{"start":{"line":48,"column":0},"end":{"line":48,"column":24}},"48":{"start":{"line":49,"column":0},"end":{"line":49,"column":0}},"49":{"start":{"line":50,"column":0},"end":{"line":50,"column":12}},"50":{"start":{"line":51,"column":0},"end":{"line":51,"column":19}},"51":{"start":{"line":52,"column":0},"end":{"line":52,"column":22}},"52":{"start":{"line":53,"column":0},"end":{"line":53,"column":27}},"53":{"start":{"line":54,"column":0},"end":{"line":54,"column":24}},"54":{"start":{"line":55,"column":0},"end":{"line":55,"column":42}},"55":{"start":{"line":56,"column":0},"end":{"line":56,"column":64}},"56":{"start":{"line":57,"column":0},"end":{"line":57,"column":34}},"57":{"start":{"line":58,"column":0},"end":{"line":58,"column":14}},"58":{"start":{"line":59,"column":0},"end":{"line":59,"column":38}},"59":{"start":{"line":60,"column":0},"end":{"line":60,"column":35}},"60":{"start":{"line":61,"column":0},"end":{"line":61,"column":38}},"61":{"start":{"line":62,"column":0},"end":{"line":62,"column":40}},"62":{"start":{"line":63,"column":0},"end":{"line":63,"column":70}},"63":{"start":{"line":64,"column":0},"end":{"line":64,"column":70}},"64":{"start":{"line":65,"column":0},"end":{"line":65,"column":104}},"65":{"start":{"line":66,"column":0},"end":{"line":66,"column":84}},"66":{"start":{"line":67,"column":0},"end":{"line":67,"column":5}},"67":{"start":{"line":68,"column":0},"end":{"line":68,"column":0}},"68":{"start":{"line":69,"column":0},"end":{"line":69,"column":41}},"69":{"start":{"line":70,"column":0},"end":{"line":70,"column":30}},"70":{"start":{"line":71,"column":0},"end":{"line":71,"column":16}},"71":{"start":{"line":72,"column":0},"end":{"line":72,"column":17}},"72":{"start":{"line":73,"column":0},"end":{"line":73,"column":13}},"73":{"start":{"line":74,"column":0},"end":{"line":74,"column":0}},"74":{"start":{"line":75,"column":0},"end":{"line":75,"column":20}},"75":{"start":{"line":76,"column":0},"end":{"line":76,"column":4}},"76":{"start":{"line":77,"column":0},"end":{"line":77,"column":65}},"77":{"start":{"line":78,"column":0},"end":{"line":78,"column":75}},"78":{"start":{"line":79,"column":0},"end":{"line":79,"column":0}},"79":{"start":{"line":80,"column":0},"end":{"line":80,"column":30}},"80":{"start":{"line":81,"column":0},"end":{"line":81,"column":46}},"81":{"start":{"line":82,"column":0},"end":{"line":82,"column":69}},"82":{"start":{"line":83,"column":0},"end":{"line":83,"column":42}},"83":{"start":{"line":84,"column":0},"end":{"line":84,"column":95}},"84":{"start":{"line":85,"column":0},"end":{"line":85,"column":33}},"85":{"start":{"line":86,"column":0},"end":{"line":86,"column":38}},"86":{"start":{"line":87,"column":0},"end":{"line":87,"column":24}},"87":{"start":{"line":88,"column":0},"end":{"line":88,"column":74}},"88":{"start":{"line":89,"column":0},"end":{"line":89,"column":39}},"89":{"start":{"line":90,"column":0},"end":{"line":90,"column":17}},"90":{"start":{"line":91,"column":0},"end":{"line":91,"column":14}},"91":{"start":{"line":92,"column":0},"end":{"line":92,"column":52}},"92":{"start":{"line":93,"column":0},"end":{"line":93,"column":40}},"93":{"start":{"line":94,"column":0},"end":{"line":94,"column":51}},"94":{"start":{"line":95,"column":0},"end":{"line":95,"column":13}},"95":{"start":{"line":96,"column":0},"end":{"line":96,"column":9}},"96":{"start":{"line":97,"column":0},"end":{"line":97,"column":102}},"97":{"start":{"line":98,"column":0},"end":{"line":98,"column":0}},"98":{"start":{"line":99,"column":0},"end":{"line":99,"column":44}},"99":{"start":{"line":100,"column":0},"end":{"line":100,"column":167}},"100":{"start":{"line":101,"column":0},"end":{"line":101,"column":273}},"101":{"start":{"line":102,"column":0},"end":{"line":102,"column":108}},"102":{"start":{"line":103,"column":0},"end":{"line":103,"column":61}},"103":{"start":{"line":104,"column":0},"end":{"line":104,"column":59}},"104":{"start":{"line":105,"column":0},"end":{"line":105,"column":17}},"105":{"start":{"line":106,"column":0},"end":{"line":106,"column":13}},"106":{"start":{"line":107,"column":0},"end":{"line":107,"column":0}},"107":{"start":{"line":108,"column":0},"end":{"line":108,"column":56}},"108":{"start":{"line":109,"column":0},"end":{"line":109,"column":22}},"109":{"start":{"line":110,"column":0},"end":{"line":110,"column":55}},"110":{"start":{"line":111,"column":0},"end":{"line":111,"column":66}},"111":{"start":{"line":112,"column":0},"end":{"line":112,"column":45}},"112":{"start":{"line":113,"column":0},"end":{"line":113,"column":65}},"113":{"start":{"line":114,"column":0},"end":{"line":114,"column":0}},"114":{"start":{"line":115,"column":0},"end":{"line":115,"column":23}},"115":{"start":{"line":116,"column":0},"end":{"line":116,"column":48}},"116":{"start":{"line":117,"column":0},"end":{"line":117,"column":13}},"117":{"start":{"line":118,"column":0},"end":{"line":118,"column":0}},"118":{"start":{"line":119,"column":0},"end":{"line":119,"column":39}},"119":{"start":{"line":120,"column":0},"end":{"line":120,"column":64}},"120":{"start":{"line":121,"column":0},"end":{"line":121,"column":31}},"121":{"start":{"line":122,"column":0},"end":{"line":122,"column":65}},"122":{"start":{"line":123,"column":0},"end":{"line":123,"column":67}},"123":{"start":{"line":124,"column":0},"end":{"line":124,"column":95}},"124":{"start":{"line":125,"column":0},"end":{"line":125,"column":93}},"125":{"start":{"line":126,"column":0},"end":{"line":126,"column":21}},"126":{"start":{"line":127,"column":0},"end":{"line":127,"column":17}},"127":{"start":{"line":128,"column":0},"end":{"line":128,"column":64}},"128":{"start":{"line":129,"column":0},"end":{"line":129,"column":86}},"129":{"start":{"line":130,"column":0},"end":{"line":130,"column":16}},"130":{"start":{"line":131,"column":0},"end":{"line":131,"column":13}},"131":{"start":{"line":132,"column":0},"end":{"line":132,"column":0}},"132":{"start":{"line":133,"column":0},"end":{"line":133,"column":40}},"133":{"start":{"line":134,"column":0},"end":{"line":134,"column":47}},"134":{"start":{"line":135,"column":0},"end":{"line":135,"column":71}},"135":{"start":{"line":136,"column":0},"end":{"line":136,"column":21}},"136":{"start":{"line":137,"column":0},"end":{"line":137,"column":96}},"137":{"start":{"line":138,"column":0},"end":{"line":138,"column":13}},"138":{"start":{"line":139,"column":0},"end":{"line":139,"column":0}},"139":{"start":{"line":140,"column":0},"end":{"line":140,"column":77}},"140":{"start":{"line":141,"column":0},"end":{"line":141,"column":76}},"141":{"start":{"line":142,"column":0},"end":{"line":142,"column":94}},"142":{"start":{"line":143,"column":0},"end":{"line":143,"column":109}},"143":{"start":{"line":144,"column":0},"end":{"line":144,"column":12}},"144":{"start":{"line":145,"column":0},"end":{"line":145,"column":72}},"145":{"start":{"line":146,"column":0},"end":{"line":146,"column":0}},"146":{"start":{"line":147,"column":0},"end":{"line":147,"column":194}},"147":{"start":{"line":148,"column":0},"end":{"line":148,"column":0}},"148":{"start":{"line":149,"column":0},"end":{"line":149,"column":45}},"149":{"start":{"line":150,"column":0},"end":{"line":150,"column":160}},"150":{"start":{"line":151,"column":0},"end":{"line":151,"column":115}},"151":{"start":{"line":152,"column":0},"end":{"line":152,"column":0}},"152":{"start":{"line":153,"column":0},"end":{"line":153,"column":154}},"153":{"start":{"line":154,"column":0},"end":{"line":154,"column":55}},"154":{"start":{"line":155,"column":0},"end":{"line":155,"column":0}},"155":{"start":{"line":156,"column":0},"end":{"line":156,"column":17}},"156":{"start":{"line":157,"column":0},"end":{"line":157,"column":13}},"157":{"start":{"line":158,"column":0},"end":{"line":158,"column":0}},"158":{"start":{"line":159,"column":0},"end":{"line":159,"column":77}},"159":{"start":{"line":160,"column":0},"end":{"line":160,"column":12}},"160":{"start":{"line":161,"column":0},"end":{"line":161,"column":62}},"161":{"start":{"line":162,"column":0},"end":{"line":162,"column":67}},"162":{"start":{"line":163,"column":0},"end":{"line":163,"column":0}},"163":{"start":{"line":164,"column":0},"end":{"line":164,"column":12}},"164":{"start":{"line":165,"column":0},"end":{"line":165,"column":123}},"165":{"start":{"line":166,"column":0},"end":{"line":166,"column":55}},"166":{"start":{"line":167,"column":0},"end":{"line":167,"column":45}},"167":{"start":{"line":168,"column":0},"end":{"line":168,"column":107}},"168":{"start":{"line":169,"column":0},"end":{"line":169,"column":45}},"169":{"start":{"line":170,"column":0},"end":{"line":170,"column":60}},"170":{"start":{"line":171,"column":0},"end":{"line":171,"column":144}},"171":{"start":{"line":172,"column":0},"end":{"line":172,"column":106}},"172":{"start":{"line":173,"column":0},"end":{"line":173,"column":34}},"173":{"start":{"line":174,"column":0},"end":{"line":174,"column":18}},"174":{"start":{"line":175,"column":0},"end":{"line":175,"column":0}},"175":{"start":{"line":176,"column":0},"end":{"line":176,"column":50}},"176":{"start":{"line":177,"column":0},"end":{"line":177,"column":13}},"177":{"start":{"line":178,"column":0},"end":{"line":178,"column":12}},"178":{"start":{"line":179,"column":0},"end":{"line":179,"column":126}},"179":{"start":{"line":180,"column":0},"end":{"line":180,"column":0}},"180":{"start":{"line":181,"column":0},"end":{"line":181,"column":12}},"181":{"start":{"line":182,"column":0},"end":{"line":182,"column":9}},"182":{"start":{"line":183,"column":0},"end":{"line":183,"column":5}},"183":{"start":{"line":184,"column":0},"end":{"line":184,"column":0}},"184":{"start":{"line":185,"column":0},"end":{"line":185,"column":61}},"185":{"start":{"line":186,"column":0},"end":{"line":186,"column":127}},"186":{"start":{"line":187,"column":0},"end":{"line":187,"column":0}},"187":{"start":{"line":188,"column":0},"end":{"line":188,"column":137}},"188":{"start":{"line":189,"column":0},"end":{"line":189,"column":86}},"189":{"start":{"line":190,"column":0},"end":{"line":190,"column":0}},"190":{"start":{"line":191,"column":0},"end":{"line":191,"column":37}},"191":{"start":{"line":192,"column":0},"end":{"line":192,"column":60}},"192":{"start":{"line":193,"column":0},"end":{"line":193,"column":45}},"193":{"start":{"line":194,"column":0},"end":{"line":194,"column":38}},"194":{"start":{"line":195,"column":0},"end":{"line":195,"column":68}},"195":{"start":{"line":196,"column":0},"end":{"line":196,"column":44}},"196":{"start":{"line":197,"column":0},"end":{"line":197,"column":0}},"197":{"start":{"line":198,"column":0},"end":{"line":198,"column":22}},"198":{"start":{"line":199,"column":0},"end":{"line":199,"column":9}},"199":{"start":{"line":200,"column":0},"end":{"line":200,"column":0}},"200":{"start":{"line":201,"column":0},"end":{"line":201,"column":48}},"201":{"start":{"line":202,"column":0},"end":{"line":202,"column":53}},"202":{"start":{"line":203,"column":0},"end":{"line":203,"column":47}},"203":{"start":{"line":204,"column":0},"end":{"line":204,"column":94}},"204":{"start":{"line":205,"column":0},"end":{"line":205,"column":74}},"205":{"start":{"line":206,"column":0},"end":{"line":206,"column":106}},"206":{"start":{"line":207,"column":0},"end":{"line":207,"column":37}},"207":{"start":{"line":208,"column":0},"end":{"line":208,"column":13}},"208":{"start":{"line":209,"column":0},"end":{"line":209,"column":9}},"209":{"start":{"line":210,"column":0},"end":{"line":210,"column":0}},"210":{"start":{"line":211,"column":0},"end":{"line":211,"column":17}},"211":{"start":{"line":212,"column":0},"end":{"line":212,"column":70}},"212":{"start":{"line":213,"column":0},"end":{"line":213,"column":73}},"213":{"start":{"line":214,"column":0},"end":{"line":214,"column":47}},"214":{"start":{"line":215,"column":0},"end":{"line":215,"column":13}},"215":{"start":{"line":216,"column":0},"end":{"line":216,"column":13}},"216":{"start":{"line":217,"column":0},"end":{"line":217,"column":46}},"217":{"start":{"line":218,"column":0},"end":{"line":218,"column":83}},"218":{"start":{"line":219,"column":0},"end":{"line":219,"column":69}},"219":{"start":{"line":220,"column":0},"end":{"line":220,"column":13}},"220":{"start":{"line":221,"column":0},"end":{"line":221,"column":20}},"221":{"start":{"line":222,"column":0},"end":{"line":222,"column":12}},"222":{"start":{"line":223,"column":0},"end":{"line":223,"column":95}},"223":{"start":{"line":224,"column":0},"end":{"line":224,"column":0}},"224":{"start":{"line":225,"column":0},"end":{"line":225,"column":75}},"225":{"start":{"line":226,"column":0},"end":{"line":226,"column":82}},"226":{"start":{"line":227,"column":0},"end":{"line":227,"column":94}},"227":{"start":{"line":228,"column":0},"end":{"line":228,"column":102}},"228":{"start":{"line":229,"column":0},"end":{"line":229,"column":13}},"229":{"start":{"line":230,"column":0},"end":{"line":230,"column":0}},"230":{"start":{"line":231,"column":0},"end":{"line":231,"column":23}},"231":{"start":{"line":232,"column":0},"end":{"line":232,"column":9}},"232":{"start":{"line":233,"column":0},"end":{"line":233,"column":14}},"233":{"start":{"line":234,"column":0},"end":{"line":234,"column":0}},"234":{"start":{"line":235,"column":0},"end":{"line":235,"column":42}},"235":{"start":{"line":236,"column":0},"end":{"line":236,"column":46}},"236":{"start":{"line":237,"column":0},"end":{"line":237,"column":81}},"237":{"start":{"line":238,"column":0},"end":{"line":238,"column":70}},"238":{"start":{"line":239,"column":0},"end":{"line":239,"column":13}},"239":{"start":{"line":240,"column":0},"end":{"line":240,"column":0}},"240":{"start":{"line":241,"column":0},"end":{"line":241,"column":20}},"241":{"start":{"line":242,"column":0},"end":{"line":242,"column":79}},"242":{"start":{"line":243,"column":0},"end":{"line":243,"column":75}},"243":{"start":{"line":244,"column":0},"end":{"line":244,"column":82}},"244":{"start":{"line":245,"column":0},"end":{"line":245,"column":94}},"245":{"start":{"line":246,"column":0},"end":{"line":246,"column":102}},"246":{"start":{"line":247,"column":0},"end":{"line":247,"column":13}},"247":{"start":{"line":248,"column":0},"end":{"line":248,"column":0}},"248":{"start":{"line":249,"column":0},"end":{"line":249,"column":23}},"249":{"start":{"line":250,"column":0},"end":{"line":250,"column":9}},"250":{"start":{"line":251,"column":0},"end":{"line":251,"column":5}},"251":{"start":{"line":252,"column":0},"end":{"line":252,"column":4}},"252":{"start":{"line":253,"column":0},"end":{"line":253,"column":24}},"253":{"start":{"line":254,"column":0},"end":{"line":254,"column":72}},"254":{"start":{"line":255,"column":0},"end":{"line":255,"column":141}},"255":{"start":{"line":256,"column":0},"end":{"line":256,"column":122}},"256":{"start":{"line":257,"column":0},"end":{"line":257,"column":5}},"257":{"start":{"line":258,"column":0},"end":{"line":258,"column":0}},"258":{"start":{"line":259,"column":0},"end":{"line":259,"column":50}},"259":{"start":{"line":260,"column":0},"end":{"line":260,"column":27}},"260":{"start":{"line":261,"column":0},"end":{"line":261,"column":50}},"261":{"start":{"line":262,"column":0},"end":{"line":262,"column":40}},"262":{"start":{"line":263,"column":0},"end":{"line":263,"column":91}},"263":{"start":{"line":264,"column":0},"end":{"line":264,"column":37}},"264":{"start":{"line":265,"column":0},"end":{"line":265,"column":125}},"265":{"start":{"line":266,"column":0},"end":{"line":266,"column":56}},"266":{"start":{"line":267,"column":0},"end":{"line":267,"column":140}},"267":{"start":{"line":268,"column":0},"end":{"line":268,"column":102}},"268":{"start":{"line":269,"column":0},"end":{"line":269,"column":13}},"269":{"start":{"line":270,"column":0},"end":{"line":270,"column":26}},"270":{"start":{"line":271,"column":0},"end":{"line":271,"column":10}},"271":{"start":{"line":272,"column":0},"end":{"line":272,"column":0}},"272":{"start":{"line":273,"column":0},"end":{"line":273,"column":58}},"273":{"start":{"line":274,"column":0},"end":{"line":274,"column":80}},"274":{"start":{"line":275,"column":0},"end":{"line":275,"column":58}},"275":{"start":{"line":276,"column":0},"end":{"line":276,"column":108}},"276":{"start":{"line":277,"column":0},"end":{"line":277,"column":51}},"277":{"start":{"line":278,"column":0},"end":{"line":278,"column":49}},"278":{"start":{"line":279,"column":0},"end":{"line":279,"column":13}},"279":{"start":{"line":280,"column":0},"end":{"line":280,"column":9}},"280":{"start":{"line":281,"column":0},"end":{"line":281,"column":0}},"281":{"start":{"line":282,"column":0},"end":{"line":282,"column":31}},"282":{"start":{"line":283,"column":0},"end":{"line":283,"column":5}},"283":{"start":{"line":284,"column":0},"end":{"line":284,"column":0}},"284":{"start":{"line":285,"column":0},"end":{"line":285,"column":168}},"285":{"start":{"line":286,"column":0},"end":{"line":286,"column":26}},"286":{"start":{"line":287,"column":0},"end":{"line":287,"column":37}},"287":{"start":{"line":288,"column":0},"end":{"line":288,"column":40}},"288":{"start":{"line":289,"column":0},"end":{"line":289,"column":9}},"289":{"start":{"line":290,"column":0},"end":{"line":290,"column":50}},"290":{"start":{"line":291,"column":0},"end":{"line":291,"column":40}},"291":{"start":{"line":292,"column":0},"end":{"line":292,"column":47}},"292":{"start":{"line":293,"column":0},"end":{"line":293,"column":60}},"293":{"start":{"line":294,"column":0},"end":{"line":294,"column":70}},"294":{"start":{"line":295,"column":0},"end":{"line":295,"column":57}},"295":{"start":{"line":296,"column":0},"end":{"line":296,"column":131}},"296":{"start":{"line":297,"column":0},"end":{"line":297,"column":99}},"297":{"start":{"line":298,"column":0},"end":{"line":298,"column":45}},"298":{"start":{"line":299,"column":0},"end":{"line":299,"column":57}},"299":{"start":{"line":300,"column":0},"end":{"line":300,"column":106}},"300":{"start":{"line":301,"column":0},"end":{"line":301,"column":116}},"301":{"start":{"line":302,"column":0},"end":{"line":302,"column":74}},"302":{"start":{"line":303,"column":0},"end":{"line":303,"column":21}},"303":{"start":{"line":304,"column":0},"end":{"line":304,"column":20}},"304":{"start":{"line":305,"column":0},"end":{"line":305,"column":34}},"305":{"start":{"line":306,"column":0},"end":{"line":306,"column":17}},"306":{"start":{"line":307,"column":0},"end":{"line":307,"column":20}},"307":{"start":{"line":308,"column":0},"end":{"line":308,"column":47}},"308":{"start":{"line":309,"column":0},"end":{"line":309,"column":39}},"309":{"start":{"line":310,"column":0},"end":{"line":310,"column":58}},"310":{"start":{"line":311,"column":0},"end":{"line":311,"column":34}},"311":{"start":{"line":312,"column":0},"end":{"line":312,"column":102}},"312":{"start":{"line":313,"column":0},"end":{"line":313,"column":44}},"313":{"start":{"line":314,"column":0},"end":{"line":314,"column":164}},"314":{"start":{"line":315,"column":0},"end":{"line":315,"column":22}},"315":{"start":{"line":316,"column":0},"end":{"line":316,"column":24}},"316":{"start":{"line":317,"column":0},"end":{"line":317,"column":46}},"317":{"start":{"line":318,"column":0},"end":{"line":318,"column":56}},"318":{"start":{"line":319,"column":0},"end":{"line":319,"column":34}},"319":{"start":{"line":320,"column":0},"end":{"line":320,"column":102}},"320":{"start":{"line":321,"column":0},"end":{"line":321,"column":42}},"321":{"start":{"line":322,"column":0},"end":{"line":322,"column":164}},"322":{"start":{"line":323,"column":0},"end":{"line":323,"column":22}},"323":{"start":{"line":324,"column":0},"end":{"line":324,"column":17}},"324":{"start":{"line":325,"column":0},"end":{"line":325,"column":48}},"325":{"start":{"line":326,"column":0},"end":{"line":326,"column":0}},"326":{"start":{"line":327,"column":0},"end":{"line":327,"column":36}},"327":{"start":{"line":328,"column":0},"end":{"line":328,"column":29}},"328":{"start":{"line":329,"column":0},"end":{"line":329,"column":37}},"329":{"start":{"line":330,"column":0},"end":{"line":330,"column":38}},"330":{"start":{"line":331,"column":0},"end":{"line":331,"column":18}},"331":{"start":{"line":332,"column":0},"end":{"line":332,"column":0}},"332":{"start":{"line":333,"column":0},"end":{"line":333,"column":60}},"333":{"start":{"line":334,"column":0},"end":{"line":334,"column":16}},"334":{"start":{"line":335,"column":0},"end":{"line":335,"column":61}},"335":{"start":{"line":336,"column":0},"end":{"line":336,"column":85}},"336":{"start":{"line":337,"column":0},"end":{"line":337,"column":64}},"337":{"start":{"line":338,"column":0},"end":{"line":338,"column":82}},"338":{"start":{"line":339,"column":0},"end":{"line":339,"column":21}},"339":{"start":{"line":340,"column":0},"end":{"line":340,"column":17}},"340":{"start":{"line":341,"column":0},"end":{"line":341,"column":13}},"341":{"start":{"line":342,"column":0},"end":{"line":342,"column":9}},"342":{"start":{"line":343,"column":0},"end":{"line":343,"column":0}},"343":{"start":{"line":344,"column":0},"end":{"line":344,"column":37}},"344":{"start":{"line":345,"column":0},"end":{"line":345,"column":57}},"345":{"start":{"line":346,"column":0},"end":{"line":346,"column":5}},"346":{"start":{"line":347,"column":0},"end":{"line":347,"column":0}},"347":{"start":{"line":348,"column":0},"end":{"line":348,"column":70}},"348":{"start":{"line":349,"column":0},"end":{"line":349,"column":30}},"349":{"start":{"line":350,"column":0},"end":{"line":350,"column":47}},"350":{"start":{"line":351,"column":0},"end":{"line":351,"column":34}},"351":{"start":{"line":352,"column":0},"end":{"line":352,"column":30}},"352":{"start":{"line":353,"column":0},"end":{"line":353,"column":50}},"353":{"start":{"line":354,"column":0},"end":{"line":354,"column":95}},"354":{"start":{"line":355,"column":0},"end":{"line":355,"column":48}},"355":{"start":{"line":356,"column":0},"end":{"line":356,"column":21}},"356":{"start":{"line":357,"column":0},"end":{"line":357,"column":24}},"357":{"start":{"line":358,"column":0},"end":{"line":358,"column":40}},"358":{"start":{"line":359,"column":0},"end":{"line":359,"column":48}},"359":{"start":{"line":360,"column":0},"end":{"line":360,"column":41}},"360":{"start":{"line":361,"column":0},"end":{"line":361,"column":43}},"361":{"start":{"line":362,"column":0},"end":{"line":362,"column":26}},"362":{"start":{"line":363,"column":0},"end":{"line":363,"column":41}},"363":{"start":{"line":364,"column":0},"end":{"line":364,"column":42}},"364":{"start":{"line":365,"column":0},"end":{"line":365,"column":21}},"365":{"start":{"line":366,"column":0},"end":{"line":366,"column":0}},"366":{"start":{"line":367,"column":0},"end":{"line":367,"column":63}},"367":{"start":{"line":368,"column":0},"end":{"line":368,"column":17}},"368":{"start":{"line":369,"column":0},"end":{"line":369,"column":15}},"369":{"start":{"line":370,"column":0},"end":{"line":370,"column":9}},"370":{"start":{"line":371,"column":0},"end":{"line":371,"column":5}},"371":{"start":{"line":372,"column":0},"end":{"line":372,"column":0}},"372":{"start":{"line":373,"column":0},"end":{"line":373,"column":45}},"373":{"start":{"line":374,"column":0},"end":{"line":374,"column":87}},"374":{"start":{"line":375,"column":0},"end":{"line":375,"column":113}},"375":{"start":{"line":376,"column":0},"end":{"line":376,"column":43}},"376":{"start":{"line":377,"column":0},"end":{"line":377,"column":5}},"377":{"start":{"line":378,"column":0},"end":{"line":378,"column":0}},"378":{"start":{"line":379,"column":0},"end":{"line":379,"column":48}},"379":{"start":{"line":380,"column":0},"end":{"line":380,"column":90}},"380":{"start":{"line":381,"column":0},"end":{"line":381,"column":122}},"381":{"start":{"line":382,"column":0},"end":{"line":382,"column":46}},"382":{"start":{"line":383,"column":0},"end":{"line":383,"column":5}},"383":{"start":{"line":384,"column":0},"end":{"line":384,"column":0}},"384":{"start":{"line":385,"column":0},"end":{"line":385,"column":32}},"385":{"start":{"line":386,"column":0},"end":{"line":386,"column":82}},"386":{"start":{"line":387,"column":0},"end":{"line":387,"column":112}},"387":{"start":{"line":388,"column":0},"end":{"line":388,"column":5}},"388":{"start":{"line":389,"column":0},"end":{"line":389,"column":0}},"389":{"start":{"line":390,"column":0},"end":{"line":390,"column":35}},"390":{"start":{"line":391,"column":0},"end":{"line":391,"column":84}},"391":{"start":{"line":392,"column":0},"end":{"line":392,"column":116}},"392":{"start":{"line":393,"column":0},"end":{"line":393,"column":5}},"393":{"start":{"line":394,"column":0},"end":{"line":394,"column":0}},"394":{"start":{"line":395,"column":0},"end":{"line":395,"column":1}},"395":{"start":{"line":396,"column":0},"end":{"line":396,"column":0}},"396":{"start":{"line":397,"column":0},"end":{"line":397,"column":20}},"397":{"start":{"line":398,"column":0},"end":{"line":398,"column":0}},"398":{"start":{"line":399,"column":0},"end":{"line":399,"column":21}},"399":{"start":{"line":400,"column":0},"end":{"line":400,"column":0}},"400":{"start":{"line":401,"column":0},"end":{"line":401,"column":12}},"401":{"start":{"line":402,"column":0},"end":{"line":402,"column":19}},"402":{"start":{"line":403,"column":0},"end":{"line":403,"column":22}},"403":{"start":{"line":404,"column":0},"end":{"line":404,"column":27}},"404":{"start":{"line":405,"column":0},"end":{"line":405,"column":40}},"405":{"start":{"line":406,"column":0},"end":{"line":406,"column":33}},"406":{"start":{"line":407,"column":0},"end":{"line":407,"column":27}},"407":{"start":{"line":408,"column":0},"end":{"line":408,"column":24}},"408":{"start":{"line":409,"column":0},"end":{"line":409,"column":9}},"409":{"start":{"line":410,"column":0},"end":{"line":410,"column":65}},"410":{"start":{"line":411,"column":0},"end":{"line":411,"column":34}},"411":{"start":{"line":412,"column":0},"end":{"line":412,"column":24}},"412":{"start":{"line":413,"column":0},"end":{"line":413,"column":14}},"413":{"start":{"line":414,"column":0},"end":{"line":414,"column":153}},"414":{"start":{"line":415,"column":0},"end":{"line":415,"column":34}},"415":{"start":{"line":416,"column":0},"end":{"line":416,"column":36}},"416":{"start":{"line":417,"column":0},"end":{"line":417,"column":5}},"417":{"start":{"line":418,"column":0},"end":{"line":418,"column":0}},"418":{"start":{"line":419,"column":0},"end":{"line":419,"column":0}},"419":{"start":{"line":420,"column":0},"end":{"line":420,"column":16}},"420":{"start":{"line":421,"column":0},"end":{"line":421,"column":29}},"421":{"start":{"line":422,"column":0},"end":{"line":422,"column":7}},"422":{"start":{"line":423,"column":0},"end":{"line":423,"column":27}},"423":{"start":{"line":424,"column":0},"end":{"line":424,"column":5}},"424":{"start":{"line":425,"column":0},"end":{"line":425,"column":0}},"425":{"start":{"line":426,"column":0},"end":{"line":426,"column":38}},"426":{"start":{"line":427,"column":0},"end":{"line":427,"column":21}},"427":{"start":{"line":428,"column":0},"end":{"line":428,"column":73}},"428":{"start":{"line":429,"column":0},"end":{"line":429,"column":55}},"429":{"start":{"line":430,"column":0},"end":{"line":430,"column":9}},"430":{"start":{"line":431,"column":0},"end":{"line":431,"column":5}},"431":{"start":{"line":432,"column":0},"end":{"line":432,"column":0}},"432":{"start":{"line":433,"column":0},"end":{"line":433,"column":42}},"433":{"start":{"line":434,"column":0},"end":{"line":434,"column":0}},"434":{"start":{"line":435,"column":0},"end":{"line":435,"column":93}},"435":{"start":{"line":436,"column":0},"end":{"line":436,"column":0}},"436":{"start":{"line":437,"column":0},"end":{"line":437,"column":42}},"437":{"start":{"line":438,"column":0},"end":{"line":438,"column":113}},"438":{"start":{"line":439,"column":0},"end":{"line":439,"column":0}},"439":{"start":{"line":440,"column":0},"end":{"line":440,"column":68}},"440":{"start":{"line":441,"column":0},"end":{"line":441,"column":0}},"441":{"start":{"line":442,"column":0},"end":{"line":442,"column":32}},"442":{"start":{"line":443,"column":0},"end":{"line":443,"column":26}},"443":{"start":{"line":444,"column":0},"end":{"line":444,"column":106}},"444":{"start":{"line":445,"column":0},"end":{"line":445,"column":51}},"445":{"start":{"line":446,"column":0},"end":{"line":446,"column":106}},"446":{"start":{"line":447,"column":0},"end":{"line":447,"column":47}},"447":{"start":{"line":448,"column":0},"end":{"line":448,"column":16}},"448":{"start":{"line":449,"column":0},"end":{"line":449,"column":64}},"449":{"start":{"line":450,"column":0},"end":{"line":450,"column":34}},"450":{"start":{"line":451,"column":0},"end":{"line":451,"column":66}},"451":{"start":{"line":452,"column":0},"end":{"line":452,"column":51}},"452":{"start":{"line":453,"column":0},"end":{"line":453,"column":13}},"453":{"start":{"line":454,"column":0},"end":{"line":454,"column":39}},"454":{"start":{"line":455,"column":0},"end":{"line":455,"column":48}},"455":{"start":{"line":456,"column":0},"end":{"line":456,"column":9}},"456":{"start":{"line":457,"column":0},"end":{"line":457,"column":0}},"457":{"start":{"line":458,"column":0},"end":{"line":458,"column":35}},"458":{"start":{"line":459,"column":0},"end":{"line":459,"column":37}},"459":{"start":{"line":460,"column":0},"end":{"line":460,"column":0}},"460":{"start":{"line":461,"column":0},"end":{"line":461,"column":46}},"461":{"start":{"line":462,"column":0},"end":{"line":462,"column":0}},"462":{"start":{"line":463,"column":0},"end":{"line":463,"column":5}},"463":{"start":{"line":464,"column":0},"end":{"line":464,"column":0}},"464":{"start":{"line":465,"column":0},"end":{"line":465,"column":153}},"465":{"start":{"line":466,"column":0},"end":{"line":466,"column":51}},"466":{"start":{"line":467,"column":0},"end":{"line":467,"column":56}},"467":{"start":{"line":468,"column":0},"end":{"line":468,"column":0}},"468":{"start":{"line":469,"column":0},"end":{"line":469,"column":35}},"469":{"start":{"line":470,"column":0},"end":{"line":470,"column":5}},"470":{"start":{"line":471,"column":0},"end":{"line":471,"column":0}},"471":{"start":{"line":472,"column":0},"end":{"line":472,"column":53}},"472":{"start":{"line":473,"column":0},"end":{"line":473,"column":46}},"473":{"start":{"line":474,"column":0},"end":{"line":474,"column":61}},"474":{"start":{"line":475,"column":0},"end":{"line":475,"column":125}},"475":{"start":{"line":476,"column":0},"end":{"line":476,"column":108}},"476":{"start":{"line":477,"column":0},"end":{"line":477,"column":117}},"477":{"start":{"line":478,"column":0},"end":{"line":478,"column":202}},"478":{"start":{"line":479,"column":0},"end":{"line":479,"column":5}},"479":{"start":{"line":480,"column":0},"end":{"line":480,"column":0}},"480":{"start":{"line":481,"column":0},"end":{"line":481,"column":57}},"481":{"start":{"line":482,"column":0},"end":{"line":482,"column":0}},"482":{"start":{"line":483,"column":0},"end":{"line":483,"column":61}},"483":{"start":{"line":484,"column":0},"end":{"line":484,"column":65}},"484":{"start":{"line":485,"column":0},"end":{"line":485,"column":0}},"485":{"start":{"line":486,"column":0},"end":{"line":486,"column":22}},"486":{"start":{"line":487,"column":0},"end":{"line":487,"column":46}},"487":{"start":{"line":488,"column":0},"end":{"line":488,"column":69}},"488":{"start":{"line":489,"column":0},"end":{"line":489,"column":207}},"489":{"start":{"line":490,"column":0},"end":{"line":490,"column":101}},"490":{"start":{"line":491,"column":0},"end":{"line":491,"column":58}},"491":{"start":{"line":492,"column":0},"end":{"line":492,"column":9}},"492":{"start":{"line":493,"column":0},"end":{"line":493,"column":92}},"493":{"start":{"line":494,"column":0},"end":{"line":494,"column":8}},"494":{"start":{"line":495,"column":0},"end":{"line":495,"column":24}},"495":{"start":{"line":496,"column":0},"end":{"line":496,"column":105}},"496":{"start":{"line":497,"column":0},"end":{"line":497,"column":9}},"497":{"start":{"line":498,"column":0},"end":{"line":498,"column":54}},"498":{"start":{"line":499,"column":0},"end":{"line":499,"column":48}},"499":{"start":{"line":500,"column":0},"end":{"line":500,"column":0}},"500":{"start":{"line":501,"column":0},"end":{"line":501,"column":110}},"501":{"start":{"line":502,"column":0},"end":{"line":502,"column":21}},"502":{"start":{"line":503,"column":0},"end":{"line":503,"column":44}},"503":{"start":{"line":504,"column":0},"end":{"line":504,"column":77}},"504":{"start":{"line":505,"column":0},"end":{"line":505,"column":43}},"505":{"start":{"line":506,"column":0},"end":{"line":506,"column":71}},"506":{"start":{"line":507,"column":0},"end":{"line":507,"column":124}},"507":{"start":{"line":508,"column":0},"end":{"line":508,"column":71}},"508":{"start":{"line":509,"column":0},"end":{"line":509,"column":12}},"509":{"start":{"line":510,"column":0},"end":{"line":510,"column":34}},"510":{"start":{"line":511,"column":0},"end":{"line":511,"column":62}},"511":{"start":{"line":512,"column":0},"end":{"line":512,"column":13}},"512":{"start":{"line":513,"column":0},"end":{"line":513,"column":4}},"513":{"start":{"line":514,"column":0},"end":{"line":514,"column":33}},"514":{"start":{"line":515,"column":0},"end":{"line":515,"column":68}},"515":{"start":{"line":516,"column":0},"end":{"line":516,"column":84}},"516":{"start":{"line":517,"column":0},"end":{"line":517,"column":13}},"517":{"start":{"line":518,"column":0},"end":{"line":518,"column":4}},"518":{"start":{"line":519,"column":0},"end":{"line":519,"column":39}},"519":{"start":{"line":520,"column":0},"end":{"line":520,"column":41}},"520":{"start":{"line":521,"column":0},"end":{"line":521,"column":4}},"521":{"start":{"line":522,"column":0},"end":{"line":522,"column":35}},"522":{"start":{"line":523,"column":0},"end":{"line":523,"column":0}},"523":{"start":{"line":524,"column":0},"end":{"line":524,"column":24}},"524":{"start":{"line":525,"column":0},"end":{"line":525,"column":0}},"525":{"start":{"line":526,"column":0},"end":{"line":526,"column":9}},"526":{"start":{"line":527,"column":0},"end":{"line":527,"column":0}},"527":{"start":{"line":528,"column":0},"end":{"line":528,"column":15}},"528":{"start":{"line":529,"column":0},"end":{"line":529,"column":5}},"529":{"start":{"line":530,"column":0},"end":{"line":530,"column":0}},"530":{"start":{"line":531,"column":0},"end":{"line":531,"column":55}},"531":{"start":{"line":532,"column":0},"end":{"line":532,"column":54}},"532":{"start":{"line":533,"column":0},"end":{"line":533,"column":32}},"533":{"start":{"line":534,"column":0},"end":{"line":534,"column":44}},"534":{"start":{"line":535,"column":0},"end":{"line":535,"column":32}},"535":{"start":{"line":536,"column":0},"end":{"line":536,"column":42}},"536":{"start":{"line":537,"column":0},"end":{"line":537,"column":26}},"537":{"start":{"line":538,"column":0},"end":{"line":538,"column":41}},"538":{"start":{"line":539,"column":0},"end":{"line":539,"column":64}},"539":{"start":{"line":540,"column":0},"end":{"line":540,"column":81}},"540":{"start":{"line":541,"column":0},"end":{"line":541,"column":137}},"541":{"start":{"line":542,"column":0},"end":{"line":542,"column":44}},"542":{"start":{"line":543,"column":0},"end":{"line":543,"column":47}},"543":{"start":{"line":544,"column":0},"end":{"line":544,"column":74}},"544":{"start":{"line":545,"column":0},"end":{"line":545,"column":46}},"545":{"start":{"line":546,"column":0},"end":{"line":546,"column":48}},"546":{"start":{"line":547,"column":0},"end":{"line":547,"column":78}},"547":{"start":{"line":548,"column":0},"end":{"line":548,"column":48}},"548":{"start":{"line":549,"column":0},"end":{"line":549,"column":13}},"549":{"start":{"line":550,"column":0},"end":{"line":550,"column":0}},"550":{"start":{"line":551,"column":0},"end":{"line":551,"column":39}},"551":{"start":{"line":552,"column":0},"end":{"line":552,"column":16}},"552":{"start":{"line":553,"column":0},"end":{"line":553,"column":61}},"553":{"start":{"line":554,"column":0},"end":{"line":554,"column":92}},"554":{"start":{"line":555,"column":0},"end":{"line":555,"column":17}},"555":{"start":{"line":556,"column":0},"end":{"line":556,"column":44}},"556":{"start":{"line":557,"column":0},"end":{"line":557,"column":53}},"557":{"start":{"line":558,"column":0},"end":{"line":558,"column":64}},"558":{"start":{"line":559,"column":0},"end":{"line":559,"column":260}},"559":{"start":{"line":560,"column":0},"end":{"line":560,"column":36}},"560":{"start":{"line":561,"column":0},"end":{"line":561,"column":57}},"561":{"start":{"line":562,"column":0},"end":{"line":562,"column":29}},"562":{"start":{"line":563,"column":0},"end":{"line":563,"column":75}},"563":{"start":{"line":564,"column":0},"end":{"line":564,"column":199}},"564":{"start":{"line":565,"column":0},"end":{"line":565,"column":81}},"565":{"start":{"line":566,"column":0},"end":{"line":566,"column":88}},"566":{"start":{"line":567,"column":0},"end":{"line":567,"column":69}},"567":{"start":{"line":568,"column":0},"end":{"line":568,"column":55}},"568":{"start":{"line":569,"column":0},"end":{"line":569,"column":51}},"569":{"start":{"line":570,"column":0},"end":{"line":570,"column":118}},"570":{"start":{"line":571,"column":0},"end":{"line":571,"column":67}},"571":{"start":{"line":572,"column":0},"end":{"line":572,"column":123}},"572":{"start":{"line":573,"column":0},"end":{"line":573,"column":42}},"573":{"start":{"line":574,"column":0},"end":{"line":574,"column":70}},"574":{"start":{"line":575,"column":0},"end":{"line":575,"column":21}},"575":{"start":{"line":576,"column":0},"end":{"line":576,"column":41}},"576":{"start":{"line":577,"column":0},"end":{"line":577,"column":76}},"577":{"start":{"line":578,"column":0},"end":{"line":578,"column":92}},"578":{"start":{"line":579,"column":0},"end":{"line":579,"column":21}},"579":{"start":{"line":580,"column":0},"end":{"line":580,"column":20}},"580":{"start":{"line":581,"column":0},"end":{"line":581,"column":43}},"581":{"start":{"line":582,"column":0},"end":{"line":582,"column":17}},"582":{"start":{"line":583,"column":0},"end":{"line":583,"column":13}},"583":{"start":{"line":584,"column":0},"end":{"line":584,"column":10}},"584":{"start":{"line":585,"column":0},"end":{"line":585,"column":25}},"585":{"start":{"line":586,"column":0},"end":{"line":586,"column":5}},"586":{"start":{"line":587,"column":0},"end":{"line":587,"column":0}},"587":{"start":{"line":588,"column":0},"end":{"line":588,"column":70}},"588":{"start":{"line":589,"column":0},"end":{"line":589,"column":31}},"589":{"start":{"line":590,"column":0},"end":{"line":590,"column":0}},"590":{"start":{"line":591,"column":0},"end":{"line":591,"column":59}},"591":{"start":{"line":592,"column":0},"end":{"line":592,"column":0}},"592":{"start":{"line":593,"column":0},"end":{"line":593,"column":39}},"593":{"start":{"line":594,"column":0},"end":{"line":594,"column":41}},"594":{"start":{"line":595,"column":0},"end":{"line":595,"column":54}},"595":{"start":{"line":596,"column":0},"end":{"line":596,"column":0}},"596":{"start":{"line":597,"column":0},"end":{"line":597,"column":32}},"597":{"start":{"line":598,"column":0},"end":{"line":598,"column":42}},"598":{"start":{"line":599,"column":0},"end":{"line":599,"column":13}},"599":{"start":{"line":600,"column":0},"end":{"line":600,"column":0}},"600":{"start":{"line":601,"column":0},"end":{"line":601,"column":38}},"601":{"start":{"line":602,"column":0},"end":{"line":602,"column":1}},"602":{"start":{"line":603,"column":0},"end":{"line":603,"column":44}},"603":{"start":{"line":604,"column":0},"end":{"line":604,"column":37}},"604":{"start":{"line":605,"column":0},"end":{"line":605,"column":45}},"605":{"start":{"line":606,"column":0},"end":{"line":606,"column":51}},"606":{"start":{"line":607,"column":0},"end":{"line":607,"column":63}},"607":{"start":{"line":608,"column":0},"end":{"line":608,"column":37}},"608":{"start":{"line":609,"column":0},"end":{"line":609,"column":49}},"609":{"start":{"line":610,"column":0},"end":{"line":610,"column":0}},"610":{"start":{"line":611,"column":0},"end":{"line":611,"column":64}},"611":{"start":{"line":612,"column":0},"end":{"line":612,"column":106}},"612":{"start":{"line":613,"column":0},"end":{"line":613,"column":0}},"613":{"start":{"line":614,"column":0},"end":{"line":614,"column":40}},"614":{"start":{"line":615,"column":0},"end":{"line":615,"column":52}},"615":{"start":{"line":616,"column":0},"end":{"line":616,"column":21}},"616":{"start":{"line":617,"column":0},"end":{"line":617,"column":0}},"617":{"start":{"line":618,"column":0},"end":{"line":618,"column":48}},"618":{"start":{"line":619,"column":0},"end":{"line":619,"column":19}},"619":{"start":{"line":620,"column":0},"end":{"line":620,"column":43}},"620":{"start":{"line":621,"column":0},"end":{"line":621,"column":59}},"621":{"start":{"line":622,"column":0},"end":{"line":622,"column":21}},"622":{"start":{"line":623,"column":0},"end":{"line":623,"column":0}},"623":{"start":{"line":624,"column":0},"end":{"line":624,"column":53}},"624":{"start":{"line":625,"column":0},"end":{"line":625,"column":18}},"625":{"start":{"line":626,"column":0},"end":{"line":626,"column":13}},"626":{"start":{"line":627,"column":0},"end":{"line":627,"column":0}},"627":{"start":{"line":628,"column":0},"end":{"line":628,"column":33}},"628":{"start":{"line":629,"column":0},"end":{"line":629,"column":49}},"629":{"start":{"line":630,"column":0},"end":{"line":630,"column":13}},"630":{"start":{"line":631,"column":0},"end":{"line":631,"column":9}},"631":{"start":{"line":632,"column":0},"end":{"line":632,"column":0}},"632":{"start":{"line":633,"column":0},"end":{"line":633,"column":66}},"633":{"start":{"line":634,"column":0},"end":{"line":634,"column":43}},"634":{"start":{"line":635,"column":0},"end":{"line":635,"column":115}},"635":{"start":{"line":636,"column":0},"end":{"line":636,"column":9}},"636":{"start":{"line":637,"column":0},"end":{"line":637,"column":0}},"637":{"start":{"line":638,"column":0},"end":{"line":638,"column":20}},"638":{"start":{"line":639,"column":0},"end":{"line":639,"column":5}},"639":{"start":{"line":640,"column":0},"end":{"line":640,"column":0}},"640":{"start":{"line":641,"column":0},"end":{"line":641,"column":53}},"641":{"start":{"line":642,"column":0},"end":{"line":642,"column":38}},"642":{"start":{"line":643,"column":0},"end":{"line":643,"column":36}},"643":{"start":{"line":644,"column":0},"end":{"line":644,"column":43}},"644":{"start":{"line":645,"column":0},"end":{"line":645,"column":71}},"645":{"start":{"line":646,"column":0},"end":{"line":646,"column":148}},"646":{"start":{"line":647,"column":0},"end":{"line":647,"column":68}},"647":{"start":{"line":648,"column":0},"end":{"line":648,"column":9}},"648":{"start":{"line":649,"column":0},"end":{"line":649,"column":45}},"649":{"start":{"line":650,"column":0},"end":{"line":650,"column":60}},"650":{"start":{"line":651,"column":0},"end":{"line":651,"column":9}},"651":{"start":{"line":652,"column":0},"end":{"line":652,"column":5}},"652":{"start":{"line":653,"column":0},"end":{"line":653,"column":0}},"653":{"start":{"line":654,"column":0},"end":{"line":654,"column":69}},"654":{"start":{"line":655,"column":0},"end":{"line":655,"column":35}},"655":{"start":{"line":656,"column":0},"end":{"line":656,"column":37}},"656":{"start":{"line":657,"column":0},"end":{"line":657,"column":37}},"657":{"start":{"line":658,"column":0},"end":{"line":658,"column":52}},"658":{"start":{"line":659,"column":0},"end":{"line":659,"column":48}},"659":{"start":{"line":660,"column":0},"end":{"line":660,"column":40}},"660":{"start":{"line":661,"column":0},"end":{"line":661,"column":28}},"661":{"start":{"line":662,"column":0},"end":{"line":662,"column":117}},"662":{"start":{"line":663,"column":0},"end":{"line":663,"column":106}},"663":{"start":{"line":664,"column":0},"end":{"line":664,"column":60}},"664":{"start":{"line":665,"column":0},"end":{"line":665,"column":75}},"665":{"start":{"line":666,"column":0},"end":{"line":666,"column":91}},"666":{"start":{"line":667,"column":0},"end":{"line":667,"column":129}},"667":{"start":{"line":668,"column":0},"end":{"line":668,"column":29}},"668":{"start":{"line":669,"column":0},"end":{"line":669,"column":50}},"669":{"start":{"line":670,"column":0},"end":{"line":670,"column":36}},"670":{"start":{"line":671,"column":0},"end":{"line":671,"column":41}},"671":{"start":{"line":672,"column":0},"end":{"line":672,"column":80}},"672":{"start":{"line":673,"column":0},"end":{"line":673,"column":55}},"673":{"start":{"line":674,"column":0},"end":{"line":674,"column":43}},"674":{"start":{"line":675,"column":0},"end":{"line":675,"column":177}},"675":{"start":{"line":676,"column":0},"end":{"line":676,"column":209}},"676":{"start":{"line":677,"column":0},"end":{"line":677,"column":74}},"677":{"start":{"line":678,"column":0},"end":{"line":678,"column":37}},"678":{"start":{"line":679,"column":0},"end":{"line":679,"column":40}},"679":{"start":{"line":680,"column":0},"end":{"line":680,"column":144}},"680":{"start":{"line":681,"column":0},"end":{"line":681,"column":206}},"681":{"start":{"line":682,"column":0},"end":{"line":682,"column":70}},"682":{"start":{"line":683,"column":0},"end":{"line":683,"column":33}},"683":{"start":{"line":684,"column":0},"end":{"line":684,"column":29}},"684":{"start":{"line":685,"column":0},"end":{"line":685,"column":25}},"685":{"start":{"line":686,"column":0},"end":{"line":686,"column":21}},"686":{"start":{"line":687,"column":0},"end":{"line":687,"column":54}},"687":{"start":{"line":688,"column":0},"end":{"line":688,"column":113}},"688":{"start":{"line":689,"column":0},"end":{"line":689,"column":151}},"689":{"start":{"line":690,"column":0},"end":{"line":690,"column":164}},"690":{"start":{"line":691,"column":0},"end":{"line":691,"column":32}},"691":{"start":{"line":692,"column":0},"end":{"line":692,"column":72}},"692":{"start":{"line":693,"column":0},"end":{"line":693,"column":46}},"693":{"start":{"line":694,"column":0},"end":{"line":694,"column":35}},"694":{"start":{"line":695,"column":0},"end":{"line":695,"column":160}},"695":{"start":{"line":696,"column":0},"end":{"line":696,"column":185}},"696":{"start":{"line":697,"column":0},"end":{"line":697,"column":62}},"697":{"start":{"line":698,"column":0},"end":{"line":698,"column":29}},"698":{"start":{"line":699,"column":0},"end":{"line":699,"column":32}},"699":{"start":{"line":700,"column":0},"end":{"line":700,"column":131}},"700":{"start":{"line":701,"column":0},"end":{"line":701,"column":182}},"701":{"start":{"line":702,"column":0},"end":{"line":702,"column":58}},"702":{"start":{"line":703,"column":0},"end":{"line":703,"column":25}},"703":{"start":{"line":704,"column":0},"end":{"line":704,"column":43}},"704":{"start":{"line":705,"column":0},"end":{"line":705,"column":21}},"705":{"start":{"line":706,"column":0},"end":{"line":706,"column":17}},"706":{"start":{"line":707,"column":0},"end":{"line":707,"column":13}},"707":{"start":{"line":708,"column":0},"end":{"line":708,"column":9}},"708":{"start":{"line":709,"column":0},"end":{"line":709,"column":5}},"709":{"start":{"line":710,"column":0},"end":{"line":710,"column":0}},"710":{"start":{"line":711,"column":0},"end":{"line":711,"column":66}},"711":{"start":{"line":712,"column":0},"end":{"line":712,"column":72}},"712":{"start":{"line":713,"column":0},"end":{"line":713,"column":31}},"713":{"start":{"line":714,"column":0},"end":{"line":714,"column":45}},"714":{"start":{"line":715,"column":0},"end":{"line":715,"column":44}},"715":{"start":{"line":716,"column":0},"end":{"line":716,"column":48}},"716":{"start":{"line":717,"column":0},"end":{"
[...]
,"line":435,"loc":{"start":{"line":435,"column":80},"end":{"line":435,"column":84}},"locations":[{"start":{"line":435,"column":80},"end":{"line":435,"column":84}}]},"56":{"type":"branch","line":438,"loc":{"start":{"line":438,"column":23},"end":{"line":438,"column":41}},"locations":[{"start":{"line":438,"column":23},"end":{"line":438,"column":41}}]},"57":{"type":"branch","line":443,"loc":{"start":{"line":443,"column":25},"end":{"line":454,"column":15}},"locations":[{"start":{"line":443,"column":25},"end":{"line":454,"column":15}}]},"58":{"type":"branch","line":454,"loc":{"start":{"line":454,"column":38},"end":{"line":456,"column":9}},"locations":[{"start":{"line":454,"column":38},"end":{"line":456,"column":9}}]},"59":{"type":"branch","line":472,"loc":{"start":{"line":472,"column":17},"end":{"line":479,"column":5}},"locations":[{"start":{"line":472,"column":17},"end":{"line":479,"column":5}}]},"60":{"type":"branch","line":473,"loc":{"start":{"line":473,"column":44},"end":{"line":479,"column":5}},"locations":[{"start":{"line":473,"column":44},"end":{"line":479,"column":5}}]},"61":{"type":"branch","line":531,"loc":{"start":{"line":531,"column":19},"end":{"line":586,"column":5}},"locations":[{"start":{"line":531,"column":19},"end":{"line":586,"column":5}}]},"62":{"type":"branch","line":533,"loc":{"start":{"line":533,"column":31},"end":{"line":584,"column":10}},"locations":[{"start":{"line":533,"column":31},"end":{"line":584,"column":10}}]},"63":{"type":"branch","line":534,"loc":{"start":{"line":534,"column":35},"end":{"line":534,"column":44}},"locations":[{"start":{"line":534,"column":35},"end":{"line":534,"column":44}}]},"64":{"type":"branch","line":536,"loc":{"start":{"line":536,"column":33},"end":{"line":536,"column":42}},"locations":[{"start":{"line":536,"column":33},"end":{"line":536,"column":42}}]},"65":{"type":"branch","line":538,"loc":{"start":{"line":538,"column":40},"end":{"line":543,"column":19}},"locations":[{"start":{"line":538,"column":40},"end":{"line":543,"column":19}}]},"66":{"type":"branch","line":539,"loc":{"start":{"line":539,"column":37},"end":{"line":542,"column":44}},"locations":[{"start":{"line":539,"column":37},"end":{"line":542,"column":44}}]},"67":{"type":"branch","line":541,"loc":{"start":{"line":541,"column":47},"end":{"line":541,"column":113}},"locations":[{"start":{"line":541,"column":47},"end":{"line":541,"column":113}}]},"68":{"type":"branch","line":543,"loc":{"start":{"line":543,"column":13},"end":{"line":549,"column":13}},"locations":[{"start":{"line":543,"column":13},"end":{"line":549,"column":13}}]},"69":{"type":"branch","line":543,"loc":{"start":{"line":543,"column":46},"end":{"line":546,"column":19}},"locations":[{"start":{"line":543,"column":46},"end":{"line":546,"column":19}}]},"70":{"type":"branch","line":546,"loc":{"start":{"line":546,"column":47},"end":{"line":549,"column":13}},"locations":[{"start":{"line":546,"column":47},"end":{"line":549,"column":13}}]},"71":{"type":"branch","line":559,"loc":{"start":{"line":559,"column":42},"end":{"line":559,"column":115}},"locations":[{"start":{"line":559,"column":42},"end":{"line":559,"column":115}}]},"72":{"type":"branch","line":559,"loc":{"start":{"line":559,"column":190},"end":{"line":559,"column":199}},"locations":[{"start":{"line":559,"column":190},"end":{"line":559,"column":199}}]},"73":{"type":"branch","line":561,"loc":{"start":{"line":561,"column":56},"end":{"line":563,"column":23}},"locations":[{"start":{"line":561,"column":56},"end":{"line":563,"column":23}}]},"74":{"type":"branch","line":564,"loc":{"start":{"line":564,"column":41},"end":{"line":564,"column":55}},"locations":[{"start":{"line":564,"column":41},"end":{"line":564,"column":55}}]},"75":{"type":"branch","line":564,"loc":{"start":{"line":564,"column":55},"end":{"line":564,"column":86}},"locations":[{"start":{"line":564,"column":55},"end":{"line":564,"column":86}}]},"76":{"type":"branch","line":564,"loc":{"start":{"line":564,"column":88},"end":{"line":568,"column":23}},"locations":[{"start":{"line":564,"column":88},"end":{"line":568,"column":23}}]},"77":{"type":"branch","line":573,"loc":{"start":{"line":573,"column":41},"end":{"line":575,"column":21}},"locations":[{"start":{"line":573,"column":41},"end":{"line":575,"column":21}}]},"78":{"type":"branch","line":576,"loc":{"start":{"line":576,"column":40},"end":{"line":579,"column":21}},"locations":[{"start":{"line":576,"column":40},"end":{"line":579,"column":21}}]},"79":{"type":"branch","line":654,"loc":{"start":{"line":654,"column":19},"end":{"line":709,"column":5}},"locations":[{"start":{"line":654,"column":19},"end":{"line":709,"column":5}}]},"80":{"type":"branch","line":656,"loc":{"start":{"line":656,"column":36},"end":{"line":708,"column":9}},"locations":[{"start":{"line":656,"column":36},"end":{"line":708,"column":9}}]},"81":{"type":"branch","line":659,"loc":{"start":{"line":659,"column":47},"end":{"line":706,"column":17}},"locations":[{"start":{"line":659,"column":47},"end":{"line":706,"column":17}}]},"82":{"type":"branch","line":663,"loc":{"start":{"line":663,"column":-1},"end":{"line":686,"column":21}},"locations":[{"start":{"line":663,"column":-1},"end":{"line":686,"column":21}}]},"83":{"type":"branch","line":688,"loc":{"start":{"line":688,"column":66},"end":{"line":688,"column":113}},"locations":[{"start":{"line":688,"column":66},"end":{"line":688,"column":113}}]},"84":{"type":"branch","line":689,"loc":{"start":{"line":689,"column":80},"end":{"line":689,"column":151}},"locations":[{"start":{"line":689,"column":80},"end":{"line":689,"column":151}}]},"85":{"type":"branch","line":690,"loc":{"start":{"line":690,"column":65},"end":{"line":690,"column":87}},"locations":[{"start":{"line":690,"column":65},"end":{"line":690,"column":87}}]},"86":{"type":"branch","line":691,"loc":{"start":{"line":691,"column":31},"end":{"line":699,"column":31}},"locations":[{"start":{"line":691,"column":31},"end":{"line":699,"column":31}}]},"87":{"type":"branch","line":694,"loc":{"start":{"line":694,"column":34},"end":{"line":698,"column":29}},"locations":[{"start":{"line":694,"column":34},"end":{"line":698,"column":29}}]},"88":{"type":"branch","line":696,"loc":{"start":{"line":696,"column":76},"end":{"line":696,"column":185}},"locations":[{"start":{"line":696,"column":76},"end":{"line":696,"column":185}}]},"89":{"type":"branch","line":699,"loc":{"start":{"line":699,"column":25},"end":{"line":703,"column":25}},"locations":[{"start":{"line":699,"column":25},"end":{"line":703,"column":25}}]},"90":{"type":"branch","line":701,"loc":{"start":{"line":701,"column":72},"end":{"line":701,"column":182}},"locations":[{"start":{"line":701,"column":72},"end":{"line":701,"column":182}}]},"91":{"type":"branch","line":744,"loc":{"start":{"line":744,"column":10},"end":{"line":744,"column":64}},"locations":[{"start":{"line":744,"column":10},"end":{"line":744,"column":64}}]},"92":{"type":"branch","line":745,"loc":{"start":{"line":745,"column":10},"end":{"line":745,"column":84}},"locations":[{"start":{"line":745,"column":10},"end":{"line":745,"column":84}}]},"93":{"type":"branch","line":767,"loc":{"start":{"line":767,"column":16},"end":{"line":818,"column":5}},"locations":[{"start":{"line":767,"column":16},"end":{"line":818,"column":5}}]},"94":{"type":"branch","line":776,"loc":{"start":{"line":776,"column":41},"end":{"line":776,"column":61}},"locations":[{"start":{"line":776,"column":41},"end":{"line":776,"column":61}}]},"95":{"type":"branch","line":780,"loc":{"start":{"line":780,"column":41},"end":{"line":786,"column":10}},"locations":[{"start":{"line":780,"column":41},"end":{"line":786,"column":10}}]},"96":{"type":"branch","line":785,"loc":{"start":{"line":785,"column":13},"end":{"line":785,"column":61}},"locations":[{"start":{"line":785,"column":13},"end":{"line":785,"column":61}}]},"97":{"type":"branch","line":796,"loc":{"start":{"line":796,"column":9},"end":{"line":816,"column":9}},"locations":[{"start":{"line":796,"column":9},"end":{"line":816,"column":9}}]},"98":{"type":"branch","line":834,"loc":{"start":{"line":834,"column":0},"end":{"line":847,"column":1}},"locations":[{"start":{"line":834,"column":0},"end":{"line":847,"column":1}}]},"99":{"type":"branch","line":835,"loc":{"start":{"line":835,"column":26},"end":{"line":844,"column":5}},"locations":[{"start":{"line":835,"column":26},"end":{"line":844,"column":5}}]},"100":{"type":"branch","line":836,"loc":{"start":{"line":836,"column":50},"end":{"line":836,"column":78}},"locations":[{"start":{"line":836,"column":50},"end":{"line":836,"column":78}}]},"101":{"type":"branch","line":836,"loc":{"start":{"line":836,"column":80},"end":{"line":840,"column":15}},"locations":[{"start":{"line":836,"column":80},"end":{"line":840,"column":15}}]},"102":{"type":"branch","line":837,"loc":{"start":{"line":837,"column":26},"end":{"line":837,"column":39}},"locations":[{"start":{"line":837,"column":26},"end":{"line":837,"column":39}}]},"103":{"type":"branch","line":837,"loc":{"start":{"line":837,"column":57},"end":{"line":837,"column":88}},"locations":[{"start":{"line":837,"column":57},"end":{"line":837,"column":88}}]},"104":{"type":"branch","line":838,"loc":{"start":{"line":838,"column":16},"end":{"line":838,"column":57}},"locations":[{"start":{"line":838,"column":16},"end":{"line":838,"column":57}}]},"105":{"type":"branch","line":840,"loc":{"start":{"line":840,"column":9},"end":{"line":843,"column":9}},"locations":[{"start":{"line":840,"column":9},"end":{"line":843,"column":9}}]},"106":{"type":"branch","line":873,"loc":{"start":{"line":873,"column":6},"end":{"line":875,"column":1}},"locations":[{"start":{"line":873,"column":6},"end":{"line":875,"column":1}}]},"107":{"type":"branch","line":874,"loc":{"start":{"line":874,"column":75},"end":{"line":874,"column":113}},"locations":[{"start":{"line":874,"column":75},"end":{"line":874,"column":113}}]}},"b":{"0":[5],"1":[0],"2":[0],"3":[0],"4":[0],"5":[0],"6":[0],"7":[0],"8":[3],"9":[0],"10":[0],"11":[1],"12":[1],"13":[4],"14":[0],"15":[22],"16":[0],"17":[0],"18":[0],"19":[5],"20":[4],"21":[1],"22":[0],"23":[0],"24":[0],"25":[1],"26":[0],"27":[0],"28":[0],"29":[5],"30":[4],"31":[5],"32":[3],"33":[0],"34":[0],"35":[4],"36":[0],"37":[3],"38":[0],"39":[4],"40":[1],"41":[1],"42":[3],"43":[0],"44":[0],"45":[5],"46":[0],"47":[2],"48":[3],"49":[5],"50":[0],"51":[0],"52":[1],"53":[1],"54":[1],"55":[0],"56":[0],"57":[0],"58":[0],"59":[5],"60":[0],"61":[2],"62":[5],"63":[0],"64":[0],"65":[2],"66":[1],"67":[0],"68":[3],"69":[0],"70":[0],"71":[0],"72":[0],"73":[0],"74":[0],"75":[0],"76":[0],"77":[2],"78":[1],"79":[1],"80":[2],"81":[6],"82":[0],"83":[0],"84":[4],"85":[0],"86":[5],"87":[4],"88":[0],"89":[1],"90":[0],"91":[24],"92":[5],"93":[5],"94":[0],"95":[1],"96":[0],"97":[0],"98":[8],"99":[22],"100":[7],"101":[7],"102":[0],"103":[0],"104":[0],"105":[15],"106":[2],"107":[1]},"fnMap":{"0":{"name":"GraphNode","decl":{"start":{"line":78,"column":4},"end":{"line":183,"column":5}},"loc":{"start":{"line":78,"column":4},"end":{"line":183,"column":5}},"line":78},"1":{"name":"GraphNode.__subscribe","decl":{"start":{"line":186,"column":18},"end":{"line":251,"column":5}},"loc":{"start":{"line":186,"column":18},"end":{"line":251,"column":5}},"line":186},"2":{"name":"subscribeToFunction","decl":{"start":{"line":188,"column":36},"end":{"line":199,"column":9}},"loc":{"start":{"line":188,"column":36},"end":{"line":199,"column":9}},"line":188},"3":{"name":"setTarget","decl":{"start":{"line":188,"column":52},"end":{"line":188,"column":83}},"loc":{"start":{"line":188,"column":52},"end":{"line":188,"column":83}},"line":188},"4":{"name":"subscribeToGraph","decl":{"start":{"line":201,"column":33},"end":{"line":209,"column":9}},"loc":{"start":{"line":201,"column":33},"end":{"line":209,"column":9}},"line":201},"5":{"name":"GraphNode.__unsubscribe","decl":{"start":{"line":254,"column":20},"end":{"line":257,"column":5}},"loc":{"start":{"line":254,"column":20},"end":{"line":257,"column":5}},"line":254},"6":{"name":"GraphNode.__setOperator","decl":{"start":{"line":259,"column":20},"end":{"line":283,"column":5}},"loc":{"start":{"line":259,"column":20},"end":{"line":283,"column":5}},"line":259},"7":{"name":"__operator","decl":{"start":{"line":262,"column":26},"end":{"line":271,"column":9}},"loc":{"start":{"line":262,"column":26},"end":{"line":271,"column":9}},"line":262},"8":{"name":"ondelete","decl":{"start":{"line":276,"column":31},"end":{"line":276,"column":108}},"loc":{"start":{"line":276,"column":31},"end":{"line":276,"column":108}},"line":276},"9":{"name":"GraphNode.__addLocalState","decl":{"start":{"line":285,"column":22},"end":{"line":346,"column":5}},"loc":{"start":{"line":285,"column":22},"end":{"line":346,"column":5}},"line":285},"10":{"name":"initState","decl":{"start":{"line":291,"column":26},"end":{"line":342,"column":9}},"loc":{"start":{"line":291,"column":26},"end":{"line":342,"column":9}},"line":291},"11":{"name":"props.<computed>","decl":{"start":{"line":296,"column":27},"end":{"line":306,"column":17}},"loc":{"start":{"line":296,"column":27},"end":{"line":306,"column":17}},"line":296},"12":{"name":"get","decl":{"start":{"line":310,"column":26},"end":{"line":310,"column":57}},"loc":{"start":{"line":310,"column":26},"end":{"line":310,"column":57}},"line":310},"13":{"name":"set","decl":{"start":{"line":311,"column":26},"end":{"line":315,"column":21}},"loc":{"start":{"line":311,"column":26},"end":{"line":315,"column":21}},"line":311},"14":{"name":"get","decl":{"start":{"line":318,"column":26},"end":{"line":318,"column":55}},"loc":{"start":{"line":318,"column":26},"end":{"line":318,"column":55}},"line":318},"15":{"name":"set","decl":{"start":{"line":319,"column":26},"end":{"line":323,"column":21}},"loc":{"start":{"line":319,"column":26},"end":{"line":323,"column":21}},"line":319},"16":{"name":"GraphNode.__proxyObject","decl":{"start":{"line":349,"column":20},"end":{"line":371,"column":5}},"loc":{"start":{"line":349,"column":20},"end":{"line":371,"column":5}},"line":349},"17":{"name":"ondelete","decl":{"start":{"line":153,"column":35},"end":{"line":153,"column":154}},"loc":{"start":{"line":153,"column":35},"end":{"line":153,"column":154}},"line":153},"18":{"name":"GraphNode.default","decl":{"start":{"line":167,"column":31},"end":{"line":174,"column":17}},"loc":{"start":{"line":167,"column":31},"end":{"line":174,"column":17}},"line":167},"19":{"name":"__addOnconnected","decl":{"start":{"line":373,"column":4},"end":{"line":377,"column":5}},"loc":{"start":{"line":373,"column":4},"end":{"line":377,"column":5}},"line":373},"20":{"name":"__addOndisconnected","decl":{"start":{"line":379,"column":4},"end":{"line":383,"column":5}},"loc":{"start":{"line":379,"column":4},"end":{"line":383,"column":5}},"line":379},"21":{"name":"__callConnected","decl":{"start":{"line":385,"column":4},"end":{"line":388,"column":5}},"loc":{"start":{"line":385,"column":4},"end":{"line":388,"column":5}},"line":385},"22":{"name":"__callDisconnected","decl":{"start":{"line":390,"column":4},"end":{"line":393,"column":5}},"loc":{"start":{"line":390,"column":4},"end":{"line":393,"column":5}},"line":390},"23":{"name":"Graph","decl":{"start":{"line":420,"column":4},"end":{"line":424,"column":5}},"loc":{"start":{"line":420,"column":4},"end":{"line":424,"column":5}},"line":420},"24":{"name":"Graph.init","decl":{"start":{"line":426,"column":11},"end":{"line":431,"column":5}},"loc":{"start":{"line":426,"column":11},"end":{"line":431,"column":5}},"line":426},"25":{"name":"Graph.load","decl":{"start":{"line":433,"column":11},"end":{"line":463,"column":5}},"loc":{"start":{"line":433,"column":11},"end":{"line":463,"column":5}},"line":433},"26":{"name":"Graph.setLoaders","decl":{"start":{"line":465,"column":17},"end":{"line":470,"column":5}},"loc":{"start":{"line":465,"column":17},"end":{"line":470,"column":5}},"line":465},"27":{"name":"Graph.runLoaders","decl":{"start":{"line":472,"column":17},"end":{"line":479,"column":5}},"loc":{"start":{"line":472,"column":17},"end":{"line":479,"column":5}},"line":472},"28":{"name":"Graph.add","decl":{"start":{"line":481,"column":10},"end":{"line":529,"column":5}},"loc":{"start":{"line":481,"column":10},"end":{"line":529,"column":5}},"line":481},"29":{"name":"Graph.recursiveSet","decl":{"start":{"line":531,"column":19},"end":{"line":586,"column":5}},"loc":{"start":{"line":531,"column":19},"end":{"line":586,"column":5}},"line":531},"30":{"name":"ondelete","decl":{"start":{"line":566,"column":35},"end":{"line":566,"column":88}},"loc":{"start":{"line":566,"column":35},"end":{"line":566,"column":88}},"line":566},"31":{"name":"Graph.remove","decl":{"start":{"line":588,"column":13},"end":{"line":639,"column":5}},"loc":{"start":{"line":588,"column":13},"end":{"line":639,"column":5}},"line":588},"32":{"name":"Graph.run","decl":{"start":{"line":641,"column":10},"end":{"line":652,"column":5}},"loc":{"start":{"line":641,"column":10},"end":{"line":652,"column":5}},"line":641},"33":{"name":"Graph.setListeners","decl":{"start":{"line":654,"column":19},"end":{"line":709,"column":5}},"loc":{"start":{"line":654,"column":19},"end":{"line":709,"column":5}},"line":654},"34":{"name":"Graph.clearListeners","decl":{"start":{"line":711,"column":21},"end":{"line":742,"column":5}},"loc":{"start":{"line":711,"column":21},"end":{"line":742,"column":5}},"line":711},"35":{"name":"Graph.get","decl":{"start":{"line":744,"column":10},"end":{"line":744,"column":64}},"loc":{"start":{"line":744,"column":10},"end":{"line":744,"column":64}},"line":744},"36":{"name":"Graph.set","decl":{"start":{"line":745,"column":10},"end":{"line":745,"column":84}},"loc":{"start":{"line":745,"column":10},"end":{"line":745,"column":84}},"line":745},"37":{"name":"Graph.delete","decl":{"start":{"line":746,"column":13},"end":{"line":746,"column":70}},"loc":{"start":{"line":746,"column":13},"end":{"line":746,"column":70}},"line":746},"38":{"name":"Graph.getProps","decl":{"start":{"line":748,"column":15},"end":{"line":765,"column":5}},"loc":{"start":{"line":748,"column":15},"end":{"line":765,"column":5}},"line":748},"39":{"name":"Graph.subscribe","decl":{"start":{"line":767,"column":16},"end":{"line":818,"column":5}},"loc":{"start":{"line":767,"column":16},"end":{"line":818,"column":5}},"line":767},"40":{"name":"ondelete","decl":{"start":{"line":791,"column":27},"end":{"line":793,"column":13}},"loc":{"start":{"line":791,"column":27},"end":{"line":793,"column":13}},"line":791},"41":{"name":"ondelete","decl":{"start":{"line":800,"column":35},"end":{"line":803,"column":21}},"loc":{"start":{"line":800,"column":35},"end":{"line":803,"column":21}},"line":800},"42":{"name":"Graph.unsubscribe","decl":{"start":{"line":820,"column":18},"end":{"line":825,"column":5}},"loc":{"start":{"line":820,"column":18},"end":{"line":825,"column":5}},"line":820},"43":{"name":"Graph.setState","decl":{"start":{"line":827,"column":15},"end":{"line":829,"column":5}},"loc":{"start":{"line":827,"column":15},"end":{"line":829,"column":5}},"line":827},"44":{"name":"recursivelyAssign","decl":{"start":{"line":834,"column":0},"end":{"line":847,"column":1}},"loc":{"start":{"line":834,"column":0},"end":{"line":847,"column":1}},"line":834},"45":{"name":"getAllProperties","decl":{"start":{"line":850,"column":6},"end":{"line":860,"column":1}},"loc":{"start":{"line":850,"column":6},"end":{"line":860,"column":1}},"line":850},"46":{"name":"instanceObject","decl":{"start":{"line":862,"column":6},"end":{"line":871,"column":1}},"loc":{"start":{"line":862,"column":6},"end":{"line":871,"column":1}},"line":862},"47":{"name":"isNativeClass","decl":{"start":{"line":873,"column":6},"end":{"line":875,"column":1}},"loc":{"start":{"line":873,"column":6},"end":{"line":875,"column":1}},"line":873}},"f":{"0":5,"1":5,"2":5,"3":5,"4":0,"5":0,"6":3,"7":0,"8":0,"9":4,"10":4,"11":0,"12":0,"13":0,"14":0,"15":0,"16":0,"17":0,"18":0,"19":0,"20":5,"21":5,"22":0,"23":1,"24":1,"25":1,"26":0,"27":5,"28":0,"29":2,"30":0,"31":0,"32":0,"33":1,"34":0,"35":24,"36":5,"37":0,"38":0,"39":5,"40":0,"41":0,"42":0,"43":0,"44":8,"45":0,"46":0,"47":2}}
}
