TN:
SF:examples/graph/operations.ts
FN:18,start
FN:40,stop
FN:47,function
FN:51,function
FN:58,function
FN:66,function
FN:74,function
FN:78,function
FN:86,function
FN:93,function
FN:97,function
FN:104,function
FN:112,function
FN:119,function
FN:127,function
FN:134,function
FN:141,function
FN:145,function
FNF:18
FNH:2
FNDA:1,start
FNDA:1,stop
FNDA:0,function
FNDA:0,function
FNDA:0,function
FNDA:0,function
FNDA:0,function
FNDA:0,function
FNDA:0,function
FNDA:0,function
FNDA:0,function
FNDA:0,function
FNDA:0,function
FNDA:0,function
FNDA:0,function
FNDA:0,function
FNDA:0,function
FNDA:0,function
DA:1,1
DA:2,1
DA:3,1
DA:4,1
DA:5,1
DA:6,1
DA:7,1
DA:8,1
DA:9,1
DA:10,1
DA:11,1
DA:12,1
DA:13,1
DA:14,1
DA:15,1
DA:16,1
DA:17,1
DA:18,1
DA:19,1
DA:20,1
DA:21,1
DA:22,1
DA:23,1
DA:24,1
DA:25,1
DA:26,1
DA:27,1
DA:28,1
DA:29,1
DA:30,1
DA:31,1
DA:32,1
DA:33,1
DA:34,1
DA:35,1
DA:36,1
DA:37,1
DA:38,1
DA:39,1
DA:40,1
DA:41,1
DA:42,1
DA:43,1
DA:44,1
DA:45,1
DA:46,1
DA:47,1
DA:48,1
DA:49,1
DA:50,1
DA:51,1
DA:52,0
DA:53,0
DA:54,0
DA:55,1
DA:56,1
DA:57,1
DA:58,1
DA:59,0
DA:60,0
DA:61,0
DA:62,0
DA:63,1
DA:64,1
DA:65,1
DA:66,1
DA:67,0
DA:68,0
DA:69,0
DA:70,0
DA:71,1
DA:72,1
DA:73,1
DA:74,1
DA:75,1
DA:76,1
DA:77,1
DA:78,1
DA:79,0
DA:80,0
DA:81,0
DA:82,0
DA:83,1
DA:84,1
DA:85,1
DA:86,1
DA:87,0
DA:88,0
DA:89,0
DA:90,1
DA:91,1
DA:92,1
DA:93,1
DA:94,1
DA:95,1
DA:96,1
DA:97,1
DA:98,0
DA:99,0
DA:100,0
DA:101,1
DA:102,1
DA:103,1
DA:104,1
DA:105,0
DA:106,0
DA:107,0
DA:108,0
DA:109,1
DA:110,1
DA:111,1
DA:112,1
DA:113,0
DA:114,0
DA:115,0
DA:116,1
DA:117,1
DA:118,1
DA:119,1
DA:120,0
DA:121,0
DA:122,0
DA:123,0
DA:124,1
DA:125,1
DA:126,1
DA:127,1
DA:128,0
DA:129,0
DA:130,0
DA:131,1
DA:132,1
DA:133,1
DA:134,1
DA:135,0
DA:136,0
DA:137,0
DA:138,1
DA:139,1
DA:140,1
DA:141,1
DA:142,1
DA:143,1
DA:144,1
DA:145,1
DA:146,0
DA:147,0
DA:148,0
DA:149,0
DA:150,0
DA:151,0
DA:152,0
DA:153,1
DA:154,1
DA:155,1
DA:156,1
DA:157,1
LF:157
LH:112
BRDA:18,0,0,1
BRDA:24,1,0,0
BRDA:40,2,0,1
BRF:3
BRH:2
end_of_record
TN:
SF:examples/graph/tree.js
FN:5,<instance_members_initializer>
FN:5,__operator
FN:21,__operator
FN:28,nodeA.x
FN:32,nodeA.jump
FN:42,nodeD
FN:46,__operator
FN:65,__onconnected
FN:71,__ondisconnected
FNF:9
FNH:3
FNDA:1,<instance_members_initializer>
FNDA:0,__operator
FNDA:0,__operator
FNDA:0,nodeA.x
FNDA:1,nodeA.jump
FNDA:0,nodeD
FNDA:1,__operator
FNDA:0,__onconnected
FNDA:0,__ondisconnected
DA:1,1
DA:2,1
DA:3,1
DA:4,1
DA:5,1
DA:6,0
DA:7,0
DA:8,0
DA:9,1
DA:10,1
DA:11,1
DA:12,1
DA:13,1
DA:14,1
DA:15,1
DA:16,1
DA:17,1
DA:18,1
DA:19,1
DA:20,1
DA:21,1
DA:22,0
DA:23,0
DA:24,0
DA:25,0
DA:26,1
DA:27,1
DA:28,1
DA:29,0
DA:30,0
DA:31,1
DA:32,1
DA:33,1
DA:34,1
DA:35,1
DA:36,1
DA:37,1
DA:38,1
DA:39,1
DA:40,1
DA:41,1
DA:42,1
DA:43,1
DA:44,1
DA:45,1
DA:46,1
DA:47,1
DA:48,1
DA:49,1
DA:50,1
DA:51,1
DA:52,1
DA:53,1
DA:54,1
DA:55,1
DA:56,1
DA:57,1
DA:58,1
DA:59,1
DA:60,1
DA:61,1
DA:62,1
DA:63,0
DA:64,0
DA:65,0
DA:66,0
DA:67,0
DA:68,0
DA:69,0
DA:70,0
DA:71,0
DA:72,0
DA:73,0
DA:74,0
DA:75,0
DA:76,0
DA:77,1
DA:78,1
LF:78
LH:55
BRDA:1,0,0,1
BRDA:62,1,0,0
BRDA:5,2,0,1
BRDA:32,3,0,1
BRDA:46,4,0,1
BRF:5
BRH:4
end_of_record
TN:
SF:examples/graph/nodes/nodeA.js
FN:7,jump
FN:15,nodeB.nodeC
FN:19,nodeB.nodeC.z
FNF:3
FNH:1
FNDA:1,jump
FNDA:0,nodeB.nodeC
FNDA:0,nodeB.nodeC.z
DA:1,1
DA:2,1
DA:3,1
DA:4,1
DA:5,1
DA:6,1
DA:7,1
DA:8,1
DA:9,1
DA:10,1
DA:11,1
DA:12,1
DA:13,1
DA:14,1
DA:15,1
DA:16,0
DA:17,0
DA:18,1
DA:19,1
DA:20,0
DA:21,0
DA:22,1
DA:23,1
DA:24,1
LF:24
LH:20
BRDA:1,0,0,1
BRDA:7,1,0,1
BRF:2
BRH:2
end_of_record
TN:
SF:src/core/EventHandler.ts
FN:10,EventHandler
FN:12,EventHandler.setState
FN:19,EventHandler.setValue
FN:23,EventHandler.triggerEvent
FN:26,EventHandler.subscribeEvent
FN:32,get
FN:35,set
FN:54,EventHandler.unsubscribeEvent
FN:81,EventHandler.subscribeEventOnce
FN:90,EventHandler.getEvent
FN:95,EventHandler.getSnapshot
FNF:11
FNH:6
FNDA:1,EventHandler
FNDA:0,EventHandler.setState
FNDA:1,EventHandler.setValue
FNDA:2,EventHandler.triggerEvent
FNDA:6,EventHandler.subscribeEvent
FNDA:0,get
FNDA:0,set
FNDA:2,EventHandler.unsubscribeEvent
FNDA:0,EventHandler.subscribeEventOnce
FNDA:6,EventHandler.getEvent
FNDA:0,EventHandler.getSnapshot
DA:1,1
DA:2,1
DA:3,1
DA:4,1
DA:5,1
DA:6,1
DA:7,1
DA:8,1
DA:9,1
DA:10,1
DA:11,1
DA:12,1
DA:13,0
DA:14,0
DA:15,0
DA:16,0
DA:17,0
DA:18,0
DA:19,1
DA:20,1
DA:21,1
DA:22,1
DA:23,1
DA:24,2
DA:25,2
DA:26,1
DA:27,6
DA:28,6
DA:29,6
DA:30,4
DA:31,4
DA:32,4
DA:33,0
DA:34,4
DA:35,4
DA:36,0
DA:37,4
DA:38,4
DA:39,4
DA:40,4
DA:41,4
DA:42,6
DA:43,6
DA:44,6
DA:45,6
DA:46,6
DA:47,6
DA:48,6
DA:49,6
DA:50,6
DA:51,6
DA:52,6
DA:53,6
DA:54,1
DA:55,2
DA:56,2
DA:57,1
DA:58,1
DA:59,1
DA:60,1
DA:61,0
DA:62,0
DA:63,0
DA:64,0
DA:65,0
DA:66,0
DA:67,0
DA:68,0
DA:69,0
DA:70,0
DA:71,0
DA:72,0
DA:73,0
DA:74,0
DA:75,0
DA:76,0
DA:77,0
DA:78,0
DA:79,1
DA:80,2
DA:81,1
DA:82,0
DA:83,0
DA:84,0
DA:85,0
DA:86,0
DA:87,0
DA:88,0
DA:89,0
DA:90,1
DA:91,6
DA:92,6
DA:93,6
DA:94,0
DA:95,1
DA:96,0
DA:97,0
DA:98,0
DA:99,0
DA:100,0
DA:101,1
DA:102,1
LF:102
LH:62
BRDA:10,0,0,1
BRDA:10,1,0,0
BRDA:19,2,0,1
BRDA:23,3,0,2
BRDA:24,4,0,2
BRDA:26,5,0,6
BRDA:29,6,0,4
BRDA:29,7,0,4
BRDA:52,8,0,0
BRDA:54,9,0,2
BRDA:56,10,0,1
BRDA:61,11,0,0
BRDA:90,12,0,6
BRDA:94,13,0,0
BRF:14
BRH:10
end_of_record
TN:
SF:src/core/Graph.ts
FN:88,GraphNode
FN:123,get
FN:124,set
FN:164,Graph
FN:170,Graph.init
FN:178,Graph.load
FN:208,Graph.setLoaders
FN:215,Graph.runLoaders
FN:226,Graph.add
FN:263,Graph.remove
FN:278,recursiveRemove
FN:316,Graph.run
FN:329,Graph.clearListeners
FN:362,Graph.get
FN:363,Graph.set
FN:364,Graph.delete
FN:366,Graph.getProps
FN:385,Graph.subscribe
FN:405,callback
FN:413,ondelete
FN:423,ondelete
FN:444,Graph.unsubscribe
FN:451,Graph.setState
FN:458,recursivelyAssign
FN:486,getAllProperties
FN:510,instanceObject
FNF:26
FNH:17
FNDA:6,GraphNode
FNDA:106,get
FNDA:1,set
FNDA:1,Graph
FNDA:1,Graph.init
FNDA:1,Graph.load
FNDA:0,Graph.setLoaders
FNDA:6,Graph.runLoaders
FNDA:0,Graph.add
FNDA:1,Graph.remove
FNDA:0,recursiveRemove
FNDA:0,Graph.run
FNDA:1,Graph.clearListeners
FNDA:35,Graph.get
FNDA:6,Graph.set
FNDA:1,Graph.delete
FNDA:0,Graph.getProps
FNDA:6,Graph.subscribe
FNDA:1,callback
FNDA:1,ondelete
FNDA:0,ondelete
FNDA:1,Graph.unsubscribe
FNDA:0,Graph.setState
FNDA:11,recursivelyAssign
FNDA:0,getAllProperties
FNDA:0,instanceObject
DA:1,1
DA:2,1
DA:3,1
DA:4,1
DA:5,1
DA:6,1
DA:7,1
DA:8,1
DA:9,1
DA:10,1
DA:11,1
DA:12,1
DA:13,1
DA:14,1
DA:15,1
DA:16,1
DA:17,1
DA:18,1
DA:19,1
DA:20,1
DA:21,1
DA:22,1
DA:23,1
DA:24,1
DA:25,1
DA:26,1
DA:27,1
DA:28,1
DA:29,1
DA:30,1
DA:31,1
DA:32,1
DA:33,1
DA:34,1
DA:35,1
DA:36,1
DA:37,1
DA:38,1
DA:39,1
DA:40,1
DA:41,1
DA:42,1
DA:43,1
DA:44,1
DA:45,1
DA:46,1
DA:47,1
DA:48,1
DA:49,1
DA:50,1
DA:51,1
DA:52,1
DA:53,1
DA:54,1
DA:55,1
DA:56,1
DA:57,1
DA:58,1
DA:59,1
DA:60,1
DA:61,1
DA:62,1
DA:63,1
DA:64,1
DA:65,1
DA:66,1
DA:67,1
DA:68,1
DA:69,1
DA:70,1
DA:71,1
DA:72,1
DA:73,1
DA:74,1
DA:75,1
DA:76,1
DA:77,1
DA:78,1
DA:79,1
DA:80,1
DA:81,1
DA:82,1
DA:83,1
DA:84,1
DA:85,1
DA:86,1
DA:87,1
DA:88,1
DA:89,6
DA:90,6
DA:91,6
DA:92,6
DA:93,6
DA:94,6
DA:95,6
DA:96,6
DA:97,6
DA:98,6
DA:99,6
DA:100,6
DA:101,6
DA:102,6
DA:103,6
DA:104,6
DA:105,6
DA:106,6
DA:107,6
DA:108,6
DA:109,6
DA:110,6
DA:111,6
DA:112,6
DA:113,37
DA:114,37
DA:115,37
DA:116,37
DA:117,31
DA:118,31
DA:119,31
DA:120,37
DA:121,37
DA:122,37
DA:123,37
DA:124,37
DA:125,37
DA:126,37
DA:127,37
DA:128,6
DA:129,6
DA:130,6
DA:131,6
DA:132,6
DA:133,6
DA:134,6
DA:135,6
DA:136,6
DA:137,1
DA:138,1
DA:139,1
DA:140,1
DA:141,1
DA:142,1
DA:143,1
DA:144,1
DA:145,1
DA:146,1
DA:147,1
DA:148,1
DA:149,1
DA:150,1
DA:151,1
DA:152,1
DA:153,1
DA:154,1
DA:155,1
DA:156,1
DA:157,1
DA:158,1
DA:159,1
DA:160,1
DA:161,1
DA:162,1
DA:163,1
DA:164,1
DA:165,1
DA:166,1
DA:167,1
DA:168,1
DA:169,1
DA:170,1
DA:171,1
DA:172,1
DA:173,1
DA:174,1
DA:175,1
DA:176,1
DA:177,1
DA:178,1
DA:179,1
DA:180,1
DA:181,1
DA:182,1
DA:183,1
DA:184,1
DA:185,1
DA:186,1
DA:187,1
DA:188,1
DA:189,0
DA:190,0
DA:191,0
DA:192,0
DA:193,0
DA:194,0
DA:195,1
DA:196,1
DA:197,1
DA:198,5
DA:199,5
DA:200,5
DA:201,5
DA:202,5
DA:203,1
DA:204,1
DA:205,1
DA:206,1
DA:207,1
DA:208,1
DA:209,0
DA:210,0
DA:211,0
DA:212,0
DA:213,0
DA:214,1
DA:215,1
DA:216,6
DA:217,48
DA:218,48
DA:219,48
DA:220,0
DA:221,0
DA:222,0
DA:223,6
DA:224,6
DA:225,1
DA:226,1
DA:227,0
DA:228,0
DA:229,0
DA:230,0
DA:231,0
DA:232,0
DA:233,0
DA:234,0
DA:235,0
DA:236,0
DA:237,0
DA:238,0
DA:239,0
DA:240,0
DA:241,0
DA:242,0
DA:243,0
DA:244,0
DA:245,0
DA:246,0
DA:247,0
DA:248,0
DA:249,0
DA:250,0
DA:251,0
DA:252,0
DA:253,0
DA:254,0
DA:255,0
DA:256,0
DA:257,0
DA:258,0
DA:259,0
DA:260,0
DA:261,0
DA:262,1
DA:263,1
DA:264,1
DA:265,1
DA:266,1
DA:267,1
DA:268,1
DA:269,1
DA:270,1
DA:271,1
DA:272,1
DA:273,1
DA:274,1
DA:275,1
DA:276,1
DA:277,1
DA:278,1
DA:279,0
DA:280,0
DA:281,0
DA:282,0
DA:283,0
DA:284,0
DA:285,0
DA:286,0
DA:287,0
DA:288,0
DA:289,0
DA:290,0
DA:291,0
DA:292,0
DA:293,0
DA:294,0
DA:295,0
DA:296,0
DA:297,0
DA:298,0
DA:299,0
DA:300,0
DA:301,0
DA:302,1
DA:303,1
DA:304,0
DA:305,0
DA:306,1
DA:307,1
DA:308,1
DA:309,1
DA:310,1
DA:311,1
DA:312,1
DA:313,1
DA:314,1
DA:315,1
DA:316,1
DA:317,0
DA:318,0
DA:319,0
DA:320,0
DA:321,0
DA:322,0
DA:323,0
DA:324,0
DA:325,0
DA:326,0
DA:327,0
DA:328,1
DA:329,1
DA:330,1
DA:331,1
DA:332,1
DA:333,1
DA:334,1
DA:335,0
DA:336,0
DA:337,0
DA:338,0
DA:339,0
DA:340,0
DA:341,0
DA:342,0
DA:343,0
DA:344,0
DA:345,0
DA:346,0
DA:347,0
DA:348,0
DA:349,0
DA:350,0
DA:351,0
DA:352,0
DA:353,0
DA:354,0
DA:355,0
DA:356,0
DA:357,0
DA:358,0
DA:359,1
DA:360,1
DA:361,1
DA:362,1
DA:363,1
DA:364,1
DA:365,1
DA:366,1
DA:367,0
DA:368,0
DA:369,0
DA:370,0
DA:371,0
DA:372,0
DA:373,0
DA:374,0
DA:375,0
DA:376,0
DA:377,0
DA:378,0
DA:379,0
DA:380,0
DA:381,0
DA:382,0
DA:383,0
DA:384,1
DA:385,1
DA:386,6
DA:387,6
DA:388,6
DA:389,6
DA:390,6
DA:391,6
DA:392,6
DA:393,6
DA:394,6
DA:395,6
DA:396,6
DA:397,6
DA:398,6
DA:399,6
DA:400,2
DA:401,2
DA:402,2
DA:403,2
DA:404,2
DA:405,2
DA:406,2
DA:407,2
DA:408,2
DA:409,6
DA:410,6
DA:411,6
DA:412,6
DA:413,6
DA:414,1
DA:415,1
DA:416,6
DA:417,6
DA:418,6
DA:419,6
DA:420,0
DA:421,0
DA:422,0
DA:423,0
DA:424,0
DA:425,0
DA:426,0
DA:427,0
DA:428,0
DA:429,0
DA:430,0
DA:431,0
DA:432,0
DA:433,0
DA:434,0
DA:435,0
DA:436,0
DA:437,0
DA:438,0
DA:439,0
DA:440,0
DA:441,6
DA:442,6
DA:443,1
DA:444,1
DA:445,1
DA:446,0
DA:447,0
DA:448,1
DA:449,1
DA:450,1
DA:451,1
DA:452,0
DA:453,0
DA:454,1
DA:455,1
DA:456,1
DA:457,1
DA:458,11
DA:459,11
DA:460,36
DA:461,10
DA:462,10
DA:463,36
DA:464,36
DA:465,11
DA:466,11
DA:467,11
DA:468,1
DA:469,1
DA:470,1
DA:471,1
DA:472,1
DA:473,1
DA:474,1
DA:475,1
DA:476,1
DA:477,1
DA:478,1
DA:479,1
DA:480,1
DA:481,1
DA:482,1
DA:483,1
DA:484,1
DA:485,1
DA:486,1
DA:487,0
DA:488,0
DA:489,0
DA:490,0
DA:491,0
DA:492,0
DA:493,0
DA:494,0
DA:495,0
DA:496,0
DA:497,0
DA:498,0
DA:499,0
DA:500,0
DA:501,0
DA:502,0
DA:503,0
DA:504,0
DA:505,0
DA:506,0
DA:507,0
DA:508,0
DA:509,1
DA:510,1
DA:511,0
DA:512,0
DA:513,0
DA:514,0
DA:515,0
DA:516,0
DA:517,1
DA:518,1
LF:518
LH:339
BRDA:88,0,0,6
BRDA:91,1,0,0
BRDA:92,2,0,0
BRDA:106,3,0,0
BRDA:112,4,0,37
BRDA:116,5,0,31
BRDA:118,6,0,5
BRDA:125,7,0,31
BRDA:125,8,0,6
BRDA:130,9,0,0
BRDA:123,10,0,106
BRDA:124,11,0,1
BRDA:164,12,0,1
BRDA:170,13,0,1
BRDA:178,14,0,1
BRDA:180,15,0,0
BRDA:183,16,0,0
BRDA:188,17,0,0
BRDA:195,18,0,0
BRDA:197,19,0,5
BRDA:215,20,0,6
BRDA:216,21,0,48
BRDA:219,22,0,0
BRDA:263,23,0,1
BRDA:303,24,0,0
BRDA:329,25,0,1
BRDA:330,26,0,0
BRDA:334,27,0,0
BRDA:362,28,0,35
BRDA:363,29,0,6
BRDA:364,30,0,1
BRDA:385,31,0,6
BRDA:395,32,0,0
BRDA:399,33,0,2
BRDA:407,34,0,0
BRDA:419,35,0,0
BRDA:405,36,0,1
BRDA:413,37,0,1
BRDA:444,38,0,1
BRDA:445,39,0,0
BRDA:458,40,0,11
BRDA:459,41,0,36
BRDA:460,42,0,10
BRDA:460,43,0,10
BRDA:461,44,0,1
BRDA:461,45,0,1
BRDA:461,46,0,1
BRDA:462,47,0,9
BRDA:463,48,0,26
BRF:49
BRH:33
end_of_record
TN:
SF:src/core/loaders/index.ts
FNF:0
FNH:0
DA:1,1
DA:2,1
DA:3,1
DA:4,1
DA:5,1
DA:6,1
DA:7,1
DA:8,1
DA:9,1
DA:10,1
DA:11,1
DA:12,1
DA:13,1
DA:14,1
DA:15,1
DA:16,1
DA:17,1
LF:17
LH:17
BRF:0
BRH:0
end_of_record
TN:
SF:src/core/loaders/graphscript-children-loader/index.ts
FN:5,default
FN:22,recursiveSet
FN:57,ondelete
FNF:3
FNH:2
FNDA:6,default
FNDA:2,recursiveSet
FNDA:0,ondelete
DA:1,1
DA:2,1
DA:3,1
DA:4,1
DA:5,1
DA:6,6
DA:7,6
DA:8,6
DA:9,1
DA:10,1
DA:11,1
DA:12,6
DA:13,6
DA:14,6
DA:15,6
DA:16,6
DA:17,6
DA:18,6
DA:19,6
DA:20,6
DA:21,1
DA:22,1
DA:23,2
DA:24,2
DA:25,6
DA:26,6
DA:27,6
DA:28,6
DA:29,6
DA:30,2
DA:31,1
DA:32,1
DA:33,1
DA:34,6
DA:35,0
DA:36,0
DA:37,4
DA:38,0
DA:39,0
DA:40,0
DA:41,6
DA:42,6
DA:43,6
DA:44,6
DA:45,6
DA:46,6
DA:47,6
DA:48,6
DA:49,6
DA:50,6
DA:51,6
DA:52,6
DA:53,0
DA:54,6
DA:55,6
DA:56,0
DA:57,0
DA:58,0
DA:59,6
DA:60,6
DA:61,6
DA:62,6
DA:63,6
DA:64,6
DA:65,6
DA:66,6
DA:67,6
DA:68,2
LF:68
LH:59
BRDA:5,0,0,6
BRDA:8,1,0,1
BRDA:16,2,0,1
BRDA:22,3,0,2
BRDA:24,4,0,6
BRDA:25,5,0,0
BRDA:27,6,0,0
BRDA:29,7,0,2
BRDA:30,8,0,1
BRDA:32,9,0,0
BRDA:34,10,0,4
BRDA:34,11,0,0
BRDA:37,12,0,0
BRDA:47,13,0,5
BRDA:50,14,0,0
BRDA:50,15,0,0
BRDA:52,16,0,0
BRDA:55,17,0,0
BRDA:55,18,0,0
BRDA:55,19,0,0
BRF:20
BRH:9
end_of_record
TN:
SF:src/core/loaders/graphscript-default-loader/index.ts
FN:1,default
FN:5,defaultFunction
FNF:2
FNH:1
FNDA:6,default
FNDA:0,defaultFunction
DA:1,1
DA:2,6
DA:3,6
DA:4,0
DA:5,0
DA:6,0
DA:7,0
DA:8,0
DA:9,0
DA:10,0
DA:11,0
DA:12,0
DA:13,0
DA:14,0
DA:15,0
DA:16,6
DA:17,6
DA:18,6
LF:18
LH:6
BRDA:1,0,0,6
BRDA:3,1,0,0
BRDA:3,2,0,0
BRF:3
BRH:1
end_of_record
TN:
SF:src/core/loaders/graphscript-listeners-loader/index.ts
FN:3,setListeners
FN:60,default
FN:69,set
FN:98,subscribe
FN:100,subscribeToFunction
FN:100,setTarget
FN:113,subscribeToGraph
FN:164,unsubscribe
FN:169,addLocalState
FN:175,initState
FN:180,props.<computed>
FN:194,get
FN:195,set
FN:202,get
FN:203,set
FNF:15
FNH:10
FNDA:2,setListeners
FNDA:6,default
FNDA:2,set
FNDA:6,subscribe
FNDA:6,subscribeToFunction
FNDA:6,setTarget
FNDA:0,subscribeToGraph
FNDA:2,unsubscribe
FNDA:4,addLocalState
FNDA:4,initState
FNDA:1,props.<computed>
FNDA:0,get
FNDA:0,set
FNDA:0,get
FNDA:0,set
DA:1,1
DA:2,1
DA:3,1
DA:4,2
DA:5,2
DA:6,2
DA:7,2
DA:8,2
DA:9,2
DA:10,6
DA:11,6
DA:12,6
DA:13,0
DA:14,0
DA:15,0
DA:16,0
DA:17,0
DA:18,0
DA:19,0
DA:20,0
DA:21,0
DA:22,0
DA:23,0
DA:24,0
DA:25,0
DA:26,0
DA:27,0
DA:28,0
DA:29,0
DA:30,0
DA:31,0
DA:32,0
DA:33,0
DA:34,0
DA:35,0
DA:36,0
DA:37,6
DA:38,6
DA:39,6
DA:40,6
DA:41,4
DA:42,4
DA:43,4
DA:44,4
DA:45,4
DA:46,4
DA:47,4
DA:48,6
DA:49,2
DA:50,2
DA:51,2
DA:52,2
DA:53,6
DA:54,6
DA:55,6
DA:56,2
DA:57,2
DA:58,2
DA:59,1
DA:60,1
DA:61,6
DA:62,6
DA:63,6
DA:64,6
DA:65,6
DA:66,6
DA:67,6
DA:68,6
DA:69,6
DA:70,2
DA:71,2
DA:72,6
DA:73,6
DA:74,6
DA:75,6
DA:76,6
DA:77,6
DA:78,6
DA:79,6
DA:80,6
DA:81,6
DA:82,6
DA:83,6
DA:84,6
DA:85,6
DA:86,6
DA:87,6
DA:88,6
DA:89,6
DA:90,6
DA:91,6
DA:92,6
DA:93,6
DA:94,1
DA:95,1
DA:96,1
DA:97,1
DA:98,1
DA:99,6
DA:100,6
DA:101,6
DA:102,6
DA:103,6
DA:104,6
DA:105,6
DA:106,6
DA:107,6
DA:108,6
DA:109,6
DA:110,6
DA:111,6
DA:112,6
DA:113,6
DA:114,0
DA:115,0
DA:116,0
DA:117,0
DA:118,0
DA:119,0
DA:120,0
DA:121,0
DA:122,6
DA:123,6
DA:124,4
DA:125,4
DA:126,4
DA:127,4
DA:128,0
DA:129,0
DA:130,0
DA:131,4
DA:132,4
DA:133,4
DA:134,4
DA:135,4
DA:136,0
DA:137,0
DA:138,0
DA:139,0
DA:140,4
DA:141,4
DA:142,4
DA:143,2
DA:144,2
DA:145,2
DA:146,2
DA:147,0
DA:148,0
DA:149,0
DA:150,2
DA:151,2
DA:152,2
DA:153,2
DA:154,0
DA:155,0
DA:156,0
DA:157,0
DA:158,2
DA:159,2
DA:160,2
DA:161,6
DA:162,1
DA:163,1
DA:164,1
DA:165,2
DA:166,2
DA:167,2
DA:168,1
DA:169,1
DA:170,4
DA:171,4
DA:172,3
DA:173,3
DA:174,4
DA:175,4
DA:176,4
DA:177,4
DA:178,4
DA:179,1
DA:180,1
DA:181,1
DA:182,1
DA:183,1
DA:184,1
DA:185,0
DA:186,1
DA:187,1
DA:188,1
DA:189,1
DA:190,1
DA:191,4
DA:192,3
DA:193,3
DA:194,0
DA:195,0
DA:196,0
DA:197,0
DA:198,0
DA:199,0
DA:200,3
DA:201,3
DA:202,3
DA:203,3
DA:204,0
DA:205,0
DA:206,0
DA:207,3
DA:208,3
DA:209,3
DA:210,3
DA:211,3
DA:212,3
DA:213,3
DA:214,3
DA:215,3
DA:216,3
DA:217,3
DA:218,3
DA:219,3
DA:220,3
DA:221,3
DA:222,3
DA:223,3
DA:224,3
DA:225,3
DA:226,4
DA:227,4
DA:228,4
DA:229,0
DA:230,4
LF:230
LH:173
BRDA:3,0,0,2
BRDA:9,1,0,6
BRDA:13,2,0,0
BRDA:38,3,0,0
BRDA:39,4,0,4
BRDA:40,5,0,4
BRDA:45,6,0,0
BRDA:48,7,0,2
BRDA:50,8,0,0
BRDA:60,9,0,6
BRDA:79,10,0,4
BRDA:85,11,0,2
BRDA:69,12,0,2
BRDA:70,13,0,0
BRDA:87,14,0,6
BRDA:89,15,0,2
BRDA:98,16,0,6
BRDA:123,17,0,4
BRDA:125,18,0,1
BRDA:127,19,0,0
BRDA:133,20,0,0
BRDA:136,21,0,0
BRDA:143,22,0,2
BRDA:146,23,0,0
BRDA:152,24,0,0
BRDA:154,25,0,0
BRDA:100,26,0,6
BRDA:106,27,0,4
BRDA:100,28,0,6
BRDA:164,29,0,2
BRDA:165,30,0,0
BRDA:166,31,0,0
BRDA:169,32,0,4
BRDA:170,33,0,0
BRDA:171,34,0,3
BRDA:229,35,0,0
BRDA:175,36,0,4
BRDA:178,37,0,1
BRDA:178,38,0,1
BRDA:191,39,0,3
BRDA:193,40,0,0
BRDA:193,41,0,0
BRDA:180,42,0,1
BRDA:181,43,0,0
BRDA:184,44,0,0
BRF:45
BRH:26
end_of_record
TN:
SF:src/core/loaders/graphscript-operator-loader/index.ts
FN:4,checkIfSubscribed
FN:12,ondelete
FN:21,default
FN:34,get
FN:35,set
FN:40,value
FNF:6
FNH:5
FNDA:5,checkIfSubscribed
FNDA:0,ondelete
FNDA:6,default
FNDA:25,get
FNDA:5,set
FNDA:2,value
DA:1,1
DA:2,1
DA:3,1
DA:4,1
DA:5,5
DA:6,5
DA:7,5
DA:8,5
DA:9,5
DA:10,5
DA:11,0
DA:12,0
DA:13,0
DA:14,0
DA:15,0
DA:16,0
DA:17,0
DA:18,5
DA:19,5
DA:20,1
DA:21,1
DA:22,6
DA:23,6
DA:24,6
DA:25,6
DA:26,6
DA:27,6
DA:28,6
DA:29,6
DA:30,6
DA:31,6
DA:32,6
DA:33,6
DA:34,6
DA:35,6
DA:36,5
DA:37,5
DA:38,5
DA:39,5
DA:40,5
DA:41,2
DA:42,2
DA:43,2
DA:44,2
DA:45,0
DA:46,2
DA:47,2
DA:48,2
DA:49,5
DA:50,5
DA:51,5
DA:52,5
DA:53,5
DA:54,5
DA:55,0
DA:56,0
DA:57,6
DA:58,6
DA:59,6
DA:60,6
DA:61,4
DA:62,4
DA:63,0
DA:64,0
DA:65,0
DA:66,0
DA:67,0
DA:68,0
DA:69,4
DA:70,4
DA:71,4
DA:72,4
DA:73,6
DA:74,6
DA:75,6
LF:75
LH:59
BRDA:4,0,0,5
BRDA:9,1,0,0
BRDA:10,2,0,1
BRDA:10,3,0,0
BRDA:21,4,0,6
BRDA:60,5,0,4
BRDA:62,6,0,0
BRDA:34,7,0,25
BRDA:35,8,0,5
BRDA:54,9,0,0
BRDA:40,10,0,2
BRDA:41,11,0,0
BRDA:44,12,0,1
BRDA:44,13,0,0
BRDA:46,14,0,1
BRF:15
BRH:9
end_of_record
TN:
SF:src/core/loaders/graphscript-parent-loader/index.ts
FN:3,default
FN:27,ondelete
FNF:2
FNH:1
FNDA:6,default
FNDA:0,ondelete
DA:1,1
DA:2,1
DA:3,1
DA:4,6
DA:5,6
DA:6,6
DA:7,6
DA:8,6
DA:9,6
DA:10,6
DA:11,6
DA:12,6
DA:13,6
DA:14,6
DA:15,6
DA:16,6
DA:17,6
DA:18,6
DA:19,6
DA:20,0
DA:21,0
DA:22,0
DA:23,0
DA:24,0
DA:25,0
DA:26,0
DA:27,0
DA:28,0
DA:29,0
DA:30,0
DA:31,0
DA:32,6
DA:33,6
DA:34,6
DA:35,6
LF:35
LH:23
BRDA:3,0,0,6
BRDA:8,1,0,1
BRDA:9,2,0,1
BRDA:19,3,0,5
BRDA:19,4,0,0
BRF:5
BRH:4
end_of_record
TN:
SF:src/core/loaders/graphscript-props-loader/index.ts
FN:4,proxyFunction
FN:8,default
FN:13,get
FN:15,set
FNF:4
FNH:2
FNDA:0,proxyFunction
FNDA:6,default
FNDA:3,get
FNDA:0,set
DA:1,1
DA:2,1
DA:3,1
DA:4,1
DA:5,0
DA:6,0
DA:7,0
DA:8,1
DA:9,6
DA:10,6
DA:11,6
DA:12,6
DA:13,6
DA:14,6
DA:15,6
DA:16,0
DA:17,0
DA:18,0
DA:19,0
DA:20,0
DA:21,0
DA:22,0
DA:23,0
DA:24,0
DA:25,0
DA:26,0
DA:27,0
DA:28,0
DA:29,0
DA:30,0
DA:31,0
DA:32,0
DA:33,0
DA:34,0
DA:35,0
DA:36,0
DA:37,0
DA:38,0
DA:39,0
DA:40,0
DA:41,0
DA:42,6
DA:43,6
DA:44,6
DA:45,0
DA:46,0
DA:47,0
DA:48,6
DA:49,6
DA:50,6
LF:50
LH:18
BRDA:8,0,0,6
BRDA:44,1,0,0
BRDA:13,2,0,3
BRF:3
BRH:2
end_of_record
TN:
SF:src/core/loaders/graphscript-root-loader/index.ts
FN:2,addOnConnected
FN:6,addOnDisconnected
FN:10,callConnected
FN:15,callDisconnected
FN:20,default
FNF:5
FNH:5
FNDA:8,addOnConnected
FNDA:7,addOnDisconnected
FNDA:6,callConnected
FNDA:1,callDisconnected
FNDA:6,default
DA:1,1
DA:2,8
DA:3,8
DA:4,8
DA:5,1
DA:6,7
DA:7,7
DA:8,7
DA:9,1
DA:10,6
DA:11,6
DA:12,6
DA:13,6
DA:14,1
DA:15,1
DA:16,1
DA:17,1
DA:18,1
DA:19,1
DA:20,1
DA:21,6
DA:22,6
DA:23,6
DA:24,0
DA:25,0
DA:26,6
DA:27,6
DA:28,6
DA:29,6
DA:30,6
DA:31,6
DA:32,6
DA:33,6
DA:34,6
DA:35,6
DA:36,6
DA:37,6
DA:38,6
DA:39,6
DA:40,6
DA:41,6
DA:42,6
DA:43,6
DA:44,6
DA:45,6
DA:46,6
DA:47,6
DA:48,6
DA:49,6
DA:50,6
DA:51,6
DA:52,6
DA:53,6
DA:54,6
DA:55,6
DA:56,6
DA:57,6
DA:58,6
DA:59,6
DA:60,6
DA:61,6
DA:62,0
DA:63,0
DA:64,0
DA:65,6
DA:66,6
DA:67,6
LF:67
LH:62
BRDA:2,0,0,8
BRDA:6,1,0,7
BRDA:10,2,0,6
BRDA:12,3,0,8
BRDA:15,4,0,1
BRDA:17,5,0,2
BRDA:20,6,0,6
BRDA:23,7,0,0
BRDA:27,8,0,0
BRDA:28,9,0,0
BRDA:50,10,0,0
BRDA:51,11,0,0
BRDA:58,12,0,0
BRDA:61,13,0,0
BRF:14
BRH:7
end_of_record
TN:
SF:src/core/parsers/function.ts
FN:6,isNativeClass
FN:11,isFunction
FN:25,default
FNF:3
FNH:2
FNDA:2,isNativeClass
FNDA:2,isFunction
FNDA:0,default
DA:1,1
DA:2,1
DA:3,1
DA:4,1
DA:5,1
DA:6,1
DA:7,2
DA:8,2
DA:9,1
DA:10,1
DA:11,1
DA:12,2
DA:13,2
DA:14,2
DA:15,1
DA:16,1
DA:17,2
DA:18,1
DA:19,1
DA:20,2
DA:21,2
DA:22,2
DA:23,2
DA:24,1
DA:25,1
DA:26,0
DA:27,0
DA:28,0
DA:29,0
DA:30,0
DA:31,0
DA:32,0
DA:33,0
DA:34,0
LF:34
LH:25
BRDA:6,0,0,2
BRDA:11,1,0,2
BRDA:14,2,0,1
BRDA:15,3,0,0
BRDA:17,4,0,1
BRDA:18,5,0,0
BRDA:20,6,0,0
BRF:7
BRH:4
end_of_record
TN:
SF:src/core/parsers/index.ts
FNF:0
FNH:0
DA:1,1
DA:2,1
DA:3,1
DA:4,1
DA:5,1
DA:6,1
DA:7,1
LF:7
LH:7
BRF:0
BRH:0
end_of_record
TN:
SF:src/core/parsers/string.ts
FN:1,default
FNF:1
FNH:0
FNDA:0,default
DA:1,1
DA:2,0
DA:3,0
DA:4,0
LF:4
LH:1
BRF:0
BRH:0
end_of_record
TN:
SF:src/loaders/index.ts
FN:8,backprop
FN:40,loop
FN:46,node.__operator
FN:54,node.__operator
FN:63,node.__operator
FN:92,node.__operator
FN:100,onstart
FN:102,ondelete
FN:125,animate
FN:130,node.__operator
FN:141,onstart
FN:151,ondelete
FN:171,branching
FN:175,node.__operator
FN:203,node.__listeners.callback
FN:231,triggerListenerOncreate
FN:248,bindListener
FN:266,transformListenerResult
FN:273,node.__listeners.callback
FN:284,substitute__operator
FNF:20
FNH:11
FNDA:6,backprop
FNDA:6,loop
FNDA:0,node.__operator
FNDA:0,node.__operator
FNDA:0,node.__operator
FNDA:1,node.__operator
FNDA:1,onstart
FNDA:1,ondelete
FNDA:6,animate
FNDA:0,node.__operator
FNDA:0,onstart
FNDA:0,ondelete
FNDA:6,branching
FNDA:0,node.__operator
FNDA:0,node.__listeners.callback
FNDA:6,triggerListenerOncreate
FNDA:6,bindListener
FNDA:6,transformListenerResult
FNDA:0,node.__listeners.callback
FNDA:6,substitute__operator
DA:1,1
DA:2,1
DA:3,1
DA:4,1
DA:5,1
DA:6,1
DA:7,1
DA:8,1
DA:9,6
DA:10,6
DA:11,6
DA:12,6
DA:13,6
DA:14,0
DA:15,0
DA:16,0
DA:17,0
DA:18,0
DA:19,0
DA:20,0
DA:21,6
DA:22,6
DA:23,6
DA:24,1
DA:25,1
DA:26,1
DA:27,1
DA:28,1
DA:29,1
DA:30,1
DA:31,1
DA:32,1
DA:33,1
DA:34,1
DA:35,1
DA:36,1
DA:37,1
DA:38,1
DA:39,1
DA:40,1
DA:41,6
DA:42,6
DA:43,4
DA:44,4
DA:45,0
DA:46,0
DA:47,0
DA:48,0
DA:49,0
DA:50,0
DA:51,0
DA:52,4
DA:53,0
DA:54,0
DA:55,0
DA:56,0
DA:57,0
DA:58,0
DA:59,0
DA:60,4
DA:61,4
DA:62,0
DA:63,0
DA:64,0
DA:65,0
DA:66,0
DA:67,0
DA:68,0
DA:69,0
DA:70,0
DA:71,0
DA:72,0
DA:73,0
DA:74,0
DA:75,0
DA:76,0
DA:77,0
DA:78,0
DA:79,0
DA:80,0
DA:81,0
DA:82,0
DA:83,0
DA:84,0
DA:85,4
DA:86,4
DA:87,1
DA:88,1
DA:89,1
DA:90,1
DA:91,1
DA:92,1
DA:93,1
DA:94,1
DA:95,1
DA:96,1
DA:97,1
DA:98,1
DA:99,1
DA:100,1
DA:101,1
DA:102,1
DA:103,1
DA:104,1
DA:105,1
DA:106,1
DA:107,1
DA:108,1
DA:109,1
DA:110,1
DA:111,1
DA:112,4
DA:113,6
DA:114,6
DA:115,1
DA:116,1
DA:117,1
DA:118,1
DA:119,1
DA:120,1
DA:121,1
DA:122,1
DA:123,1
DA:124,1
DA:125,1
DA:126,6
DA:127,0
DA:128,0
DA:129,0
DA:130,0
DA:131,0
DA:132,0
DA:133,0
DA:134,0
DA:135,0
DA:136,0
DA:137,0
DA:138,0
DA:139,0
DA:140,0
DA:141,0
DA:142,0
DA:143,0
DA:144,0
DA:145,0
DA:146,0
DA:147,0
DA:148,0
DA:149,0
DA:150,0
DA:151,0
DA:152,0
DA:153,0
DA:154,0
DA:155,0
DA:156,0
DA:157,6
DA:158,1
DA:159,1
DA:160,1
DA:161,1
DA:162,1
DA:163,1
DA:164,1
DA:165,1
DA:166,1
DA:167,1
DA:168,1
DA:169,1
DA:170,1
DA:171,1
DA:172,6
DA:173,0
DA:174,0
DA:175,0
DA:176,0
DA:177,0
DA:178,0
DA:179,0
DA:180,0
DA:181,0
DA:182,0
DA:183,0
DA:184,0
DA:185,0
DA:186,0
DA:187,0
DA:188,0
DA:189,0
DA:190,0
DA:191,0
DA:192,0
DA:193,0
DA:194,0
DA:195,0
DA:196,6
DA:197,6
DA:198,6
DA:199,0
DA:200,0
DA:201,0
DA:202,0
DA:203,0
DA:204,0
DA:205,0
DA:206,0
DA:207,0
DA:208,0
DA:209,0
DA:210,0
DA:211,0
DA:212,0
DA:213,0
DA:214,0
DA:215,0
DA:216,0
DA:217,0
DA:218,0
DA:219,0
DA:220,0
DA:221,0
DA:222,6
DA:223,6
DA:224,6
DA:225,1
DA:226,1
DA:227,1
DA:228,1
DA:229,1
DA:230,1
DA:231,1
DA:232,6
DA:233,6
DA:234,6
DA:235,0
DA:236,0
DA:237,0
DA:238,0
DA:239,6
DA:240,6
DA:241,6
DA:242,1
DA:243,1
DA:244,1
DA:245,1
DA:246,1
DA:247,1
DA:248,1
DA:249,6
DA:250,6
DA:251,6
DA:252,0
DA:253,0
DA:254,0
DA:255,0
DA:256,6
DA:257,6
DA:258,6
DA:259,1
DA:260,1
DA:261,1
DA:262,1
DA:263,1
DA:264,1
DA:265,1
DA:266,1
DA:267,6
DA:268,6
DA:269,6
DA:270,0
DA:271,0
DA:272,0
DA:273,0
DA:274,0
DA:275,0
DA:276,0
DA:277,0
DA:278,0
DA:279,6
DA:280,6
DA:281,6
DA:282,1
DA:283,1
DA:284,1
DA:285,6
DA:286,6
DA:287,6
DA:288,0
DA:289,6
DA:290,0
DA:291,6
DA:292,4
DA:293,6
DA:294,0
DA:295,0
DA:296,0
DA:297,0
DA:298,0
DA:299,0
DA:300,0
DA:301,0
DA:302,0
DA:303,0
DA:304,6
DA:305,6
DA:306,1
DA:307,1
DA:308,1
DA:309,1
DA:310,1
DA:311,1
DA:312,1
DA:313,1
DA:314,1
DA:315,1
DA:316,1
DA:317,1
LF:317
LH:168
BRDA:8,0,0,6
BRDA:11,1,0,0
BRDA:13,2,0,0
BRDA:13,3,0,0
BRDA:40,4,0,6
BRDA:42,5,0,4
BRDA:42,6,0,4
BRDA:44,7,0,0
BRDA:52,8,0,0
BRDA:61,9,0,0
BRDA:86,10,0,1
BRDA:86,11,0,1
BRDA:92,12,0,1
BRDA:93,13,0,0
BRDA:100,14,0,1
BRDA:102,15,0,1
BRDA:106,16,0,1
BRDA:125,17,0,6
BRDA:126,18,0,0
BRDA:171,19,0,6
BRDA:172,20,0,0
BRDA:172,21,0,0
BRDA:172,22,0,0
BRDA:198,23,0,0
BRDA:231,24,0,6
BRDA:234,25,0,0
BRDA:248,26,0,6
BRDA:251,27,0,0
BRDA:266,28,0,6
BRDA:269,29,0,0
BRDA:284,30,0,6
BRDA:287,31,0,0
BRDA:287,32,0,0
BRDA:289,33,0,2
BRDA:289,34,0,0
BRDA:291,35,0,4
BRDA:293,36,0,0
BRDA:304,37,0,3
BRDA:304,38,0,1
BRF:39
BRH:20
end_of_record
TN:
SF:src/loaders/html/html.loader.ts
FN:23,htmlloader
FNF:1
FNH:0
FNDA:0,htmlloader
DA:1,1
DA:2,1
DA:3,1
DA:4,1
DA:5,1
DA:6,1
DA:7,1
DA:8,1
DA:9,1
DA:10,1
DA:11,1
DA:12,1
DA:13,1
DA:14,1
DA:15,1
DA:16,1
DA:17,1
DA:18,1
DA:19,1
DA:20,1
DA:21,1
DA:22,1
DA:23,1
DA:24,0
DA:25,0
DA:26,0
DA:27,0
DA:28,0
DA:29,0
DA:30,0
DA:31,0
DA:32,0
DA:33,0
DA:34,0
DA:35,0
DA:36,0
DA:37,0
DA:38,0
DA:39,0
DA:40,0
DA:41,0
DA:42,0
DA:43,0
DA:44,0
DA:45,0
DA:46,0
DA:47,0
DA:48,0
DA:49,0
DA:50,0
DA:51,0
DA:52,0
DA:53,0
DA:54,0
DA:55,0
DA:56,0
DA:57,0
DA:58,0
DA:59,0
DA:60,0
DA:61,0
DA:62,0
DA:63,0
DA:64,0
DA:65,0
DA:66,0
DA:67,0
DA:68,0
DA:69,0
DA:70,0
DA:71,0
DA:72,0
DA:73,0
DA:74,0
DA:75,0
DA:76,0
DA:77,0
DA:78,0
DA:79,0
DA:80,0
DA:81,0
DA:82,0
DA:83,0
DA:84,0
DA:85,0
DA:86,0
DA:87,0
DA:88,0
DA:89,0
DA:90,0
DA:91,0
DA:92,0
DA:93,0
DA:94,0
DA:95,0
DA:96,0
DA:97,0
DA:98,0
DA:99,0
DA:100,0
DA:101,0
DA:102,0
DA:103,0
DA:104,0
DA:105,0
DA:106,0
DA:107,0
DA:108,0
DA:109,0
DA:110,0
DA:111,0
DA:112,0
DA:113,0
DA:114,0
DA:115,0
DA:116,0
DA:117,0
DA:118,0
DA:119,0
DA:120,0
DA:121,1
DA:122,1
LF:122
LH:25
BRF:0
BRH:0
end_of_record
TN:
SF:tests/utils/index.ts
FN:39,add
FN:46,addCommand
FN:56,addHeader
FN:93,get iterations
FN:97,set iterations
FN:109,OperationsManager
FN:128,OperationsManager.start
FN:139,OperationsManager.stop
FN:160,OperationsManager.runAll
FN:168,OperationsManager.run
FN:186,OperationsManager.next
FN:118,set
FN:146,setStart
FN:151,setStop
FN:155,setOperations
FNF:15
FNH:9
FNDA:3,add
FNDA:0,addCommand
FNDA:1,addHeader
FNDA:0,get iterations
FNDA:0,set iterations
FNDA:1,OperationsManager
FNDA:1,OperationsManager.start
FNDA:1,OperationsManager.stop
FNDA:0,OperationsManager.runAll
FNDA:0,OperationsManager.run
FNDA:0,OperationsManager.next
FNDA:1,set
FNDA:1,setStart
FNDA:1,setStop
FNDA:1,setOperations
DA:1,1
DA:2,1
DA:3,1
DA:4,1
DA:5,1
DA:6,1
DA:7,1
DA:8,1
DA:9,1
DA:10,0
DA:11,0
DA:12,0
DA:13,0
DA:14,0
DA:15,0
DA:16,0
DA:17,0
DA:18,0
DA:19,0
DA:20,0
DA:21,0
DA:22,0
DA:23,0
DA:24,0
DA:25,0
DA:26,0
DA:27,0
DA:28,0
DA:29,0
DA:30,0
DA:31,0
DA:32,0
DA:33,0
DA:34,0
DA:35,1
DA:36,1
DA:37,1
DA:38,1
DA:39,1
DA:40,3
DA:41,0
DA:42,0
DA:43,0
DA:44,3
DA:45,1
DA:46,1
DA:47,0
DA:48,0
DA:49,0
DA:50,0
DA:51,0
DA:52,0
DA:53,0
DA:54,0
DA:55,1
DA:56,1
DA:57,1
DA:58,1
DA:59,0
DA:60,0
DA:61,0
DA:62,0
DA:63,1
DA:64,1
DA:65,1
DA:66,1
DA:67,1
DA:68,1
DA:69,1
DA:70,1
DA:71,1
DA:72,1
DA:73,1
DA:74,1
DA:75,1
DA:76,1
DA:77,1
DA:78,1
DA:79,1
DA:80,1
DA:81,1
DA:82,1
DA:83,1
DA:84,1
DA:85,1
DA:86,1
DA:87,1
DA:88,1
DA:89,1
DA:90,1
DA:91,1
DA:92,1
DA:93,1
DA:94,0
DA:95,0
DA:96,1
DA:97,1
DA:98,0
DA:99,0
DA:100,0
DA:101,0
DA:102,1
DA:103,1
DA:104,1
DA:105,1
DA:106,1
DA:107,1
DA:108,1
DA:109,1
DA:110,1
DA:111,1
DA:112,1
DA:113,1
DA:114,1
DA:115,1
DA:116,1
DA:117,1
DA:118,1
DA:119,1
DA:120,1
DA:121,1
DA:122,1
DA:123,1
DA:124,1
DA:125,1
DA:126,1
DA:127,1
DA:128,1
DA:129,1
DA:130,1
DA:131,1
DA:132,1
DA:133,1
DA:134,1
DA:135,1
DA:136,1
DA:137,1
DA:138,1
DA:139,1
DA:140,1
DA:141,1
DA:142,1
DA:143,1
DA:144,1
DA:145,1
DA:146,1
DA:147,1
DA:148,1
DA:149,1
DA:150,1
DA:151,1
DA:152,1
DA:153,1
DA:154,1
DA:155,1
DA:156,1
DA:157,1
DA:158,1
DA:159,1
DA:160,1
DA:161,0
DA:162,0
DA:163,0
DA:164,0
DA:165,0
DA:166,0
DA:167,1
DA:168,1
DA:169,0
DA:170,0
DA:171,0
DA:172,0
DA:173,0
DA:174,0
DA:175,0
DA:176,0
DA:177,0
DA:178,0
DA:179,0
DA:180,0
DA:181,0
DA:182,0
DA:183,0
DA:184,0
DA:185,1
DA:186,1
DA:187,0
DA:188,0
DA:189,0
DA:190,0
DA:191,1
LF:191
LH:119
BRDA:9,0,0,0
BRDA:38,1,0,0
BRDA:39,2,0,3
BRDA:40,3,0,0
BRDA:44,4,0,0
BRDA:56,5,0,1
BRDA:57,6,0,0
BRDA:58,7,0,0
BRDA:109,8,0,1
BRDA:128,9,0,1
BRDA:129,10,0,0
BRDA:139,11,0,1
BRDA:118,12,0,1
BRDA:119,13,0,0
BRDA:146,14,0,1
BRDA:151,15,0,1
BRDA:155,16,0,1
BRF:17
BRH:9
end_of_record
