TN:
SF:examples/graph/list.js
FN:40,add
FN:47,addCommand
FN:57,addHeader
FNF:3
FNH:0
FNDA:0,add
FNDA:0,addCommand
FNDA:0,addHeader
DA:1,1
DA:2,1
DA:3,1
DA:4,1
DA:5,1
DA:6,1
DA:7,1
DA:8,1
DA:9,1
DA:10,1
DA:11,0
DA:12,0
DA:13,0
DA:14,0
DA:15,0
DA:16,0
DA:17,0
DA:18,0
DA:19,0
DA:20,0
DA:21,0
DA:22,0
DA:23,0
DA:24,0
DA:25,0
DA:26,0
DA:27,0
DA:28,0
DA:29,0
DA:30,0
DA:31,0
DA:32,0
DA:33,0
DA:34,0
DA:35,0
DA:36,1
DA:37,1
DA:38,1
DA:39,1
DA:40,1
DA:41,0
DA:42,0
DA:43,0
DA:44,0
DA:45,0
DA:46,1
DA:47,1
DA:48,0
DA:49,0
DA:50,0
DA:51,0
DA:52,0
DA:53,0
DA:54,0
DA:55,0
DA:56,1
DA:57,1
DA:58,0
DA:59,0
DA:60,0
DA:61,0
DA:62,0
DA:63,0
DA:64,1
DA:65,1
DA:66,1
DA:67,1
LF:67
LH:23
BRDA:2,0,0,1
BRDA:10,1,0,0
BRDA:39,2,0,0
BRF:3
BRH:1
end_of_record
TN:
SF:examples/graph/tree.js
FN:9,<instance_members_initializer>
FN:9,__operator
FN:25,__operator
FN:32,nodeA.x
FN:36,nodeA.jump
FN:46,nodeD
FN:50,__operator
FN:72,__onconnected
FN:78,__ondisconnected
FNF:9
FNH:1
FNDA:1,<instance_members_initializer>
FNDA:0,__operator
FNDA:0,__operator
FNDA:0,nodeA.x
FNDA:0,nodeA.jump
FNDA:0,nodeD
FNDA:0,__operator
FNDA:0,__onconnected
FNDA:0,__ondisconnected
DA:1,1
DA:2,1
DA:3,1
DA:4,1
DA:5,1
DA:6,1
DA:7,1
DA:8,1
DA:9,1
DA:10,0
DA:11,0
DA:12,0
DA:13,1
DA:14,1
DA:15,1
DA:16,1
DA:17,1
DA:18,1
DA:19,1
DA:20,1
DA:21,1
DA:22,1
DA:23,1
DA:24,1
DA:25,1
DA:26,0
DA:27,0
DA:28,0
DA:29,0
DA:30,1
DA:31,1
DA:32,1
DA:33,0
DA:34,0
DA:35,1
DA:36,1
DA:37,0
DA:38,0
DA:39,0
DA:40,1
DA:41,1
DA:42,1
DA:43,1
DA:44,1
DA:45,1
DA:46,1
DA:47,1
DA:48,1
DA:49,1
DA:50,1
DA:51,0
DA:52,0
DA:53,0
DA:54,0
DA:55,0
DA:56,0
DA:57,1
DA:58,1
DA:59,1
DA:60,1
DA:61,1
DA:62,1
DA:63,1
DA:64,1
DA:65,1
DA:66,1
DA:67,1
DA:68,1
DA:69,1
DA:70,0
DA:71,0
DA:72,0
DA:73,0
DA:74,0
DA:75,0
DA:76,0
DA:77,0
DA:78,0
DA:79,0
DA:80,0
DA:81,0
DA:82,0
DA:83,0
DA:84,1
DA:85,1
LF:85
LH:53
BRDA:1,0,0,1
BRDA:69,1,0,0
BRDA:9,2,0,1
BRF:3
BRH:2
end_of_record
TN:
SF:examples/graph/nodes/nodeA.js
FN:7,jump
FN:15,nodeB.nodeC
FN:20,nodeB.nodeC.z
FNF:3
FNH:0
FNDA:0,jump
FNDA:0,nodeB.nodeC
FNDA:0,nodeB.nodeC.z
DA:1,1
DA:2,1
DA:3,1
DA:4,1
DA:5,1
DA:6,1
DA:7,1
DA:8,0
DA:9,0
DA:10,0
DA:11,0
DA:12,1
DA:13,1
DA:14,1
DA:15,1
DA:16,0
DA:17,0
DA:18,0
DA:19,1
DA:20,1
DA:21,0
DA:22,0
DA:23,0
DA:24,1
DA:25,1
DA:26,1
LF:26
LH:16
BRDA:1,0,0,1
BRF:1
BRH:1
end_of_record
TN:
SF:src/core/EventHandler.ts
FN:10,EventHandler
FN:12,EventHandler.setState
FN:19,EventHandler.setValue
FN:23,EventHandler.triggerEvent
FN:26,EventHandler.subscribeEvent
FN:32,get
FN:35,set
FN:54,EventHandler.unsubscribeEvent
FN:81,EventHandler.subscribeEventOnce
FN:90,EventHandler.getEvent
FN:95,EventHandler.getSnapshot
FNF:11
FNH:3
FNDA:1,EventHandler
FNDA:0,EventHandler.setState
FNDA:0,EventHandler.setValue
FNDA:0,EventHandler.triggerEvent
FNDA:5,EventHandler.subscribeEvent
FNDA:0,get
FNDA:0,set
FNDA:0,EventHandler.unsubscribeEvent
FNDA:0,EventHandler.subscribeEventOnce
FNDA:5,EventHandler.getEvent
FNDA:0,EventHandler.getSnapshot
DA:1,1
DA:2,1
DA:3,1
DA:4,1
DA:5,1
DA:6,1
DA:7,1
DA:8,1
DA:9,1
DA:10,1
DA:11,1
DA:12,1
DA:13,0
DA:14,0
DA:15,0
DA:16,0
DA:17,0
DA:18,0
DA:19,1
DA:20,0
DA:21,0
DA:22,0
DA:23,1
DA:24,0
DA:25,0
DA:26,1
DA:27,5
DA:28,5
DA:29,5
DA:30,4
DA:31,4
DA:32,4
DA:33,0
DA:34,4
DA:35,4
DA:36,0
DA:37,4
DA:38,4
DA:39,4
DA:40,4
DA:41,4
DA:42,5
DA:43,5
DA:44,5
DA:45,5
DA:46,5
DA:47,5
DA:48,5
DA:49,5
DA:50,5
DA:51,5
DA:52,5
DA:53,5
DA:54,1
DA:55,0
DA:56,0
DA:57,0
DA:58,0
DA:59,0
DA:60,0
DA:61,0
DA:62,0
DA:63,0
DA:64,0
DA:65,0
DA:66,0
DA:67,0
DA:68,0
DA:69,0
DA:70,0
DA:71,0
DA:72,0
DA:73,0
DA:74,0
DA:75,0
DA:76,0
DA:77,0
DA:78,0
DA:79,0
DA:80,0
DA:81,1
DA:82,0
DA:83,0
DA:84,0
DA:85,0
DA:86,0
DA:87,0
DA:88,0
DA:89,0
DA:90,1
DA:91,5
DA:92,5
DA:93,5
DA:94,0
DA:95,1
DA:96,0
DA:97,0
DA:98,0
DA:99,0
DA:100,0
DA:101,1
DA:102,1
LF:102
LH:49
BRDA:10,0,0,1
BRDA:10,1,0,0
BRDA:26,2,0,5
BRDA:29,3,0,4
BRDA:29,4,0,4
BRDA:52,5,0,0
BRDA:90,6,0,5
BRDA:94,7,0,0
BRF:8
BRH:5
end_of_record
TN:
SF:src/core/Graph.ts
FN:78,GraphNode
FN:186,GraphNode.__subscribe
FN:188,subscribeToFunction
FN:188,setTarget
FN:201,subscribeToGraph
FN:254,GraphNode.__unsubscribe
FN:259,GraphNode.__setOperator
FN:262,__operator
FN:276,ondelete
FN:285,GraphNode.__addLocalState
FN:291,initState
FN:296,props.<computed>
FN:310,get
FN:311,set
FN:318,get
FN:319,set
FN:349,GraphNode.__proxyObject
FN:153,ondelete
FN:167,GraphNode.default
FN:373,__addOnconnected
FN:379,__addOndisconnected
FN:385,__callConnected
FN:390,__callDisconnected
FN:420,Graph
FN:426,Graph.init
FN:433,Graph.load
FN:465,Graph.setLoaders
FN:472,Graph.runLoaders
FN:481,Graph.add
FN:531,Graph.recursiveSet
FN:566,ondelete
FN:588,Graph.remove
FN:641,Graph.run
FN:654,Graph.setListeners
FN:711,Graph.clearListeners
FN:744,Graph.get
FN:745,Graph.set
FN:746,Graph.delete
FN:748,Graph.getProps
FN:767,Graph.subscribe
FN:791,ondelete
FN:800,ondelete
FN:820,Graph.unsubscribe
FN:827,Graph.setState
FN:834,recursivelyAssign
FN:850,getAllProperties
FN:862,instanceObject
FN:873,isNativeClass
FNF:48
FNH:20
FNDA:5,GraphNode
FNDA:5,GraphNode.__subscribe
FNDA:5,subscribeToFunction
FNDA:5,setTarget
FNDA:0,subscribeToGraph
FNDA:0,GraphNode.__unsubscribe
FNDA:3,GraphNode.__setOperator
FNDA:0,__operator
FNDA:0,ondelete
FNDA:4,GraphNode.__addLocalState
FNDA:4,initState
FNDA:0,props.<computed>
FNDA:0,get
FNDA:0,set
FNDA:0,get
FNDA:0,set
FNDA:0,GraphNode.__proxyObject
FNDA:0,ondelete
FNDA:0,GraphNode.default
FNDA:0,__addOnconnected
FNDA:5,__addOndisconnected
FNDA:5,__callConnected
FNDA:0,__callDisconnected
FNDA:1,Graph
FNDA:1,Graph.init
FNDA:1,Graph.load
FNDA:0,Graph.setLoaders
FNDA:5,Graph.runLoaders
FNDA:0,Graph.add
FNDA:2,Graph.recursiveSet
FNDA:0,ondelete
FNDA:0,Graph.remove
FNDA:0,Graph.run
FNDA:1,Graph.setListeners
FNDA:0,Graph.clearListeners
FNDA:24,Graph.get
FNDA:5,Graph.set
FNDA:0,Graph.delete
FNDA:0,Graph.getProps
FNDA:5,Graph.subscribe
FNDA:0,ondelete
FNDA:0,ondelete
FNDA:0,Graph.unsubscribe
FNDA:0,Graph.setState
FNDA:8,recursivelyAssign
FNDA:0,getAllProperties
FNDA:0,instanceObject
FNDA:2,isNativeClass
DA:1,1
DA:2,1
DA:3,1
DA:4,1
DA:5,1
DA:6,1
DA:7,1
DA:8,1
DA:9,1
DA:10,1
DA:11,1
DA:12,1
DA:13,1
DA:14,1
DA:15,1
DA:16,1
DA:17,1
DA:18,1
DA:19,1
DA:20,1
DA:21,1
DA:22,1
DA:23,1
DA:24,1
DA:25,1
DA:26,1
DA:27,1
DA:28,1
DA:29,1
DA:30,1
DA:31,1
DA:32,1
DA:33,1
DA:34,1
DA:35,1
DA:36,1
DA:37,1
DA:38,1
DA:39,1
DA:40,1
DA:41,1
DA:42,1
DA:43,1
DA:44,1
DA:45,1
DA:46,1
DA:47,1
DA:48,1
DA:49,1
DA:50,1
DA:51,1
DA:52,1
DA:53,1
DA:54,1
DA:55,1
DA:56,1
DA:57,1
DA:58,1
DA:59,1
DA:60,1
DA:61,1
DA:62,1
DA:63,1
DA:64,1
DA:65,1
DA:66,1
DA:67,1
DA:68,1
DA:69,1
DA:70,1
DA:71,1
DA:72,1
DA:73,1
DA:74,1
DA:75,1
DA:76,1
DA:77,1
DA:78,1
DA:79,5
DA:80,5
DA:81,5
DA:82,0
DA:83,0
DA:84,0
DA:85,0
DA:86,0
DA:87,0
DA:88,0
DA:89,0
DA:90,0
DA:91,0
DA:92,5
DA:93,0
DA:94,0
DA:95,0
DA:96,0
DA:97,5
DA:98,5
DA:99,5
DA:100,5
DA:101,5
DA:102,0
DA:103,0
DA:104,0
DA:105,0
DA:106,0
DA:107,5
DA:108,5
DA:109,0
DA:110,0
DA:111,0
DA:112,0
DA:113,5
DA:114,5
DA:115,5
DA:116,5
DA:117,5
DA:118,5
DA:119,5
DA:120,3
DA:121,0
DA:122,0
DA:123,0
DA:124,0
DA:125,0
DA:126,0
DA:127,0
DA:128,3
DA:129,3
DA:130,3
DA:131,3
DA:132,5
DA:133,5
DA:134,0
DA:135,0
DA:136,0
DA:137,0
DA:138,0
DA:139,5
DA:140,5
DA:141,5
DA:142,5
DA:143,5
DA:144,5
DA:145,5
DA:146,0
DA:147,0
DA:148,0
DA:149,0
DA:150,0
DA:151,0
DA:152,0
DA:153,0
DA:154,0
DA:155,0
DA:156,0
DA:157,0
DA:158,5
DA:159,5
DA:160,5
DA:161,5
DA:162,5
DA:163,5
DA:164,5
DA:165,5
DA:166,0
DA:167,0
DA:168,0
DA:169,0
DA:170,0
DA:171,0
DA:172,0
DA:173,0
DA:174,0
DA:175,0
DA:176,0
DA:177,0
DA:178,5
DA:179,5
DA:180,5
DA:181,5
DA:182,5
DA:183,5
DA:184,1
DA:185,1
DA:186,1
DA:187,5
DA:188,5
DA:189,5
DA:190,5
DA:191,5
DA:192,5
DA:193,5
DA:194,5
DA:195,5
DA:196,5
DA:197,5
DA:198,5
DA:199,5
DA:200,5
DA:201,5
DA:202,0
DA:203,0
DA:204,0
DA:205,0
DA:206,0
DA:207,0
DA:208,0
DA:209,0
DA:210,5
DA:211,5
DA:212,4
DA:213,4
DA:214,4
DA:215,4
DA:216,4
DA:217,4
DA:218,0
DA:219,0
DA:220,0
DA:221,4
DA:222,4
DA:223,4
DA:224,4
DA:225,4
DA:226,0
DA:227,0
DA:228,0
DA:229,0
DA:230,4
DA:231,4
DA:232,4
DA:233,1
DA:234,1
DA:235,1
DA:236,1
DA:237,0
DA:238,0
DA:239,0
DA:240,1
DA:241,1
DA:242,1
DA:243,1
DA:244,0
DA:245,0
DA:246,0
DA:247,0
DA:248,1
DA:249,1
DA:250,1
DA:251,5
DA:252,1
DA:253,1
DA:254,1
DA:255,0
DA:256,0
DA:257,0
DA:258,1
DA:259,1
DA:260,3
DA:261,3
DA:262,3
DA:263,0
DA:264,0
DA:265,0
DA:266,0
DA:267,0
DA:268,0
DA:269,0
DA:270,0
DA:271,3
DA:272,3
DA:273,3
DA:274,3
DA:275,0
DA:276,0
DA:277,0
DA:278,0
DA:279,0
DA:280,3
DA:281,3
DA:282,3
DA:283,3
DA:284,1
DA:285,1
DA:286,4
DA:287,4
DA:288,3
DA:289,3
DA:290,4
DA:291,4
DA:292,4
DA:293,4
DA:294,4
DA:295,1
DA:296,1
DA:297,0
DA:298,0
DA:299,0
DA:300,0
DA:301,0
DA:302,0
DA:303,0
DA:304,0
DA:305,0
DA:306,0
DA:307,4
DA:308,3
DA:309,3
DA:310,0
DA:311,0
DA:312,0
DA:313,0
DA:314,0
DA:315,0
DA:316,3
DA:317,3
DA:318,3
DA:319,3
DA:320,0
DA:321,0
DA:322,0
DA:323,3
DA:324,3
DA:325,3
DA:326,3
DA:327,3
DA:328,3
DA:329,3
DA:330,3
DA:331,3
DA:332,3
DA:333,3
DA:334,3
DA:335,3
DA:336,3
DA:337,3
DA:338,3
DA:339,3
DA:340,3
DA:341,3
DA:342,4
DA:343,4
DA:344,4
DA:345,0
DA:346,4
DA:347,1
DA:348,1
DA:349,1
DA:350,0
DA:351,0
DA:352,0
DA:353,0
DA:354,0
DA:355,0
DA:356,0
DA:357,0
DA:358,0
DA:359,0
DA:360,0
DA:361,0
DA:362,0
DA:363,0
DA:364,0
DA:365,0
DA:366,0
DA:367,0
DA:368,0
DA:369,0
DA:370,0
DA:371,0
DA:372,1
DA:373,1
DA:374,0
DA:375,0
DA:376,0
DA:377,0
DA:378,1
DA:379,1
DA:380,5
DA:381,5
DA:382,3
DA:383,5
DA:384,1
DA:385,1
DA:386,5
DA:387,5
DA:388,5
DA:389,1
DA:390,1
DA:391,0
DA:392,0
DA:393,0
DA:394,1
DA:395,1
DA:396,1
DA:397,1
DA:398,1
DA:399,1
DA:400,1
DA:401,1
DA:402,1
DA:403,1
DA:404,1
DA:405,1
DA:406,1
DA:407,1
DA:408,1
DA:409,1
DA:410,1
DA:411,1
DA:412,1
DA:413,1
DA:414,1
DA:415,1
DA:416,1
DA:417,1
DA:418,1
DA:419,1
DA:420,1
DA:421,1
DA:422,1
DA:423,1
DA:424,1
DA:425,1
DA:426,1
DA:427,1
DA:428,1
DA:429,1
DA:430,1
DA:431,1
DA:432,1
DA:433,1
DA:434,1
DA:435,1
DA:436,1
DA:437,1
DA:438,1
DA:439,1
DA:440,1
DA:441,1
DA:442,1
DA:443,1
DA:444,0
DA:445,0
DA:446,0
DA:447,0
DA:448,0
DA:449,0
DA:450,0
DA:451,0
DA:452,0
DA:453,0
DA:454,1
DA:455,0
DA:456,0
DA:457,1
DA:458,1
DA:459,1
DA:460,1
DA:461,1
DA:462,1
DA:463,1
DA:464,1
DA:465,1
DA:466,0
DA:467,0
DA:468,0
DA:469,0
DA:470,0
DA:471,1
DA:472,1
DA:473,5
DA:474,0
DA:475,0
DA:476,0
DA:477,0
DA:478,0
DA:479,0
DA:480,1
DA:481,1
DA:482,0
DA:483,0
DA:484,0
DA:485,0
DA:486,0
DA:487,0
DA:488,0
DA:489,0
DA:490,0
DA:491,0
DA:492,0
DA:493,0
DA:494,0
DA:495,0
DA:496,0
DA:497,0
DA:498,0
DA:499,0
DA:500,0
DA:501,0
DA:502,0
DA:503,0
DA:504,0
DA:505,0
DA:506,0
DA:507,0
DA:508,0
DA:509,0
DA:510,0
DA:511,0
DA:512,0
DA:513,0
DA:514,0
DA:515,0
DA:516,0
DA:517,0
DA:518,0
DA:519,0
DA:520,0
DA:521,0
DA:522,0
DA:523,0
DA:524,0
DA:525,0
DA:526,0
DA:527,0
DA:528,0
DA:529,0
DA:530,1
DA:531,1
DA:532,2
DA:533,2
DA:534,5
DA:535,5
DA:536,5
DA:537,5
DA:538,5
DA:539,2
DA:540,1
DA:541,1
DA:542,1
DA:543,5
DA:544,0
DA:545,0
DA:546,3
DA:547,0
DA:548,0
DA:549,0
DA:550,5
DA:551,5
DA:552,5
DA:553,5
DA:554,5
DA:555,5
DA:556,5
DA:557,5
DA:558,5
DA:559,5
DA:560,5
DA:561,5
DA:562,0
DA:563,5
DA:564,5
DA:565,0
DA:566,0
DA:567,0
DA:568,5
DA:569,5
DA:570,5
DA:571,5
DA:572,5
DA:573,5
DA:574,2
DA:575,2
DA:576,5
DA:577,1
DA:578,1
DA:579,1
DA:580,5
DA:581,5
DA:582,5
DA:583,5
DA:584,5
DA:585,2
DA:586,2
DA:587,1
DA:588,1
DA:589,0
DA:590,0
DA:591,0
DA:592,0
DA:593,0
DA:594,0
DA:595,0
DA:596,0
DA:597,0
DA:598,0
DA:599,0
DA:600,0
DA:601,0
DA:602,0
DA:603,0
DA:604,0
DA:605,0
DA:606,0
DA:607,0
DA:608,0
DA:609,0
DA:610,0
DA:611,0
DA:612,0
DA:613,0
DA:614,0
DA:615,0
DA:616,0
DA:617,0
DA:618,0
DA:619,0
DA:620,0
DA:621,0
DA:622,0
DA:623,0
DA:624,0
DA:625,0
DA:626,0
DA:627,0
DA:628,0
DA:629,0
DA:630,0
DA:631,0
DA:632,0
DA:633,0
DA:634,0
DA:635,0
DA:636,0
DA:637,0
DA:638,0
DA:639,0
DA:640,1
DA:641,1
DA:642,0
DA:643,0
DA:644,0
DA:645,0
DA:646,0
DA:647,0
DA:648,0
DA:649,0
DA:650,0
DA:651,0
DA:652,0
DA:653,1
DA:654,1
DA:655,1
DA:656,1
DA:657,2
DA:658,2
DA:659,2
DA:660,6
DA:661,6
DA:662,6
DA:663,0
DA:664,0
DA:665,0
DA:666,0
DA:667,0
DA:668,0
DA:669,0
DA:670,0
DA:671,0
DA:672,0
DA:673,0
DA:674,0
DA:675,0
DA:676,0
DA:677,0
DA:678,0
DA:679,0
DA:680,0
DA:681,0
DA:682,0
DA:683,0
DA:684,0
DA:685,0
DA:686,0
DA:687,6
DA:688,6
DA:689,6
DA:690,6
DA:691,6
DA:692,5
DA:693,5
DA:694,5
DA:695,4
DA:696,4
DA:697,4
DA:698,4
DA:699,6
DA:700,1
DA:701,1
DA:702,1
DA:703,1
DA:704,6
DA:705,6
DA:706,6
DA:707,2
DA:708,2
DA:709,1
DA:710,1
DA:711,1
DA:712,0
DA:713,0
DA:714,0
DA:715,0
DA:716,0
DA:717,0
DA:718,0
DA:719,0
DA:720,0
DA:721,0
DA:722,0
DA:723,0
DA:724,0
DA:725,0
DA:726,0
DA:727,0
DA:728,0
DA:729,0
DA:730,0
DA:731,0
DA:732,0
DA:733,0
DA:734,0
DA:735,0
DA:736,0
DA:737,0
DA:738,0
DA:739,0
DA:740,0
DA:741,0
DA:742,0
DA:743,1
DA:744,1
DA:745,1
DA:746,1
DA:747,1
DA:748,1
DA:749,0
DA:750,0
DA:751,0
DA:752,0
DA:753,0
DA:754,0
DA:755,0
DA:756,0
DA:757,0
DA:758,0
DA:759,0
DA:760,0
DA:761,0
DA:762,0
DA:763,0
DA:764,0
DA:765,0
DA:766,1
DA:767,1
DA:768,5
DA:769,5
DA:770,5
DA:771,5
DA:772,5
DA:773,5
DA:774,5
DA:775,5
DA:776,5
DA:777,5
DA:778,5
DA:779,5
DA:780,5
DA:781,1
DA:782,1
DA:783,1
DA:784,1
DA:785,1
DA:786,1
DA:787,5
DA:788,5
DA:789,5
DA:790,5
DA:791,5
DA:792,0
DA:793,0
DA:794,5
DA:795,5
DA:796,5
DA:797,0
DA:798,0
DA:799,0
DA:800,0
DA:801,0
DA:802,0
DA:803,0
DA:804,0
DA:805,0
DA:806,0
DA:807,0
DA:808,0
DA:809,0
DA:810,0
DA:811,0
DA:812,0
DA:813,0
DA:814,0
DA:815,0
DA:816,0
DA:817,5
DA:818,5
DA:819,1
DA:820,1
DA:821,0
DA:822,0
DA:823,0
DA:824,0
DA:825,0
DA:826,1
DA:827,1
DA:828,0
DA:829,0
DA:830,1
DA:831,1
DA:832,1
DA:833,1
DA:834,8
DA:835,8
DA:836,22
DA:837,7
DA:838,7
DA:839,7
DA:840,22
DA:841,15
DA:842,15
DA:843,15
DA:844,22
DA:845,8
DA:846,8
DA:847,8
DA:848,1
DA:849,1
DA:850,1
DA:851,0
DA:852,0
DA:853,0
DA:854,0
DA:855,0
DA:856,0
DA:857,0
DA:858,0
DA:859,0
DA:860,0
DA:861,1
DA:862,1
DA:863,0
DA:864,0
DA:865,0
DA:866,0
DA:867,0
DA:868,0
DA:869,0
DA:870,0
DA:871,0
DA:872,1
DA:873,1
DA:874,2
DA:875,2
DA:876,1
DA:877,1
LF:877
LH:469
BRDA:78,0,0,5
BRDA:81,1,0,0
BRDA:92,2,0,0
BRDA:97,3,0,0
BRDA:100,4,0,0
BRDA:101,5,0,0
BRDA:108,6,0,0
BRDA:113,7,0,0
BRDA:119,8,0,3
BRDA:120,9,0,0
BRDA:133,10,0,0
BRDA:142,11,0,1
BRDA:143,12,0,1
BRDA:145,13,0,4
BRDA:145,14,0,0
BRDA:162,15,0,22
BRDA:165,16,0,0
BRDA:165,17,0,0
BRDA:179,18,0,0
BRDA:186,19,0,5
BRDA:211,20,0,4
BRDA:213,21,0,1
BRDA:217,22,0,0
BRDA:223,23,0,0
BRDA:226,24,0,0
BRDA:233,25,0,1
BRDA:236,26,0,0
BRDA:242,27,0,0
BRDA:244,28,0,0
BRDA:188,29,0,5
BRDA:194,30,0,4
BRDA:188,31,0,5
BRDA:259,32,0,3
BRDA:274,33,0,0
BRDA:274,34,0,0
BRDA:285,35,0,4
BRDA:286,36,0,0
BRDA:287,37,0,3
BRDA:345,38,0,0
BRDA:291,39,0,4
BRDA:294,40,0,1
BRDA:294,41,0,1
BRDA:307,42,0,3
BRDA:309,43,0,0
BRDA:309,44,0,0
BRDA:379,45,0,5
BRDA:380,46,0,0
BRDA:381,47,0,2
BRDA:382,48,0,3
BRDA:385,49,0,5
BRDA:386,50,0,0
BRDA:387,51,0,0
BRDA:420,52,0,1
BRDA:426,53,0,1
BRDA:433,54,0,1
BRDA:435,55,0,0
BRDA:438,56,0,0
BRDA:443,57,0,0
BRDA:454,58,0,0
BRDA:472,59,0,5
BRDA:473,60,0,0
BRDA:531,61,0,2
BRDA:533,62,0,5
BRDA:534,63,0,0
BRDA:536,64,0,0
BRDA:538,65,0,2
BRDA:539,66,0,1
BRDA:541,67,0,0
BRDA:543,68,0,3
BRDA:543,69,0,0
BRDA:546,70,0,0
BRDA:559,71,0,0
BRDA:559,72,0,0
BRDA:561,73,0,0
BRDA:564,74,0,0
BRDA:564,75,0,0
BRDA:564,76,0,0
BRDA:573,77,0,2
BRDA:576,78,0,1
BRDA:654,79,0,1
BRDA:656,80,0,2
BRDA:659,81,0,6
BRDA:663,82,0,0
BRDA:688,83,0,0
BRDA:689,84,0,4
BRDA:690,85,0,0
BRDA:691,86,0,5
BRDA:694,87,0,4
BRDA:696,88,0,0
BRDA:699,89,0,1
BRDA:701,90,0,0
BRDA:744,91,0,24
BRDA:745,92,0,5
BRDA:767,93,0,5
BRDA:776,94,0,0
BRDA:780,95,0,1
BRDA:785,96,0,0
BRDA:796,97,0,0
BRDA:834,98,0,8
BRDA:835,99,0,22
BRDA:836,100,0,7
BRDA:836,101,0,7
BRDA:837,102,0,0
BRDA:837,103,0,0
BRDA:838,104,0,0
BRDA:840,105,0,15
BRDA:873,106,0,2
BRDA:874,107,0,1
BRF:108
BRH:53
end_of_record
